2021-04-21 06:39:03,776:INFO:PyCaret Supervised Module
2021-04-21 06:39:03,776:INFO:ML Usecase: regression
2021-04-21 06:39:03,776:INFO:version 2.3.0
2021-04-21 06:39:03,776:INFO:Initializing setup()
2021-04-21 06:39:03,777:INFO:setup(target=pIC50, ml_usecase=regression, available_plots={'parameter': 'Hyperparameters', 'residuals': 'Residuals', 'error': 'Prediction Error', 'cooks': 'Cooks Distance', 'rfe': 'Feature Selection', 'learning': 'Learning Curve', 'manifold': 'Manifold Learning', 'vc': 'Validation Curve', 'feature': 'Feature Importance', 'feature_all': 'Feature Importance (All)', 'tree': 'Decision Tree', 'residuals_interactive': 'Interactive Residuals'}, train_size=0.8, test_data=None, preprocess=True, imputation_type=simple, iterative_imputation_iters=5, categorical_features=None, categorical_imputation=constant, categorical_iterative_imputer=lightgbm, ordinal_features=None, high_cardinality_features=None, high_cardinality_method=frequency, numeric_features=None, numeric_imputation=mean, numeric_iterative_imputer=lightgbm, date_features=None, ignore_features=None, normalize=False, normalize_method=zscore, transformation=False, transformation_method=yeo-johnson, handle_unknown_categorical=True, unknown_categorical_method=least_frequent, pca=False, pca_method=linear, pca_components=None, ignore_low_variance=False, combine_rare_levels=False, rare_level_threshold=0.1, bin_numeric_features=None, remove_outliers=False, outliers_threshold=0.05, remove_multicollinearity=False, multicollinearity_threshold=0.9, remove_perfect_collinearity=True, create_clusters=False, cluster_iter=20, polynomial_features=False, polynomial_degree=2, trigonometry_features=False, polynomial_threshold=0.1, group_features=None, group_names=None, feature_selection=False, feature_selection_threshold=0.8, feature_selection_method=classic, feature_interaction=False, feature_ratio=False, interaction_threshold=0.01, fix_imbalance=False, fix_imbalance_method=None, transform_target=False, transform_target_method=box-cox, data_split_shuffle=True, data_split_stratify=False, fold_strategy=kfold, fold=10, fold_shuffle=False, fold_groups=None, n_jobs=-1, use_gpu=False, custom_pipeline=None, html=True, session_id=None, log_experiment=False, experiment_name=None, log_plots=False, log_profile=False, log_data=False, silent=True, verbose=True, profile=False, profile_kwargs=None, display=None)
2021-04-21 06:39:03,777:INFO:Checking environment
2021-04-21 06:39:03,777:INFO:python_version: 3.9.2
2021-04-21 06:39:03,777:INFO:python_build: ('tags/v3.9.2:1a79785', 'Feb 19 2021 13:44:55')
2021-04-21 06:39:03,777:INFO:machine: AMD64
2021-04-21 06:39:03,778:INFO:platform: Windows-10-10.0.19041-SP0
2021-04-21 06:39:03,778:WARNING:cannot find psutil installation. memory not traceable. Install psutil using pip to enable memory logging.
2021-04-21 06:39:03,778:INFO:Checking libraries
2021-04-21 06:39:03,778:INFO:pd==1.2.4
2021-04-21 06:39:03,778:INFO:numpy==1.19.5
2021-04-21 06:39:03,778:INFO:sklearn==0.23.2
2021-04-21 06:39:03,778:INFO:lightgbm==3.2.1.99
2021-04-21 06:39:03,779:WARNING:catboost not found
2021-04-21 06:39:03,780:WARNING:xgboost not found
2021-04-21 06:39:04,159:INFO:mlflow==1.15.0
2021-04-21 06:39:04,159:INFO:Checking Exceptions
2021-04-21 06:39:04,160:INFO:Declaring global variables
2021-04-21 06:39:04,160:INFO:USI: bfab
2021-04-21 06:39:04,160:INFO:pycaret_globals: {'_all_metrics', 'fix_imbalance_method_param', 'y', 'y_train', 'seed', 'fold_generator', 'logging_param', 'imputation_classifier', 'exp_name_log', 'experiment__', 'iterative_imputation_iters_param', 'imputation_regressor', '_all_models', 'gpu_param', 'target_param', 'display_container', 'log_plots_param', 'X_train', '_all_models_internal', 'y_test', 'data_before_preprocess', 'transform_target_param', 'USI', 'n_jobs_param', 'html_param', '_ml_usecase', 'fold_param', 'fold_groups_param', 'X_test', 'transform_target_method_param', 'create_model_container', '_available_plots', 'X', 'fold_shuffle_param', 'pycaret_globals', '_internal_pipeline', 'prep_pipe', 'master_model_container', '_gpu_n_jobs_param', 'fix_imbalance_param', 'stratify_param'}
2021-04-21 06:39:04,160:INFO:Preparing display monitor
2021-04-21 06:39:04,160:INFO:Preparing display monitor
2021-04-21 06:39:04,173:INFO:Importing libraries
2021-04-21 06:39:04,174:INFO:Copying data for preprocessing
2021-04-21 06:39:04,185:INFO:Declaring preprocessing parameters
2021-04-21 06:39:04,188:INFO:Creating preprocessing pipeline
2021-04-21 06:39:04,233:INFO:Preprocessing pipeline created successfully
2021-04-21 06:39:04,233:ERROR:(Process Exit): setup has been interupted with user command 'quit'. setup must rerun.
2021-04-21 06:39:04,233:INFO:Creating global containers
2021-04-21 06:39:04,235:INFO:Internal pipeline: Pipeline(memory=None, steps=[('empty_step', 'passthrough')], verbose=False)
2021-04-21 06:39:05,430:WARNING:Couldn't import xgboost.XGBRegressor
2021-04-21 06:39:05,430:WARNING:Couldn't import catboost.CatBoostRegressor
2021-04-21 06:39:05,542:WARNING:Couldn't import xgboost.XGBRegressor
2021-04-21 06:39:05,542:WARNING:Couldn't import catboost.CatBoostRegressor
2021-04-21 06:39:05,543:INFO:Creating grid variables
2021-04-21 06:39:05,559:INFO:create_model_container: 0
2021-04-21 06:39:05,559:INFO:master_model_container: 0
2021-04-21 06:39:05,559:INFO:display_container: 1
2021-04-21 06:39:05,563:INFO:Pipeline(memory=None,
         steps=[('dtypes',
                 DataTypes_Auto_infer(categorical_features=[],
                                      display_types=False, features_todrop=[],
                                      id_columns=['Unnamed: 0'],
                                      ml_usecase='regression',
                                      numerical_features=[], target='pIC50',
                                      time_features=[])),
                ('imputer',
                 Simple_Imputer(categorical_strategy='not_available',
                                fill_value_categorical=None,
                                fill_value_numerical=None,
                                numeri...
                ('scaling', 'passthrough'), ('P_transform', 'passthrough'),
                ('binn', 'passthrough'), ('rem_outliers', 'passthrough'),
                ('cluster_all', 'passthrough'),
                ('dummy', Dummify(target='pIC50')),
                ('fix_perfect', Remove_100(target='pIC50')),
                ('clean_names', Clean_Colum_Names()),
                ('feature_select', 'passthrough'), ('fix_multi', 'passthrough'),
                ('dfs', 'passthrough'), ('pca', 'passthrough')],
         verbose=False)
2021-04-21 06:39:05,563:INFO:setup() succesfully completed......................................
2021-04-21 06:39:05,633:INFO:Initializing compare_models()
2021-04-21 06:39:05,633:INFO:compare_models(include=None, fold=None, round=4, cross_validation=True, sort=R2, n_select=1, budget_time=None, turbo=True, errors=ignore, fit_kwargs=None, groups=None, verbose=True, display=None, exclude=None)
2021-04-21 06:39:05,634:INFO:Checking exceptions
2021-04-21 06:39:05,634:INFO:Preparing display monitor
2021-04-21 06:39:05,634:INFO:Preparing display monitor
2021-04-21 06:39:05,665:INFO:Initializing Linear Regression
2021-04-21 06:39:05,665:INFO:Total runtime is 0.0 minutes
2021-04-21 06:39:05,676:INFO:SubProcess create_model() called ==================================
2021-04-21 06:39:05,677:INFO:Initializing create_model()
2021-04-21 06:39:05,677:INFO:create_model(estimator=lr, fold=KFold(n_splits=10, random_state=None, shuffle=False), round=4, cross_validation=True, predict=True, fit_kwargs={}, groups=None, refit=False, verbose=False, system=False, metrics=None, display=<pycaret.internal.Display.Display object at 0x0000023872120880>, kwargs={})
2021-04-21 06:39:05,677:INFO:Checking exceptions
2021-04-21 06:39:05,677:INFO:Importing libraries
2021-04-21 06:39:05,677:INFO:Copying training dataset
2021-04-21 06:39:05,679:INFO:Defining folds
2021-04-21 06:39:05,679:INFO:Declaring metric variables
2021-04-21 06:39:05,690:INFO:Importing untrained model
2021-04-21 06:39:05,701:INFO:Linear Regression Imported succesfully
2021-04-21 06:39:05,719:INFO:Starting cross validation
2021-04-21 06:39:05,724:INFO:Cross validating with KFold(n_splits=10, random_state=None, shuffle=False), n_jobs=-1
2021-04-21 06:39:10,103:INFO:Calculating mean and std
2021-04-21 06:39:10,104:INFO:Creating metrics dataframe
2021-04-21 06:39:10,108:INFO:Uploading results into container
2021-04-21 06:39:10,109:INFO:Uploading model into container now
2021-04-21 06:39:10,109:INFO:create_model_container: 1
2021-04-21 06:39:10,109:INFO:master_model_container: 1
2021-04-21 06:39:10,109:INFO:display_container: 2
2021-04-21 06:39:10,109:INFO:LinearRegression(copy_X=True, fit_intercept=True, n_jobs=-1, normalize=False)
2021-04-21 06:39:10,110:INFO:create_model() succesfully completed......................................
2021-04-21 06:39:10,169:INFO:SubProcess create_model() end ==================================
2021-04-21 06:39:10,169:INFO:Creating metrics dataframe
2021-04-21 06:39:10,183:INFO:Initializing Lasso Regression
2021-04-21 06:39:10,183:INFO:Total runtime is 0.07529199918111165 minutes
2021-04-21 06:39:10,191:INFO:SubProcess create_model() called ==================================
2021-04-21 06:39:10,191:INFO:Initializing create_model()
2021-04-21 06:39:10,192:INFO:create_model(estimator=lasso, fold=KFold(n_splits=10, random_state=None, shuffle=False), round=4, cross_validation=True, predict=True, fit_kwargs={}, groups=None, refit=False, verbose=False, system=False, metrics=None, display=<pycaret.internal.Display.Display object at 0x0000023872120880>, kwargs={})
2021-04-21 06:39:10,192:INFO:Checking exceptions
2021-04-21 06:39:10,192:INFO:Importing libraries
2021-04-21 06:39:10,192:INFO:Copying training dataset
2021-04-21 06:39:10,193:INFO:Defining folds
2021-04-21 06:39:10,194:INFO:Declaring metric variables
2021-04-21 06:39:10,201:INFO:Importing untrained model
2021-04-21 06:39:10,208:INFO:Lasso Regression Imported succesfully
2021-04-21 06:39:10,225:INFO:Starting cross validation
2021-04-21 06:39:10,225:INFO:Cross validating with KFold(n_splits=10, random_state=None, shuffle=False), n_jobs=-1
2021-04-21 06:39:10,405:INFO:Calculating mean and std
2021-04-21 06:39:10,406:INFO:Creating metrics dataframe
2021-04-21 06:39:10,409:INFO:Uploading results into container
2021-04-21 06:39:10,409:INFO:Uploading model into container now
2021-04-21 06:39:10,409:INFO:create_model_container: 2
2021-04-21 06:39:10,409:INFO:master_model_container: 2
2021-04-21 06:39:10,409:INFO:display_container: 2
2021-04-21 06:39:10,410:INFO:Lasso(alpha=1.0, copy_X=True, fit_intercept=True, max_iter=1000,
      normalize=False, positive=False, precompute=False, random_state=5343,
      selection='cyclic', tol=0.0001, warm_start=False)
2021-04-21 06:39:10,410:INFO:create_model() succesfully completed......................................
2021-04-21 06:39:10,469:INFO:SubProcess create_model() end ==================================
2021-04-21 06:39:10,469:INFO:Creating metrics dataframe
2021-04-21 06:39:10,485:INFO:Initializing Ridge Regression
2021-04-21 06:39:10,485:INFO:Total runtime is 0.08032533327738443 minutes
2021-04-21 06:39:10,492:INFO:SubProcess create_model() called ==================================
2021-04-21 06:39:10,493:INFO:Initializing create_model()
2021-04-21 06:39:10,493:INFO:create_model(estimator=ridge, fold=KFold(n_splits=10, random_state=None, shuffle=False), round=4, cross_validation=True, predict=True, fit_kwargs={}, groups=None, refit=False, verbose=False, system=False, metrics=None, display=<pycaret.internal.Display.Display object at 0x0000023872120880>, kwargs={})
2021-04-21 06:39:10,493:INFO:Checking exceptions
2021-04-21 06:39:10,493:INFO:Importing libraries
2021-04-21 06:39:10,494:INFO:Copying training dataset
2021-04-21 06:39:10,495:INFO:Defining folds
2021-04-21 06:39:10,496:INFO:Declaring metric variables
2021-04-21 06:39:10,503:INFO:Importing untrained model
2021-04-21 06:39:10,513:INFO:Ridge Regression Imported succesfully
2021-04-21 06:39:10,528:INFO:Starting cross validation
2021-04-21 06:39:10,529:INFO:Cross validating with KFold(n_splits=10, random_state=None, shuffle=False), n_jobs=-1
2021-04-21 06:39:10,723:INFO:Calculating mean and std
2021-04-21 06:39:10,724:INFO:Creating metrics dataframe
2021-04-21 06:39:10,728:INFO:Uploading results into container
2021-04-21 06:39:10,728:INFO:Uploading model into container now
2021-04-21 06:39:10,728:INFO:create_model_container: 3
2021-04-21 06:39:10,728:INFO:master_model_container: 3
2021-04-21 06:39:10,728:INFO:display_container: 2
2021-04-21 06:39:10,729:INFO:Ridge(alpha=1.0, copy_X=True, fit_intercept=True, max_iter=None,
      normalize=False, random_state=5343, solver='auto', tol=0.001)
2021-04-21 06:39:10,729:INFO:create_model() succesfully completed......................................
2021-04-21 06:39:10,791:INFO:SubProcess create_model() end ==================================
2021-04-21 06:39:10,791:INFO:Creating metrics dataframe
2021-04-21 06:39:10,807:INFO:Initializing Elastic Net
2021-04-21 06:39:10,807:INFO:Total runtime is 0.08569196462631225 minutes
2021-04-21 06:39:10,817:INFO:SubProcess create_model() called ==================================
2021-04-21 06:39:10,817:INFO:Initializing create_model()
2021-04-21 06:39:10,817:INFO:create_model(estimator=en, fold=KFold(n_splits=10, random_state=None, shuffle=False), round=4, cross_validation=True, predict=True, fit_kwargs={}, groups=None, refit=False, verbose=False, system=False, metrics=None, display=<pycaret.internal.Display.Display object at 0x0000023872120880>, kwargs={})
2021-04-21 06:39:10,818:INFO:Checking exceptions
2021-04-21 06:39:10,818:INFO:Importing libraries
2021-04-21 06:39:10,818:INFO:Copying training dataset
2021-04-21 06:39:10,819:INFO:Defining folds
2021-04-21 06:39:10,820:INFO:Declaring metric variables
2021-04-21 06:39:10,828:INFO:Importing untrained model
2021-04-21 06:39:10,839:INFO:Elastic Net Imported succesfully
2021-04-21 06:39:10,857:INFO:Starting cross validation
2021-04-21 06:39:10,857:INFO:Cross validating with KFold(n_splits=10, random_state=None, shuffle=False), n_jobs=-1
2021-04-21 06:39:11,055:INFO:Calculating mean and std
2021-04-21 06:39:11,056:INFO:Creating metrics dataframe
2021-04-21 06:39:11,060:INFO:Uploading results into container
2021-04-21 06:39:11,060:INFO:Uploading model into container now
2021-04-21 06:39:11,060:INFO:create_model_container: 4
2021-04-21 06:39:11,060:INFO:master_model_container: 4
2021-04-21 06:39:11,060:INFO:display_container: 2
2021-04-21 06:39:11,061:INFO:ElasticNet(alpha=1.0, copy_X=True, fit_intercept=True, l1_ratio=0.5,
           max_iter=1000, normalize=False, positive=False, precompute=False,
           random_state=5343, selection='cyclic', tol=0.0001, warm_start=False)
2021-04-21 06:39:11,061:INFO:create_model() succesfully completed......................................
2021-04-21 06:39:11,124:INFO:SubProcess create_model() end ==================================
2021-04-21 06:39:11,124:INFO:Creating metrics dataframe
2021-04-21 06:39:11,140:INFO:Initializing Least Angle Regression
2021-04-21 06:39:11,140:INFO:Total runtime is 0.09125059445699055 minutes
2021-04-21 06:39:11,148:INFO:SubProcess create_model() called ==================================
2021-04-21 06:39:11,148:INFO:Initializing create_model()
2021-04-21 06:39:11,148:INFO:create_model(estimator=lar, fold=KFold(n_splits=10, random_state=None, shuffle=False), round=4, cross_validation=True, predict=True, fit_kwargs={}, groups=None, refit=False, verbose=False, system=False, metrics=None, display=<pycaret.internal.Display.Display object at 0x0000023872120880>, kwargs={})
2021-04-21 06:39:11,149:INFO:Checking exceptions
2021-04-21 06:39:11,149:INFO:Importing libraries
2021-04-21 06:39:11,149:INFO:Copying training dataset
2021-04-21 06:39:11,151:INFO:Defining folds
2021-04-21 06:39:11,151:INFO:Declaring metric variables
2021-04-21 06:39:11,159:INFO:Importing untrained model
2021-04-21 06:39:11,167:INFO:Least Angle Regression Imported succesfully
2021-04-21 06:39:11,185:INFO:Starting cross validation
2021-04-21 06:39:11,186:INFO:Cross validating with KFold(n_splits=10, random_state=None, shuffle=False), n_jobs=-1
2021-04-21 06:39:12,430:WARNING:create_model() for lar raised an exception or returned all 0.0, trying without fit_kwargs:
2021-04-21 06:39:12,434:WARNING:joblib.externals.loky.process_executor._RemoteTraceback: 
"""
Traceback (most recent call last):
  File "c:\users\royalkiller\appdata\local\programs\python\python39\lib\site-packages\joblib\externals\loky\process_executor.py", line 431, in _process_worker
    r = call_item()
  File "c:\users\royalkiller\appdata\local\programs\python\python39\lib\site-packages\joblib\externals\loky\process_executor.py", line 285, in __call__
    return self.fn(*self.args, **self.kwargs)
  File "c:\users\royalkiller\appdata\local\programs\python\python39\lib\site-packages\joblib\_parallel_backends.py", line 595, in __call__
    return self.func(*args, **kwargs)
  File "c:\users\royalkiller\appdata\local\programs\python\python39\lib\site-packages\joblib\parallel.py", line 262, in __call__
    return [func(*args, **kwargs)
  File "c:\users\royalkiller\appdata\local\programs\python\python39\lib\site-packages\joblib\parallel.py", line 262, in <listcomp>
    return [func(*args, **kwargs)
  File "c:\users\royalkiller\appdata\local\programs\python\python39\lib\site-packages\sklearn\model_selection\_validation.py", line 560, in _fit_and_score
    test_scores = _score(estimator, X_test, y_test, scorer)
  File "c:\users\royalkiller\appdata\local\programs\python\python39\lib\site-packages\sklearn\model_selection\_validation.py", line 607, in _score
    scores = scorer(estimator, X_test, y_test)
  File "c:\users\royalkiller\appdata\local\programs\python\python39\lib\site-packages\sklearn\metrics\_scorer.py", line 87, in __call__
    score = scorer._score(cached_call, estimator,
  File "c:\users\royalkiller\appdata\local\programs\python\python39\lib\site-packages\sklearn\metrics\_scorer.py", line 212, in _score
    return self._sign * self._score_func(y_true, y_pred,
  File "c:\users\royalkiller\appdata\local\programs\python\python39\lib\site-packages\sklearn\utils\validation.py", line 72, in inner_f
    return f(**kwargs)
  File "c:\users\royalkiller\appdata\local\programs\python\python39\lib\site-packages\sklearn\metrics\_regression.py", line 178, in mean_absolute_error
    y_type, y_true, y_pred, multioutput = _check_reg_targets(
  File "c:\users\royalkiller\appdata\local\programs\python\python39\lib\site-packages\sklearn\metrics\_regression.py", line 86, in _check_reg_targets
    y_pred = check_array(y_pred, ensure_2d=False, dtype=dtype)
  File "c:\users\royalkiller\appdata\local\programs\python\python39\lib\site-packages\sklearn\utils\validation.py", line 72, in inner_f
    return f(**kwargs)
  File "c:\users\royalkiller\appdata\local\programs\python\python39\lib\site-packages\sklearn\utils\validation.py", line 644, in check_array
    _assert_all_finite(array,
  File "c:\users\royalkiller\appdata\local\programs\python\python39\lib\site-packages\sklearn\utils\validation.py", line 96, in _assert_all_finite
    raise ValueError(
ValueError: Input contains NaN, infinity or a value too large for dtype('float64').
"""

The above exception was the direct cause of the following exception:

Traceback (most recent call last):
  File "c:\users\royalkiller\appdata\local\programs\python\python39\lib\site-packages\pycaret\internal\tabular.py", line 2163, in compare_models
    model, model_fit_time = create_model_supervised(
  File "c:\users\royalkiller\appdata\local\programs\python\python39\lib\site-packages\pycaret\internal\tabular.py", line 3112, in create_model_supervised
    scores = cross_validate(
  File "c:\users\royalkiller\appdata\local\programs\python\python39\lib\site-packages\sklearn\utils\validation.py", line 72, in inner_f
    return f(**kwargs)
  File "c:\users\royalkiller\appdata\local\programs\python\python39\lib\site-packages\sklearn\model_selection\_validation.py", line 242, in cross_validate
    scores = parallel(
  File "c:\users\royalkiller\appdata\local\programs\python\python39\lib\site-packages\joblib\parallel.py", line 1054, in __call__
    self.retrieve()
  File "c:\users\royalkiller\appdata\local\programs\python\python39\lib\site-packages\joblib\parallel.py", line 933, in retrieve
    self._output.extend(job.get(timeout=self.timeout))
  File "c:\users\royalkiller\appdata\local\programs\python\python39\lib\site-packages\joblib\_parallel_backends.py", line 542, in wrap_future_result
    return future.result(timeout=timeout)
  File "c:\users\royalkiller\appdata\local\programs\python\python39\lib\concurrent\futures\_base.py", line 440, in result
    return self.__get_result()
  File "c:\users\royalkiller\appdata\local\programs\python\python39\lib\concurrent\futures\_base.py", line 389, in __get_result
    raise self._exception
ValueError: Input contains NaN, infinity or a value too large for dtype('float64').

2021-04-21 06:39:12,435:INFO:Initializing create_model()
2021-04-21 06:39:12,435:INFO:create_model(estimator=lar, fold=KFold(n_splits=10, random_state=None, shuffle=False), round=4, cross_validation=True, predict=True, fit_kwargs=None, groups=None, refit=False, verbose=False, system=False, metrics=None, display=<pycaret.internal.Display.Display object at 0x0000023872120880>, kwargs={})
2021-04-21 06:39:12,435:INFO:Checking exceptions
2021-04-21 06:39:12,435:INFO:Importing libraries
2021-04-21 06:39:12,435:INFO:Copying training dataset
2021-04-21 06:39:12,437:INFO:Defining folds
2021-04-21 06:39:12,437:INFO:Declaring metric variables
2021-04-21 06:39:12,445:INFO:Importing untrained model
2021-04-21 06:39:12,453:INFO:Least Angle Regression Imported succesfully
2021-04-21 06:39:12,469:INFO:Starting cross validation
2021-04-21 06:39:12,470:INFO:Cross validating with KFold(n_splits=10, random_state=None, shuffle=False), n_jobs=-1
2021-04-21 06:39:17,798:ERROR:create_model() for lar raised an exception:
2021-04-21 06:39:17,799:ERROR:joblib.externals.loky.process_executor._RemoteTraceback: 
"""
Traceback (most recent call last):
  File "c:\users\royalkiller\appdata\local\programs\python\python39\lib\site-packages\joblib\externals\loky\process_executor.py", line 431, in _process_worker
    r = call_item()
  File "c:\users\royalkiller\appdata\local\programs\python\python39\lib\site-packages\joblib\externals\loky\process_executor.py", line 285, in __call__
    return self.fn(*self.args, **self.kwargs)
  File "c:\users\royalkiller\appdata\local\programs\python\python39\lib\site-packages\joblib\_parallel_backends.py", line 595, in __call__
    return self.func(*args, **kwargs)
  File "c:\users\royalkiller\appdata\local\programs\python\python39\lib\site-packages\joblib\parallel.py", line 262, in __call__
    return [func(*args, **kwargs)
  File "c:\users\royalkiller\appdata\local\programs\python\python39\lib\site-packages\joblib\parallel.py", line 262, in <listcomp>
    return [func(*args, **kwargs)
  File "c:\users\royalkiller\appdata\local\programs\python\python39\lib\site-packages\sklearn\model_selection\_validation.py", line 560, in _fit_and_score
    test_scores = _score(estimator, X_test, y_test, scorer)
  File "c:\users\royalkiller\appdata\local\programs\python\python39\lib\site-packages\sklearn\model_selection\_validation.py", line 607, in _score
    scores = scorer(estimator, X_test, y_test)
  File "c:\users\royalkiller\appdata\local\programs\python\python39\lib\site-packages\sklearn\metrics\_scorer.py", line 87, in __call__
    score = scorer._score(cached_call, estimator,
  File "c:\users\royalkiller\appdata\local\programs\python\python39\lib\site-packages\sklearn\metrics\_scorer.py", line 212, in _score
    return self._sign * self._score_func(y_true, y_pred,
  File "c:\users\royalkiller\appdata\local\programs\python\python39\lib\site-packages\sklearn\utils\validation.py", line 72, in inner_f
    return f(**kwargs)
  File "c:\users\royalkiller\appdata\local\programs\python\python39\lib\site-packages\sklearn\metrics\_regression.py", line 178, in mean_absolute_error
    y_type, y_true, y_pred, multioutput = _check_reg_targets(
  File "c:\users\royalkiller\appdata\local\programs\python\python39\lib\site-packages\sklearn\metrics\_regression.py", line 86, in _check_reg_targets
    y_pred = check_array(y_pred, ensure_2d=False, dtype=dtype)
  File "c:\users\royalkiller\appdata\local\programs\python\python39\lib\site-packages\sklearn\utils\validation.py", line 72, in inner_f
    return f(**kwargs)
  File "c:\users\royalkiller\appdata\local\programs\python\python39\lib\site-packages\sklearn\utils\validation.py", line 644, in check_array
    _assert_all_finite(array,
  File "c:\users\royalkiller\appdata\local\programs\python\python39\lib\site-packages\sklearn\utils\validation.py", line 96, in _assert_all_finite
    raise ValueError(
ValueError: Input contains NaN, infinity or a value too large for dtype('float64').
"""

The above exception was the direct cause of the following exception:

Traceback (most recent call last):
  File "c:\users\royalkiller\appdata\local\programs\python\python39\lib\site-packages\pycaret\internal\tabular.py", line 2183, in compare_models
    model, model_fit_time = create_model_supervised(
  File "c:\users\royalkiller\appdata\local\programs\python\python39\lib\site-packages\pycaret\internal\tabular.py", line 3112, in create_model_supervised
    scores = cross_validate(
  File "c:\users\royalkiller\appdata\local\programs\python\python39\lib\site-packages\sklearn\utils\validation.py", line 72, in inner_f
    return f(**kwargs)
  File "c:\users\royalkiller\appdata\local\programs\python\python39\lib\site-packages\sklearn\model_selection\_validation.py", line 242, in cross_validate
    scores = parallel(
  File "c:\users\royalkiller\appdata\local\programs\python\python39\lib\site-packages\joblib\parallel.py", line 1054, in __call__
    self.retrieve()
  File "c:\users\royalkiller\appdata\local\programs\python\python39\lib\site-packages\joblib\parallel.py", line 933, in retrieve
    self._output.extend(job.get(timeout=self.timeout))
  File "c:\users\royalkiller\appdata\local\programs\python\python39\lib\site-packages\joblib\_parallel_backends.py", line 542, in wrap_future_result
    return future.result(timeout=timeout)
  File "c:\users\royalkiller\appdata\local\programs\python\python39\lib\concurrent\futures\_base.py", line 440, in result
    return self.__get_result()
  File "c:\users\royalkiller\appdata\local\programs\python\python39\lib\concurrent\futures\_base.py", line 389, in __get_result
    raise self._exception
ValueError: Input contains NaN, infinity or a value too large for dtype('float64').

2021-04-21 06:39:17,799:INFO:Initializing Lasso Least Angle Regression
2021-04-21 06:39:17,799:INFO:Total runtime is 0.20222750504811604 minutes
2021-04-21 06:39:17,808:INFO:SubProcess create_model() called ==================================
2021-04-21 06:39:17,808:INFO:Initializing create_model()
2021-04-21 06:39:17,808:INFO:create_model(estimator=llar, fold=KFold(n_splits=10, random_state=None, shuffle=False), round=4, cross_validation=True, predict=True, fit_kwargs={}, groups=None, refit=False, verbose=False, system=False, metrics=None, display=<pycaret.internal.Display.Display object at 0x0000023872120880>, kwargs={})
2021-04-21 06:39:17,808:INFO:Checking exceptions
2021-04-21 06:39:17,809:INFO:Importing libraries
2021-04-21 06:39:17,809:INFO:Copying training dataset
2021-04-21 06:39:17,811:INFO:Defining folds
2021-04-21 06:39:17,811:INFO:Declaring metric variables
2021-04-21 06:39:17,821:INFO:Importing untrained model
2021-04-21 06:39:17,833:INFO:Lasso Least Angle Regression Imported succesfully
2021-04-21 06:39:17,856:INFO:Starting cross validation
2021-04-21 06:39:17,857:INFO:Cross validating with KFold(n_splits=10, random_state=None, shuffle=False), n_jobs=-1
2021-04-21 06:39:22,809:INFO:Calculating mean and std
2021-04-21 06:39:22,810:INFO:Creating metrics dataframe
2021-04-21 06:39:22,816:INFO:Uploading results into container
2021-04-21 06:39:22,816:INFO:Uploading model into container now
2021-04-21 06:39:22,817:INFO:create_model_container: 5
2021-04-21 06:39:22,817:INFO:master_model_container: 5
2021-04-21 06:39:22,817:INFO:display_container: 2
2021-04-21 06:39:22,817:INFO:LassoLars(alpha=1.0, copy_X=True, eps=2.220446049250313e-16, fit_intercept=True,
          fit_path=True, jitter=None, max_iter=500, normalize=True,
          positive=False, precompute='auto', random_state=5343, verbose=False)
2021-04-21 06:39:22,817:INFO:create_model() succesfully completed......................................
2021-04-21 06:39:22,881:INFO:SubProcess create_model() end ==================================
2021-04-21 06:39:22,882:INFO:Creating metrics dataframe
2021-04-21 06:39:22,902:INFO:Initializing Orthogonal Matching Pursuit
2021-04-21 06:39:22,902:INFO:Total runtime is 0.28727694352467853 minutes
2021-04-21 06:39:22,911:INFO:SubProcess create_model() called ==================================
2021-04-21 06:39:22,912:INFO:Initializing create_model()
2021-04-21 06:39:22,912:INFO:create_model(estimator=omp, fold=KFold(n_splits=10, random_state=None, shuffle=False), round=4, cross_validation=True, predict=True, fit_kwargs={}, groups=None, refit=False, verbose=False, system=False, metrics=None, display=<pycaret.internal.Display.Display object at 0x0000023872120880>, kwargs={})
2021-04-21 06:39:22,912:INFO:Checking exceptions
2021-04-21 06:39:22,912:INFO:Importing libraries
2021-04-21 06:39:22,912:INFO:Copying training dataset
2021-04-21 06:39:22,914:INFO:Defining folds
2021-04-21 06:39:22,914:INFO:Declaring metric variables
2021-04-21 06:39:22,923:INFO:Importing untrained model
2021-04-21 06:39:22,934:INFO:Orthogonal Matching Pursuit Imported succesfully
2021-04-21 06:39:22,952:INFO:Starting cross validation
2021-04-21 06:39:22,953:INFO:Cross validating with KFold(n_splits=10, random_state=None, shuffle=False), n_jobs=-1
2021-04-21 06:39:23,173:INFO:Calculating mean and std
2021-04-21 06:39:23,174:INFO:Creating metrics dataframe
2021-04-21 06:39:23,178:INFO:Uploading results into container
2021-04-21 06:39:23,179:INFO:Uploading model into container now
2021-04-21 06:39:23,179:INFO:create_model_container: 6
2021-04-21 06:39:23,179:INFO:master_model_container: 6
2021-04-21 06:39:23,179:INFO:display_container: 2
2021-04-21 06:39:23,180:INFO:OrthogonalMatchingPursuit(fit_intercept=True, n_nonzero_coefs=None,
                          normalize=True, precompute='auto', tol=None)
2021-04-21 06:39:23,180:INFO:create_model() succesfully completed......................................
2021-04-21 06:39:23,256:INFO:SubProcess create_model() end ==================================
2021-04-21 06:39:23,256:INFO:Creating metrics dataframe
2021-04-21 06:39:23,283:INFO:Initializing Bayesian Ridge
2021-04-21 06:39:23,283:INFO:Total runtime is 0.2936354160308838 minutes
2021-04-21 06:39:23,298:INFO:SubProcess create_model() called ==================================
2021-04-21 06:39:23,298:INFO:Initializing create_model()
2021-04-21 06:39:23,298:INFO:create_model(estimator=br, fold=KFold(n_splits=10, random_state=None, shuffle=False), round=4, cross_validation=True, predict=True, fit_kwargs={}, groups=None, refit=False, verbose=False, system=False, metrics=None, display=<pycaret.internal.Display.Display object at 0x0000023872120880>, kwargs={})
2021-04-21 06:39:23,301:INFO:Checking exceptions
2021-04-21 06:39:23,301:INFO:Importing libraries
2021-04-21 06:39:23,301:INFO:Copying training dataset
2021-04-21 06:39:23,304:INFO:Defining folds
2021-04-21 06:39:23,304:INFO:Declaring metric variables
2021-04-21 06:39:23,315:INFO:Importing untrained model
2021-04-21 06:39:23,326:INFO:Bayesian Ridge Imported succesfully
2021-04-21 06:39:23,350:INFO:Starting cross validation
2021-04-21 06:39:23,351:INFO:Cross validating with KFold(n_splits=10, random_state=None, shuffle=False), n_jobs=-1
2021-04-21 06:39:24,173:INFO:Calculating mean and std
2021-04-21 06:39:24,175:INFO:Creating metrics dataframe
2021-04-21 06:39:24,181:INFO:Uploading results into container
2021-04-21 06:39:24,181:INFO:Uploading model into container now
2021-04-21 06:39:24,182:INFO:create_model_container: 7
2021-04-21 06:39:24,182:INFO:master_model_container: 7
2021-04-21 06:39:24,182:INFO:display_container: 2
2021-04-21 06:39:24,183:INFO:BayesianRidge(alpha_1=1e-06, alpha_2=1e-06, alpha_init=None,
              compute_score=False, copy_X=True, fit_intercept=True,
              lambda_1=1e-06, lambda_2=1e-06, lambda_init=None, n_iter=300,
              normalize=False, tol=0.001, verbose=False)
2021-04-21 06:39:24,183:INFO:create_model() succesfully completed......................................
2021-04-21 06:39:24,291:INFO:SubProcess create_model() end ==================================
2021-04-21 06:39:24,291:INFO:Creating metrics dataframe
2021-04-21 06:39:24,336:INFO:Initializing Passive Aggressive Regressor
2021-04-21 06:39:24,336:INFO:Total runtime is 0.3111853957176208 minutes
2021-04-21 06:39:24,352:INFO:SubProcess create_model() called ==================================
2021-04-21 06:39:24,352:INFO:Initializing create_model()
2021-04-21 06:39:24,352:INFO:create_model(estimator=par, fold=KFold(n_splits=10, random_state=None, shuffle=False), round=4, cross_validation=True, predict=True, fit_kwargs={}, groups=None, refit=False, verbose=False, system=False, metrics=None, display=<pycaret.internal.Display.Display object at 0x0000023872120880>, kwargs={})
2021-04-21 06:39:24,353:INFO:Checking exceptions
2021-04-21 06:39:24,353:INFO:Importing libraries
2021-04-21 06:39:24,353:INFO:Copying training dataset
2021-04-21 06:39:24,355:INFO:Defining folds
2021-04-21 06:39:24,355:INFO:Declaring metric variables
2021-04-21 06:39:24,371:INFO:Importing untrained model
2021-04-21 06:39:24,385:INFO:Passive Aggressive Regressor Imported succesfully
2021-04-21 06:39:24,416:INFO:Starting cross validation
2021-04-21 06:39:24,417:INFO:Cross validating with KFold(n_splits=10, random_state=None, shuffle=False), n_jobs=-1
2021-04-21 06:39:24,966:INFO:Calculating mean and std
2021-04-21 06:39:24,968:INFO:Creating metrics dataframe
2021-04-21 06:39:24,974:INFO:Uploading results into container
2021-04-21 06:39:24,974:INFO:Uploading model into container now
2021-04-21 06:39:24,975:INFO:create_model_container: 8
2021-04-21 06:39:24,975:INFO:master_model_container: 8
2021-04-21 06:39:24,975:INFO:display_container: 2
2021-04-21 06:39:24,976:INFO:PassiveAggressiveRegressor(C=1.0, average=False, early_stopping=False,
                           epsilon=0.1, fit_intercept=True,
                           loss='epsilon_insensitive', max_iter=1000,
                           n_iter_no_change=5, random_state=5343, shuffle=True,
                           tol=0.001, validation_fraction=0.1, verbose=0,
                           warm_start=False)
2021-04-21 06:39:24,976:INFO:create_model() succesfully completed......................................
2021-04-21 06:39:25,067:INFO:SubProcess create_model() end ==================================
2021-04-21 06:39:25,067:INFO:Creating metrics dataframe
2021-04-21 06:39:25,099:INFO:Initializing Huber Regressor
2021-04-21 06:39:25,099:INFO:Total runtime is 0.3238859891891479 minutes
2021-04-21 06:39:25,115:INFO:SubProcess create_model() called ==================================
2021-04-21 06:39:25,115:INFO:Initializing create_model()
2021-04-21 06:39:25,115:INFO:create_model(estimator=huber, fold=KFold(n_splits=10, random_state=None, shuffle=False), round=4, cross_validation=True, predict=True, fit_kwargs={}, groups=None, refit=False, verbose=False, system=False, metrics=None, display=<pycaret.internal.Display.Display object at 0x0000023872120880>, kwargs={})
2021-04-21 06:39:25,115:INFO:Checking exceptions
2021-04-21 06:39:25,116:INFO:Importing libraries
2021-04-21 06:39:25,116:INFO:Copying training dataset
2021-04-21 06:39:25,118:INFO:Defining folds
2021-04-21 06:39:25,118:INFO:Declaring metric variables
2021-04-21 06:39:25,132:INFO:Importing untrained model
2021-04-21 06:39:25,152:INFO:Huber Regressor Imported succesfully
2021-04-21 06:39:25,181:INFO:Starting cross validation
2021-04-21 06:39:25,182:INFO:Cross validating with KFold(n_splits=10, random_state=None, shuffle=False), n_jobs=-1
2021-04-21 06:39:29,595:INFO:Calculating mean and std
2021-04-21 06:39:29,596:INFO:Creating metrics dataframe
2021-04-21 06:39:29,603:INFO:Uploading results into container
2021-04-21 06:39:29,604:INFO:Uploading model into container now
2021-04-21 06:39:29,604:INFO:create_model_container: 9
2021-04-21 06:39:29,604:INFO:master_model_container: 9
2021-04-21 06:39:29,604:INFO:display_container: 2
2021-04-21 06:39:29,605:INFO:HuberRegressor(alpha=0.0001, epsilon=1.35, fit_intercept=True, max_iter=100,
               tol=1e-05, warm_start=False)
2021-04-21 06:39:29,605:INFO:create_model() succesfully completed......................................
2021-04-21 06:39:29,703:INFO:SubProcess create_model() end ==================================
2021-04-21 06:39:29,703:INFO:Creating metrics dataframe
2021-04-21 06:39:29,736:INFO:Initializing K Neighbors Regressor
2021-04-21 06:39:29,737:INFO:Total runtime is 0.4011945645014445 minutes
2021-04-21 06:39:29,750:INFO:SubProcess create_model() called ==================================
2021-04-21 06:39:29,750:INFO:Initializing create_model()
2021-04-21 06:39:29,751:INFO:create_model(estimator=knn, fold=KFold(n_splits=10, random_state=None, shuffle=False), round=4, cross_validation=True, predict=True, fit_kwargs={}, groups=None, refit=False, verbose=False, system=False, metrics=None, display=<pycaret.internal.Display.Display object at 0x0000023872120880>, kwargs={})
2021-04-21 06:39:29,751:INFO:Checking exceptions
2021-04-21 06:39:29,751:INFO:Importing libraries
2021-04-21 06:39:29,751:INFO:Copying training dataset
2021-04-21 06:39:29,753:INFO:Defining folds
2021-04-21 06:39:29,753:INFO:Declaring metric variables
2021-04-21 06:39:29,766:INFO:Importing untrained model
2021-04-21 06:39:29,781:INFO:K Neighbors Regressor Imported succesfully
2021-04-21 06:39:29,808:INFO:Starting cross validation
2021-04-21 06:39:29,809:INFO:Cross validating with KFold(n_splits=10, random_state=None, shuffle=False), n_jobs=-1
2021-04-21 06:39:30,632:INFO:Calculating mean and std
2021-04-21 06:39:30,634:INFO:Creating metrics dataframe
2021-04-21 06:39:30,641:INFO:Uploading results into container
2021-04-21 06:39:30,641:INFO:Uploading model into container now
2021-04-21 06:39:30,641:INFO:create_model_container: 10
2021-04-21 06:39:30,641:INFO:master_model_container: 10
2021-04-21 06:39:30,642:INFO:display_container: 2
2021-04-21 06:39:30,642:INFO:KNeighborsRegressor(algorithm='auto', leaf_size=30, metric='minkowski',
                    metric_params=None, n_jobs=-1, n_neighbors=5, p=2,
                    weights='uniform')
2021-04-21 06:39:30,642:INFO:create_model() succesfully completed......................................
2021-04-21 06:39:30,732:INFO:SubProcess create_model() end ==================================
2021-04-21 06:39:30,732:INFO:Creating metrics dataframe
2021-04-21 06:39:30,765:INFO:Initializing Decision Tree Regressor
2021-04-21 06:39:30,766:INFO:Total runtime is 0.4183445851008097 minutes
2021-04-21 06:39:30,783:INFO:SubProcess create_model() called ==================================
2021-04-21 06:39:30,784:INFO:Initializing create_model()
2021-04-21 06:39:30,784:INFO:create_model(estimator=dt, fold=KFold(n_splits=10, random_state=None, shuffle=False), round=4, cross_validation=True, predict=True, fit_kwargs={}, groups=None, refit=False, verbose=False, system=False, metrics=None, display=<pycaret.internal.Display.Display object at 0x0000023872120880>, kwargs={})
2021-04-21 06:39:30,784:INFO:Checking exceptions
2021-04-21 06:39:30,784:INFO:Importing libraries
2021-04-21 06:39:30,784:INFO:Copying training dataset
2021-04-21 06:39:30,786:INFO:Defining folds
2021-04-21 06:39:30,786:INFO:Declaring metric variables
2021-04-21 06:39:30,799:INFO:Importing untrained model
2021-04-21 06:39:30,814:INFO:Decision Tree Regressor Imported succesfully
2021-04-21 06:39:30,839:INFO:Starting cross validation
2021-04-21 06:39:30,840:INFO:Cross validating with KFold(n_splits=10, random_state=None, shuffle=False), n_jobs=-1
2021-04-21 06:39:31,330:INFO:Calculating mean and std
2021-04-21 06:39:31,332:INFO:Creating metrics dataframe
2021-04-21 06:39:31,339:INFO:Uploading results into container
2021-04-21 06:39:31,339:INFO:Uploading model into container now
2021-04-21 06:39:31,339:INFO:create_model_container: 11
2021-04-21 06:39:31,339:INFO:master_model_container: 11
2021-04-21 06:39:31,339:INFO:display_container: 2
2021-04-21 06:39:31,340:INFO:DecisionTreeRegressor(ccp_alpha=0.0, criterion='mse', max_depth=None,
                      max_features=None, max_leaf_nodes=None,
                      min_impurity_decrease=0.0, min_impurity_split=None,
                      min_samples_leaf=1, min_samples_split=2,
                      min_weight_fraction_leaf=0.0, presort='deprecated',
                      random_state=5343, splitter='best')
2021-04-21 06:39:31,340:INFO:create_model() succesfully completed......................................
2021-04-21 06:39:31,446:INFO:SubProcess create_model() end ==================================
2021-04-21 06:39:31,446:INFO:Creating metrics dataframe
2021-04-21 06:39:31,479:INFO:Initializing Random Forest Regressor
2021-04-21 06:39:31,479:INFO:Total runtime is 0.43021990855534864 minutes
2021-04-21 06:39:31,492:INFO:SubProcess create_model() called ==================================
2021-04-21 06:39:31,492:INFO:Initializing create_model()
2021-04-21 06:39:31,492:INFO:create_model(estimator=rf, fold=KFold(n_splits=10, random_state=None, shuffle=False), round=4, cross_validation=True, predict=True, fit_kwargs={}, groups=None, refit=False, verbose=False, system=False, metrics=None, display=<pycaret.internal.Display.Display object at 0x0000023872120880>, kwargs={})
2021-04-21 06:39:31,492:INFO:Checking exceptions
2021-04-21 06:39:31,493:INFO:Importing libraries
2021-04-21 06:39:31,493:INFO:Copying training dataset
2021-04-21 06:39:31,495:INFO:Defining folds
2021-04-21 06:39:31,495:INFO:Declaring metric variables
2021-04-21 06:39:31,508:INFO:Importing untrained model
2021-04-21 06:39:31,522:INFO:Random Forest Regressor Imported succesfully
2021-04-21 06:39:31,550:INFO:Starting cross validation
2021-04-21 06:39:31,551:INFO:Cross validating with KFold(n_splits=10, random_state=None, shuffle=False), n_jobs=-1
2021-04-21 06:39:39,431:INFO:Calculating mean and std
2021-04-21 06:39:39,432:INFO:Creating metrics dataframe
2021-04-21 06:39:39,436:INFO:Uploading results into container
2021-04-21 06:39:39,436:INFO:Uploading model into container now
2021-04-21 06:39:39,436:INFO:create_model_container: 12
2021-04-21 06:39:39,436:INFO:master_model_container: 12
2021-04-21 06:39:39,436:INFO:display_container: 2
2021-04-21 06:39:39,437:INFO:RandomForestRegressor(bootstrap=True, ccp_alpha=0.0, criterion='mse',
                      max_depth=None, max_features='auto', max_leaf_nodes=None,
                      max_samples=None, min_impurity_decrease=0.0,
                      min_impurity_split=None, min_samples_leaf=1,
                      min_samples_split=2, min_weight_fraction_leaf=0.0,
                      n_estimators=100, n_jobs=-1, oob_score=False,
                      random_state=5343, verbose=0, warm_start=False)
2021-04-21 06:39:39,437:INFO:create_model() succesfully completed......................................
2021-04-21 06:39:39,502:INFO:SubProcess create_model() end ==================================
2021-04-21 06:39:39,502:INFO:Creating metrics dataframe
2021-04-21 06:39:39,528:INFO:Initializing Extra Trees Regressor
2021-04-21 06:39:39,528:INFO:Total runtime is 0.5643708149592082 minutes
2021-04-21 06:39:39,545:INFO:SubProcess create_model() called ==================================
2021-04-21 06:39:39,547:INFO:Initializing create_model()
2021-04-21 06:39:39,547:INFO:create_model(estimator=et, fold=KFold(n_splits=10, random_state=None, shuffle=False), round=4, cross_validation=True, predict=True, fit_kwargs={}, groups=None, refit=False, verbose=False, system=False, metrics=None, display=<pycaret.internal.Display.Display object at 0x0000023872120880>, kwargs={})
2021-04-21 06:39:39,547:INFO:Checking exceptions
2021-04-21 06:39:39,547:INFO:Importing libraries
2021-04-21 06:39:39,547:INFO:Copying training dataset
2021-04-21 06:39:39,549:INFO:Defining folds
2021-04-21 06:39:39,550:INFO:Declaring metric variables
2021-04-21 06:39:39,601:INFO:Importing untrained model
2021-04-21 06:39:39,624:INFO:Extra Trees Regressor Imported succesfully
2021-04-21 06:39:39,645:INFO:Starting cross validation
2021-04-21 06:39:39,645:INFO:Cross validating with KFold(n_splits=10, random_state=None, shuffle=False), n_jobs=-1
2021-04-21 06:39:50,280:INFO:Calculating mean and std
2021-04-21 06:39:50,284:INFO:Creating metrics dataframe
2021-04-21 06:39:50,292:INFO:Uploading results into container
2021-04-21 06:39:50,292:INFO:Uploading model into container now
2021-04-21 06:39:50,292:INFO:create_model_container: 13
2021-04-21 06:39:50,293:INFO:master_model_container: 13
2021-04-21 06:39:50,293:INFO:display_container: 2
2021-04-21 06:39:50,293:INFO:ExtraTreesRegressor(bootstrap=False, ccp_alpha=0.0, criterion='mse',
                    max_depth=None, max_features='auto', max_leaf_nodes=None,
                    max_samples=None, min_impurity_decrease=0.0,
                    min_impurity_split=None, min_samples_leaf=1,
                    min_samples_split=2, min_weight_fraction_leaf=0.0,
                    n_estimators=100, n_jobs=-1, oob_score=False,
                    random_state=5343, verbose=0, warm_start=False)
2021-04-21 06:39:50,293:INFO:create_model() succesfully completed......................................
2021-04-21 06:39:50,371:INFO:SubProcess create_model() end ==================================
2021-04-21 06:39:50,371:INFO:Creating metrics dataframe
2021-04-21 06:39:50,395:INFO:Initializing AdaBoost Regressor
2021-04-21 06:39:50,395:INFO:Total runtime is 0.7454892516136169 minutes
2021-04-21 06:39:50,404:INFO:SubProcess create_model() called ==================================
2021-04-21 06:39:50,405:INFO:Initializing create_model()
2021-04-21 06:39:50,405:INFO:create_model(estimator=ada, fold=KFold(n_splits=10, random_state=None, shuffle=False), round=4, cross_validation=True, predict=True, fit_kwargs={}, groups=None, refit=False, verbose=False, system=False, metrics=None, display=<pycaret.internal.Display.Display object at 0x0000023872120880>, kwargs={})
2021-04-21 06:39:50,405:INFO:Checking exceptions
2021-04-21 06:39:50,405:INFO:Importing libraries
2021-04-21 06:39:50,405:INFO:Copying training dataset
2021-04-21 06:39:50,407:INFO:Defining folds
2021-04-21 06:39:50,407:INFO:Declaring metric variables
2021-04-21 06:39:50,414:INFO:Importing untrained model
2021-04-21 06:39:50,426:INFO:AdaBoost Regressor Imported succesfully
2021-04-21 06:39:50,446:INFO:Starting cross validation
2021-04-21 06:39:50,447:INFO:Cross validating with KFold(n_splits=10, random_state=None, shuffle=False), n_jobs=-1
2021-04-21 06:39:53,738:INFO:Calculating mean and std
2021-04-21 06:39:53,739:INFO:Creating metrics dataframe
2021-04-21 06:39:53,744:INFO:Uploading results into container
2021-04-21 06:39:53,744:INFO:Uploading model into container now
2021-04-21 06:39:53,745:INFO:create_model_container: 14
2021-04-21 06:39:53,745:INFO:master_model_container: 14
2021-04-21 06:39:53,745:INFO:display_container: 2
2021-04-21 06:39:53,745:INFO:AdaBoostRegressor(base_estimator=None, learning_rate=1.0, loss='linear',
                  n_estimators=50, random_state=5343)
2021-04-21 06:39:53,746:INFO:create_model() succesfully completed......................................
2021-04-21 06:39:54,116:INFO:SubProcess create_model() end ==================================
2021-04-21 06:39:54,116:INFO:Creating metrics dataframe
2021-04-21 06:39:54,227:INFO:Initializing Gradient Boosting Regressor
2021-04-21 06:39:54,227:INFO:Total runtime is 0.8093653003374734 minutes
2021-04-21 06:39:54,242:INFO:SubProcess create_model() called ==================================
2021-04-21 06:39:54,242:INFO:Initializing create_model()
2021-04-21 06:39:54,242:INFO:create_model(estimator=gbr, fold=KFold(n_splits=10, random_state=None, shuffle=False), round=4, cross_validation=True, predict=True, fit_kwargs={}, groups=None, refit=False, verbose=False, system=False, metrics=None, display=<pycaret.internal.Display.Display object at 0x0000023872120880>, kwargs={})
2021-04-21 06:39:54,243:INFO:Checking exceptions
2021-04-21 06:39:54,243:INFO:Importing libraries
2021-04-21 06:39:54,243:INFO:Copying training dataset
2021-04-21 06:39:54,245:INFO:Defining folds
2021-04-21 06:39:54,246:INFO:Declaring metric variables
2021-04-21 06:39:54,261:INFO:Importing untrained model
2021-04-21 06:39:54,275:INFO:Gradient Boosting Regressor Imported succesfully
2021-04-21 06:39:54,309:INFO:Starting cross validation
2021-04-21 06:39:54,310:INFO:Cross validating with KFold(n_splits=10, random_state=None, shuffle=False), n_jobs=-1
2021-04-21 06:39:58,228:INFO:Calculating mean and std
2021-04-21 06:39:58,229:INFO:Creating metrics dataframe
2021-04-21 06:39:58,235:INFO:Uploading results into container
2021-04-21 06:39:58,236:INFO:Uploading model into container now
2021-04-21 06:39:58,236:INFO:create_model_container: 15
2021-04-21 06:39:58,236:INFO:master_model_container: 15
2021-04-21 06:39:58,236:INFO:display_container: 2
2021-04-21 06:39:58,237:INFO:GradientBoostingRegressor(alpha=0.9, ccp_alpha=0.0, criterion='friedman_mse',
                          init=None, learning_rate=0.1, loss='ls', max_depth=3,
                          max_features=None, max_leaf_nodes=None,
                          min_impurity_decrease=0.0, min_impurity_split=None,
                          min_samples_leaf=1, min_samples_split=2,
                          min_weight_fraction_leaf=0.0, n_estimators=100,
                          n_iter_no_change=None, presort='deprecated',
                          random_state=5343, subsample=1.0, tol=0.0001,
                          validation_fraction=0.1, verbose=0, warm_start=False)
2021-04-21 06:39:58,237:INFO:create_model() succesfully completed......................................
2021-04-21 06:39:58,317:INFO:SubProcess create_model() end ==================================
2021-04-21 06:39:58,317:INFO:Creating metrics dataframe
2021-04-21 06:39:58,338:INFO:Initializing Light Gradient Boosting Machine
2021-04-21 06:39:58,338:INFO:Total runtime is 0.8778747797012328 minutes
2021-04-21 06:39:58,346:INFO:SubProcess create_model() called ==================================
2021-04-21 06:39:58,347:INFO:Initializing create_model()
2021-04-21 06:39:58,347:INFO:create_model(estimator=lightgbm, fold=KFold(n_splits=10, random_state=None, shuffle=False), round=4, cross_validation=True, predict=True, fit_kwargs={}, groups=None, refit=False, verbose=False, system=False, metrics=None, display=<pycaret.internal.Display.Display object at 0x0000023872120880>, kwargs={})
2021-04-21 06:39:58,347:INFO:Checking exceptions
2021-04-21 06:39:58,347:INFO:Importing libraries
2021-04-21 06:39:58,347:INFO:Copying training dataset
2021-04-21 06:39:58,348:INFO:Defining folds
2021-04-21 06:39:58,349:INFO:Declaring metric variables
2021-04-21 06:39:58,356:INFO:Importing untrained model
2021-04-21 06:39:58,365:INFO:Light Gradient Boosting Machine Imported succesfully
2021-04-21 06:39:58,389:INFO:Starting cross validation
2021-04-21 06:39:58,390:INFO:Cross validating with KFold(n_splits=10, random_state=None, shuffle=False), n_jobs=-1
2021-04-21 06:39:59,107:INFO:Calculating mean and std
2021-04-21 06:39:59,108:INFO:Creating metrics dataframe
2021-04-21 06:39:59,112:INFO:Uploading results into container
2021-04-21 06:39:59,112:INFO:Uploading model into container now
2021-04-21 06:39:59,112:INFO:create_model_container: 16
2021-04-21 06:39:59,112:INFO:master_model_container: 16
2021-04-21 06:39:59,113:INFO:display_container: 2
2021-04-21 06:39:59,113:INFO:LGBMRegressor(boosting_type='gbdt', class_weight=None, colsample_bytree=1.0,
              importance_type='split', learning_rate=0.1, max_depth=-1,
              min_child_samples=20, min_child_weight=0.001, min_split_gain=0.0,
              n_estimators=100, n_jobs=-1, num_leaves=31, objective=None,
              random_state=5343, reg_alpha=0.0, reg_lambda=0.0, silent=True,
              subsample=1.0, subsample_for_bin=200000, subsample_freq=0)
2021-04-21 06:39:59,114:INFO:create_model() succesfully completed......................................
2021-04-21 06:39:59,190:INFO:SubProcess create_model() end ==================================
2021-04-21 06:39:59,190:INFO:Creating metrics dataframe
2021-04-21 06:39:59,245:INFO:Initializing create_model()
2021-04-21 06:39:59,245:INFO:create_model(estimator=LGBMRegressor(boosting_type='gbdt', class_weight=None, colsample_bytree=1.0,
              importance_type='split', learning_rate=0.1, max_depth=-1,
              min_child_samples=20, min_child_weight=0.001, min_split_gain=0.0,
              n_estimators=100, n_jobs=-1, num_leaves=31, objective=None,
              random_state=5343, reg_alpha=0.0, reg_lambda=0.0, silent=True,
              subsample=1.0, subsample_for_bin=200000, subsample_freq=0), fold=KFold(n_splits=10, random_state=None, shuffle=False), round=4, cross_validation=False, predict=False, fit_kwargs={}, groups=None, refit=True, verbose=False, system=False, metrics=None, display=None, kwargs={})
2021-04-21 06:39:59,245:INFO:Checking exceptions
2021-04-21 06:39:59,246:INFO:Importing libraries
2021-04-21 06:39:59,247:INFO:Copying training dataset
2021-04-21 06:39:59,249:INFO:Defining folds
2021-04-21 06:39:59,249:INFO:Declaring metric variables
2021-04-21 06:39:59,249:INFO:Importing untrained model
2021-04-21 06:39:59,249:INFO:Declaring custom model
2021-04-21 06:39:59,250:INFO:Light Gradient Boosting Machine Imported succesfully
2021-04-21 06:39:59,250:INFO:Cross validation set to False
2021-04-21 06:39:59,250:INFO:Fitting Model
2021-04-21 06:39:59,681:INFO:LGBMRegressor(boosting_type='gbdt', class_weight=None, colsample_bytree=1.0,
              importance_type='split', learning_rate=0.1, max_depth=-1,
              min_child_samples=20, min_child_weight=0.001, min_split_gain=0.0,
              n_estimators=100, n_jobs=-1, num_leaves=31, objective=None,
              random_state=5343, reg_alpha=0.0, reg_lambda=0.0, silent=True,
              subsample=1.0, subsample_for_bin=200000, subsample_freq=0)
2021-04-21 06:39:59,681:INFO:create_models() succesfully completed......................................
2021-04-21 06:39:59,824:INFO:create_model_container: 16
2021-04-21 06:39:59,824:INFO:master_model_container: 16
2021-04-21 06:39:59,824:INFO:display_container: 2
2021-04-21 06:39:59,825:INFO:LGBMRegressor(boosting_type='gbdt', class_weight=None, colsample_bytree=1.0,
              importance_type='split', learning_rate=0.1, max_depth=-1,
              min_child_samples=20, min_child_weight=0.001, min_split_gain=0.0,
              n_estimators=100, n_jobs=-1, num_leaves=31, objective=None,
              random_state=5343, reg_alpha=0.0, reg_lambda=0.0, silent=True,
              subsample=1.0, subsample_for_bin=200000, subsample_freq=0)
2021-04-21 06:39:59,825:INFO:compare_models() succesfully completed......................................
2021-04-21 06:39:59,837:INFO:Initializing create_model()
2021-04-21 06:39:59,838:INFO:create_model(estimator=lightgbm, fold=None, round=4, cross_validation=True, predict=True, fit_kwargs=None, groups=None, refit=True, verbose=True, system=True, metrics=None, display=None, kwargs={})
2021-04-21 06:39:59,838:INFO:Checking exceptions
2021-04-21 06:39:59,838:INFO:Preparing display monitor
2021-04-21 06:39:59,867:INFO:Importing libraries
2021-04-21 06:39:59,867:INFO:Copying training dataset
2021-04-21 06:39:59,869:INFO:Defining folds
2021-04-21 06:39:59,870:INFO:Declaring metric variables
2021-04-21 06:39:59,879:INFO:Importing untrained model
2021-04-21 06:39:59,890:INFO:Light Gradient Boosting Machine Imported succesfully
2021-04-21 06:39:59,911:INFO:Starting cross validation
2021-04-21 06:39:59,912:INFO:Cross validating with KFold(n_splits=10, random_state=None, shuffle=False), n_jobs=-1
2021-04-21 06:40:00,615:INFO:Calculating mean and std
2021-04-21 06:40:00,617:INFO:Creating metrics dataframe
2021-04-21 06:40:00,635:INFO:Finalizing model
2021-04-21 06:40:09,818:INFO:Uploading results into container
2021-04-21 06:40:09,819:INFO:Uploading model into container now
2021-04-21 06:40:09,837:INFO:create_model_container: 17
2021-04-21 06:40:09,838:INFO:master_model_container: 17
2021-04-21 06:40:09,838:INFO:display_container: 3
2021-04-21 06:40:09,839:INFO:LGBMRegressor(boosting_type='gbdt', class_weight=None, colsample_bytree=1.0,
              importance_type='split', learning_rate=0.1, max_depth=-1,
              min_child_samples=20, min_child_weight=0.001, min_split_gain=0.0,
              n_estimators=100, n_jobs=-1, num_leaves=31, objective=None,
              random_state=5343, reg_alpha=0.0, reg_lambda=0.0, silent=True,
              subsample=1.0, subsample_for_bin=200000, subsample_freq=0)
2021-04-21 06:40:09,839:INFO:create_model() succesfully completed......................................
2021-04-21 06:40:09,936:INFO:Initializing tune_model()
2021-04-21 06:40:09,936:INFO:tune_model(estimator=LGBMRegressor(boosting_type='gbdt', class_weight=None, colsample_bytree=1.0,
              importance_type='split', learning_rate=0.1, max_depth=-1,
              min_child_samples=20, min_child_weight=0.001, min_split_gain=0.0,
              n_estimators=100, n_jobs=-1, num_leaves=31, objective=None,
              random_state=5343, reg_alpha=0.0, reg_lambda=0.0, silent=True,
              subsample=1.0, subsample_for_bin=200000, subsample_freq=0), fold=None, round=4, n_iter=50, custom_grid=None, optimize=mae, custom_scorer=None, search_library=scikit-learn, search_algorithm=None, early_stopping=False, early_stopping_max_iters=10, choose_better=False, fit_kwargs=None, groups=None, return_tuner=False, verbose=True, tuner_verbose=True, display=None, kwargs={})
2021-04-21 06:40:09,936:INFO:Checking exceptions
2021-04-21 06:40:09,937:INFO:Preparing display monitor
2021-04-21 06:40:09,959:INFO:Copying training dataset
2021-04-21 06:40:09,961:INFO:Checking base model
2021-04-21 06:40:09,961:INFO:Base model : Light Gradient Boosting Machine
2021-04-21 06:40:09,975:INFO:Declaring metric variables
2021-04-21 06:40:09,985:INFO:Defining Hyperparameters
2021-04-21 06:40:10,061:INFO:Tuning with n_jobs=-1
2021-04-21 06:40:10,062:INFO:Initializing RandomizedSearchCV
2021-04-21 06:40:34,423:INFO:best_params: {'actual_estimator__reg_lambda': 5, 'actual_estimator__reg_alpha': 0.3, 'actual_estimator__num_leaves': 90, 'actual_estimator__n_estimators': 240, 'actual_estimator__min_split_gain': 0, 'actual_estimator__min_child_samples': 61, 'actual_estimator__learning_rate': 0.05, 'actual_estimator__feature_fraction': 0.5, 'actual_estimator__bagging_freq': 5, 'actual_estimator__bagging_fraction': 0.9}
2021-04-21 06:40:34,424:INFO:Hyperparameter search completed
2021-04-21 06:40:34,425:INFO:SubProcess create_model() called ==================================
2021-04-21 06:40:34,426:INFO:Initializing create_model()
2021-04-21 06:40:34,426:INFO:create_model(estimator=LGBMRegressor(boosting_type='gbdt', class_weight=None, colsample_bytree=1.0,
              importance_type='split', learning_rate=0.1, max_depth=-1,
              min_child_samples=20, min_child_weight=0.001, min_split_gain=0.0,
              n_estimators=100, n_jobs=-1, num_leaves=31, objective=None,
              random_state=5343, reg_alpha=0.0, reg_lambda=0.0, silent=True,
              subsample=1.0, subsample_for_bin=200000, subsample_freq=0), fold=KFold(n_splits=10, random_state=None, shuffle=False), round=4, cross_validation=True, predict=True, fit_kwargs={}, groups=None, refit=True, verbose=True, system=False, metrics=None, display=<pycaret.internal.Display.Display object at 0x0000023872136280>, kwargs={'reg_lambda': 5, 'reg_alpha': 0.3, 'num_leaves': 90, 'n_estimators': 240, 'min_split_gain': 0, 'min_child_samples': 61, 'learning_rate': 0.05, 'feature_fraction': 0.5, 'bagging_freq': 5, 'bagging_fraction': 0.9})
2021-04-21 06:40:34,426:INFO:Checking exceptions
2021-04-21 06:40:34,426:INFO:Importing libraries
2021-04-21 06:40:34,426:INFO:Copying training dataset
2021-04-21 06:40:34,429:INFO:Defining folds
2021-04-21 06:40:34,429:INFO:Declaring metric variables
2021-04-21 06:40:34,443:INFO:Importing untrained model
2021-04-21 06:40:34,443:INFO:Declaring custom model
2021-04-21 06:40:34,456:INFO:Light Gradient Boosting Machine Imported succesfully
2021-04-21 06:40:34,479:INFO:Starting cross validation
2021-04-21 06:40:34,480:INFO:Cross validating with KFold(n_splits=10, random_state=None, shuffle=False), n_jobs=-1
2021-04-21 06:40:35,395:INFO:Calculating mean and std
2021-04-21 06:40:35,397:INFO:Creating metrics dataframe
2021-04-21 06:40:35,408:INFO:Finalizing model
2021-04-21 06:40:35,615:INFO:Uploading results into container
2021-04-21 06:40:35,616:INFO:Uploading model into container now
2021-04-21 06:40:35,616:INFO:create_model_container: 18
2021-04-21 06:40:35,616:INFO:master_model_container: 18
2021-04-21 06:40:35,616:INFO:display_container: 4
2021-04-21 06:40:35,617:INFO:LGBMRegressor(bagging_fraction=0.9, bagging_freq=5, boosting_type='gbdt',
              class_weight=None, colsample_bytree=1.0, feature_fraction=0.5,
              importance_type='split', learning_rate=0.05, max_depth=-1,
              min_child_samples=61, min_child_weight=0.001, min_split_gain=0,
              n_estimators=240, n_jobs=-1, num_leaves=90, objective=None,
              random_state=5343, reg_alpha=0.3, reg_lambda=5, silent=True,
              subsample=1.0, subsample_for_bin=200000, subsample_freq=0)
2021-04-21 06:40:35,617:INFO:create_model() succesfully completed......................................
2021-04-21 06:40:35,680:INFO:SubProcess create_model() end ==================================
2021-04-21 06:40:35,698:INFO:create_model_container: 18
2021-04-21 06:40:35,698:INFO:master_model_container: 18
2021-04-21 06:40:35,698:INFO:display_container: 4
2021-04-21 06:40:35,699:INFO:LGBMRegressor(bagging_fraction=0.9, bagging_freq=5, boosting_type='gbdt',
              class_weight=None, colsample_bytree=1.0, feature_fraction=0.5,
              importance_type='split', learning_rate=0.05, max_depth=-1,
              min_child_samples=61, min_child_weight=0.001, min_split_gain=0,
              n_estimators=240, n_jobs=-1, num_leaves=90, objective=None,
              random_state=5343, reg_alpha=0.3, reg_lambda=5, silent=True,
              subsample=1.0, subsample_for_bin=200000, subsample_freq=0)
2021-04-21 06:40:35,699:INFO:tune_model() succesfully completed......................................
2021-04-21 06:40:35,797:INFO:Initializing plot_model()
2021-04-21 06:40:35,797:INFO:plot_model(plot=parameter, fold=None, use_train_data=False, verbose=True, is_in_evaluate=False, display=None, display_format=None, estimator=LGBMRegressor(boosting_type='gbdt', class_weight=None, colsample_bytree=1.0,
              importance_type='split', learning_rate=0.1, max_depth=-1,
              min_child_samples=20, min_child_weight=0.001, min_split_gain=0.0,
              n_estimators=100, n_jobs=-1, num_leaves=31, objective=None,
              random_state=5343, reg_alpha=0.0, reg_lambda=0.0, silent=True,
              subsample=1.0, subsample_for_bin=200000, subsample_freq=0), feature_name=None, fit_kwargs=None, groups=None, label=False, save=False, scale=1, system=True)
2021-04-21 06:40:35,797:INFO:Checking exceptions
2021-04-21 06:40:35,798:INFO:Preparing display monitor
2021-04-21 06:40:35,804:INFO:Preloading libraries
2021-04-21 06:40:35,815:INFO:Copying training dataset
2021-04-21 06:40:35,817:INFO:Copying test dataset
2021-04-21 06:40:35,817:INFO:Plot type: parameter
2021-04-21 06:40:35,881:INFO:Visual Rendered Successfully
2021-04-21 06:40:35,947:INFO:plot_model() succesfully completed......................................
2021-04-21 06:40:35,956:INFO:Initializing plot_model()
2021-04-21 06:40:35,956:INFO:plot_model(plot=parameter, fold=None, use_train_data=False, verbose=True, is_in_evaluate=False, display=None, display_format=None, estimator=LGBMRegressor(bagging_fraction=0.9, bagging_freq=5, boosting_type='gbdt',
              class_weight=None, colsample_bytree=1.0, feature_fraction=0.5,
              importance_type='split', learning_rate=0.05, max_depth=-1,
              min_child_samples=61, min_child_weight=0.001, min_split_gain=0,
              n_estimators=240, n_jobs=-1, num_leaves=90, objective=None,
              random_state=5343, reg_alpha=0.3, reg_lambda=5, silent=True,
              subsample=1.0, subsample_for_bin=200000, subsample_freq=0), feature_name=None, fit_kwargs=None, groups=None, label=False, save=False, scale=1, system=True)
2021-04-21 06:40:35,956:INFO:Checking exceptions
2021-04-21 06:40:35,957:INFO:Preparing display monitor
2021-04-21 06:40:35,965:INFO:Preloading libraries
2021-04-21 06:40:35,983:INFO:Copying training dataset
2021-04-21 06:40:35,985:INFO:Copying test dataset
2021-04-21 06:40:35,985:INFO:Plot type: parameter
2021-04-21 06:40:35,997:INFO:Visual Rendered Successfully
2021-04-21 06:40:36,071:INFO:plot_model() succesfully completed......................................
2021-04-21 06:40:36,082:INFO:Initializing plot_model()
2021-04-21 06:40:36,082:INFO:plot_model(plot=residuals, fold=None, use_train_data=False, verbose=True, is_in_evaluate=False, display=None, display_format=None, estimator=LGBMRegressor(bagging_fraction=0.9, bagging_freq=5, boosting_type='gbdt',
              class_weight=None, colsample_bytree=1.0, feature_fraction=0.5,
              importance_type='split', learning_rate=0.05, max_depth=-1,
              min_child_samples=61, min_child_weight=0.001, min_split_gain=0,
              n_estimators=240, n_jobs=-1, num_leaves=90, objective=None,
              random_state=5343, reg_alpha=0.3, reg_lambda=5, silent=True,
              subsample=1.0, subsample_for_bin=200000, subsample_freq=0), feature_name=None, fit_kwargs=None, groups=None, label=False, save=True, scale=1, system=True)
2021-04-21 06:40:36,082:INFO:Checking exceptions
2021-04-21 06:40:36,082:INFO:Preparing display monitor
2021-04-21 06:40:36,090:INFO:Preloading libraries
2021-04-21 06:40:36,104:INFO:Copying training dataset
2021-04-21 06:40:36,106:INFO:Copying test dataset
2021-04-21 06:40:36,106:INFO:Plot type: residuals
2021-04-21 06:40:36,153:INFO:Fitting Model
2021-04-21 06:40:36,232:INFO:Scoring test/hold-out set
2021-04-21 06:40:36,281:INFO:Saving 'Residuals.png' in current active directory
2021-04-21 06:40:36,774:INFO:Visual Rendered Successfully
2021-04-21 06:40:36,843:INFO:plot_model() succesfully completed......................................
2021-04-21 06:40:36,862:INFO:Initializing plot_model()
2021-04-21 06:40:36,862:INFO:plot_model(plot=error, fold=None, use_train_data=False, verbose=True, is_in_evaluate=False, display=None, display_format=None, estimator=LGBMRegressor(bagging_fraction=0.9, bagging_freq=5, boosting_type='gbdt',
              class_weight=None, colsample_bytree=1.0, feature_fraction=0.5,
              importance_type='split', learning_rate=0.05, max_depth=-1,
              min_child_samples=61, min_child_weight=0.001, min_split_gain=0,
              n_estimators=240, n_jobs=-1, num_leaves=90, objective=None,
              random_state=5343, reg_alpha=0.3, reg_lambda=5, silent=True,
              subsample=1.0, subsample_for_bin=200000, subsample_freq=0), feature_name=None, fit_kwargs=None, groups=None, label=False, save=True, scale=1, system=True)
2021-04-21 06:40:36,862:INFO:Checking exceptions
2021-04-21 06:40:36,863:INFO:Preparing display monitor
2021-04-21 06:40:36,870:INFO:Preloading libraries
2021-04-21 06:40:36,887:INFO:Copying training dataset
2021-04-21 06:40:36,888:INFO:Copying test dataset
2021-04-21 06:40:36,889:INFO:Plot type: error
2021-04-21 06:40:36,893:INFO:Fitting Model
2021-04-21 06:40:36,894:INFO:Scoring test/hold-out set
2021-04-21 06:40:36,935:INFO:Saving 'Prediction Error.png' in current active directory
2021-04-21 06:40:37,087:INFO:Visual Rendered Successfully
2021-04-21 06:40:37,148:INFO:plot_model() succesfully completed......................................
2021-04-21 06:40:37,180:INFO:Initializing plot_model()
2021-04-21 06:40:37,180:INFO:plot_model(plot=learning, fold=None, use_train_data=False, verbose=True, is_in_evaluate=False, display=None, display_format=None, estimator=LGBMRegressor(bagging_fraction=0.9, bagging_freq=5, boosting_type='gbdt',
              class_weight=None, colsample_bytree=1.0, feature_fraction=0.5,
              importance_type='split', learning_rate=0.05, max_depth=-1,
              min_child_samples=61, min_child_weight=0.001, min_split_gain=0,
              n_estimators=240, n_jobs=-1, num_leaves=90, objective=None,
              random_state=5343, reg_alpha=0.3, reg_lambda=5, silent=True,
              subsample=1.0, subsample_for_bin=200000, subsample_freq=0), feature_name=None, fit_kwargs=None, groups=None, label=False, save=True, scale=1, system=True)
2021-04-21 06:40:37,180:INFO:Checking exceptions
2021-04-21 06:40:37,181:INFO:Preparing display monitor
2021-04-21 06:40:37,188:INFO:Preloading libraries
2021-04-21 06:40:37,204:INFO:Copying training dataset
2021-04-21 06:40:37,205:INFO:Copying test dataset
2021-04-21 06:40:37,205:INFO:Plot type: learning
2021-04-21 06:40:37,214:INFO:Fitting Model
2021-04-21 06:40:41,667:INFO:Saving 'Learning Curve.png' in current active directory
2021-04-21 06:40:41,803:INFO:Visual Rendered Successfully
2021-04-21 06:40:41,878:INFO:plot_model() succesfully completed......................................
2021-04-21 06:40:41,887:INFO:Initializing plot_model()
2021-04-21 06:40:41,887:INFO:plot_model(plot=vc, fold=None, use_train_data=False, verbose=True, is_in_evaluate=False, display=None, display_format=None, estimator=LGBMRegressor(bagging_fraction=0.9, bagging_freq=5, boosting_type='gbdt',
              class_weight=None, colsample_bytree=1.0, feature_fraction=0.5,
              importance_type='split', learning_rate=0.05, max_depth=-1,
              min_child_samples=61, min_child_weight=0.001, min_split_gain=0,
              n_estimators=240, n_jobs=-1, num_leaves=90, objective=None,
              random_state=5343, reg_alpha=0.3, reg_lambda=5, silent=True,
              subsample=1.0, subsample_for_bin=200000, subsample_freq=0), feature_name=None, fit_kwargs=None, groups=None, label=False, save=True, scale=1, system=True)
2021-04-21 06:40:41,887:INFO:Checking exceptions
2021-04-21 06:40:41,887:INFO:Preparing display monitor
2021-04-21 06:40:41,896:INFO:Preloading libraries
2021-04-21 06:40:41,913:INFO:Copying training dataset
2021-04-21 06:40:41,915:INFO:Copying test dataset
2021-04-21 06:40:41,915:INFO:Plot type: vc
2021-04-21 06:40:41,918:INFO:Determining param_name
2021-04-21 06:40:41,919:INFO:param_name: actual_estimator__max_depth
2021-04-21 06:40:41,920:INFO:Fitting Model
2021-04-21 06:40:49,974:INFO:Saving 'Validation Curve.png' in current active directory
2021-04-21 06:40:50,568:INFO:Visual Rendered Successfully
2021-04-21 06:40:51,075:INFO:plot_model() succesfully completed......................................
2021-04-21 06:40:51,096:INFO:Initializing interpret_model()
2021-04-21 06:40:51,096:INFO:interpret_model(estimator=LGBMRegressor(bagging_fraction=0.9, bagging_freq=5, boosting_type='gbdt',
              class_weight=None, colsample_bytree=1.0, feature_fraction=0.5,
              importance_type='split', learning_rate=0.05, max_depth=-1,
              min_child_samples=61, min_child_weight=0.001, min_split_gain=0,
              n_estimators=240, n_jobs=-1, num_leaves=90, objective=None,
              random_state=5343, reg_alpha=0.3, reg_lambda=5, silent=True,
              subsample=1.0, subsample_for_bin=200000, subsample_freq=0), use_train_data=False, feature=None, kwargs={}, observation=None, plot=summary, save=True)
2021-04-21 06:40:51,096:INFO:Checking exceptions
2021-04-21 06:40:51,795:INFO:plot type: summary
2021-04-21 06:40:51,795:INFO:Creating TreeExplainer
2021-04-21 06:40:52,320:INFO:Compiling shap values
2021-04-21 06:40:55,314:INFO:Visual Rendered Successfully
2021-04-21 06:40:55,314:INFO:interpret_model() succesfully completed......................................
2021-04-21 06:40:55,995:INFO:Initializing interpret_model()
2021-04-21 06:40:55,996:INFO:interpret_model(estimator=LGBMRegressor(bagging_fraction=0.9, bagging_freq=5, boosting_type='gbdt',
              class_weight=None, colsample_bytree=1.0, feature_fraction=0.5,
              importance_type='split', learning_rate=0.05, max_depth=-1,
              min_child_samples=61, min_child_weight=0.001, min_split_gain=0,
              n_estimators=240, n_jobs=-1, num_leaves=90, objective=None,
              random_state=5343, reg_alpha=0.3, reg_lambda=5, silent=True,
              subsample=1.0, subsample_for_bin=200000, subsample_freq=0), use_train_data=False, feature=None, kwargs={}, observation=10, plot=reason, save=True)
2021-04-21 06:40:55,996:INFO:Checking exceptions
2021-04-21 06:40:55,996:INFO:plot type: reason
2021-04-21 06:40:55,996:INFO:model type detected: type 2
2021-04-21 06:40:55,997:INFO:Creating TreeExplainer
2021-04-21 06:40:56,284:INFO:Compiling shap values
2021-04-21 06:40:56,621:INFO:Visual Rendered Successfully
2021-04-21 06:40:56,622:INFO:interpret_model() succesfully completed......................................
2021-04-21 06:40:56,815:INFO:Initializing predict_model()
2021-04-21 06:40:56,815:INFO:predict_model(estimator=LGBMRegressor(bagging_fraction=0.9, bagging_freq=5, boosting_type='gbdt',
              class_weight=None, colsample_bytree=1.0, feature_fraction=0.5,
              importance_type='split', learning_rate=0.05, max_depth=-1,
              min_child_samples=61, min_child_weight=0.001, min_split_gain=0,
              n_estimators=240, n_jobs=-1, num_leaves=90, objective=None,
              random_state=5343, reg_alpha=0.3, reg_lambda=5, silent=True,
              subsample=1.0, subsample_for_bin=200000, subsample_freq=0), probability_threshold=None, encoded_labels=True, raw_score=False, round=4, verbose=True, ml_usecase=MLUsecase.REGRESSION, display=None)
2021-04-21 06:40:56,815:INFO:Checking exceptions
2021-04-21 06:40:56,815:INFO:Preloading libraries
2021-04-21 06:40:56,816:INFO:Preparing display monitor
2021-04-21 06:40:57,038:INFO:Initializing finalize_model()
2021-04-21 06:40:57,038:INFO:finalize_model(estimator=LGBMRegressor(bagging_fraction=0.9, bagging_freq=5, boosting_type='gbdt',
              class_weight=None, colsample_bytree=1.0, feature_fraction=0.5,
              importance_type='split', learning_rate=0.05, max_depth=-1,
              min_child_samples=61, min_child_weight=0.001, min_split_gain=0,
              n_estimators=240, n_jobs=-1, num_leaves=90, objective=None,
              random_state=5343, reg_alpha=0.3, reg_lambda=5, silent=True,
              subsample=1.0, subsample_for_bin=200000, subsample_freq=0), fit_kwargs=None, groups=None, model_only=True, display=None)
2021-04-21 06:40:57,039:INFO:Finalizing LGBMRegressor(bagging_fraction=0.9, bagging_freq=5, boosting_type='gbdt',
              class_weight=None, colsample_bytree=1.0, feature_fraction=0.5,
              importance_type='split', learning_rate=0.05, max_depth=-1,
              min_child_samples=61, min_child_weight=0.001, min_split_gain=0,
              n_estimators=240, n_jobs=-1, num_leaves=90, objective=None,
              random_state=5343, reg_alpha=0.3, reg_lambda=5, silent=True,
              subsample=1.0, subsample_for_bin=200000, subsample_freq=0)
2021-04-21 06:40:57,040:INFO:Initializing create_model()
2021-04-21 06:40:57,040:INFO:create_model(estimator=LGBMRegressor(bagging_fraction=0.9, bagging_freq=5, boosting_type='gbdt',
              class_weight=None, colsample_bytree=1.0, feature_fraction=0.5,
              importance_type='split', learning_rate=0.05, max_depth=-1,
              min_child_samples=61, min_child_weight=0.001, min_split_gain=0,
              n_estimators=240, n_jobs=-1, num_leaves=90, objective=None,
              random_state=5343, reg_alpha=0.3, reg_lambda=5, silent=True,
              subsample=1.0, subsample_for_bin=200000, subsample_freq=0), fold=None, round=4, cross_validation=True, predict=True, fit_kwargs={}, groups=None, refit=True, verbose=False, system=False, metrics=None, display=None, kwargs={})
2021-04-21 06:40:57,040:INFO:Checking exceptions
2021-04-21 06:40:57,040:INFO:Importing libraries
2021-04-21 06:40:57,041:INFO:Copying training dataset
2021-04-21 06:40:57,042:INFO:Defining folds
2021-04-21 06:40:57,042:INFO:Declaring metric variables
2021-04-21 06:40:57,042:INFO:Importing untrained model
2021-04-21 06:40:57,042:INFO:Declaring custom model
2021-04-21 06:40:57,043:INFO:Light Gradient Boosting Machine Imported succesfully
2021-04-21 06:40:57,043:INFO:Starting cross validation
2021-04-21 06:40:57,044:INFO:Cross validating with KFold(n_splits=10, random_state=None, shuffle=False), n_jobs=-1
2021-04-21 06:40:58,291:INFO:Calculating mean and std
2021-04-21 06:40:58,292:INFO:Creating metrics dataframe
2021-04-21 06:40:58,297:INFO:Finalizing model
2021-04-21 06:40:58,870:INFO:Uploading results into container
2021-04-21 06:40:58,870:INFO:Uploading model into container now
2021-04-21 06:40:58,870:INFO:create_model_container: 19
2021-04-21 06:40:58,870:INFO:master_model_container: 19
2021-04-21 06:40:58,870:INFO:display_container: 6
2021-04-21 06:40:58,871:INFO:LGBMRegressor(bagging_fraction=0.9, bagging_freq=5, boosting_type='gbdt',
              class_weight=None, colsample_bytree=1.0, feature_fraction=0.5,
              importance_type='split', learning_rate=0.05, max_depth=-1,
              min_child_samples=61, min_child_weight=0.001, min_split_gain=0,
              n_estimators=240, n_jobs=-1, num_leaves=90, objective=None,
              random_state=5343, reg_alpha=0.3, reg_lambda=5, silent=True,
              subsample=1.0, subsample_for_bin=200000, subsample_freq=0)
2021-04-21 06:40:58,871:INFO:create_model() succesfully completed......................................
2021-04-21 06:40:58,946:INFO:create_model_container: 19
2021-04-21 06:40:58,946:INFO:master_model_container: 19
2021-04-21 06:40:58,947:INFO:display_container: 5
2021-04-21 06:40:58,947:INFO:LGBMRegressor(bagging_fraction=0.9, bagging_freq=5, boosting_type='gbdt',
              class_weight=None, colsample_bytree=1.0, feature_fraction=0.5,
              importance_type='split', learning_rate=0.05, max_depth=-1,
              min_child_samples=61, min_child_weight=0.001, min_split_gain=0,
              n_estimators=240, n_jobs=-1, num_leaves=90, objective=None,
              random_state=5343, reg_alpha=0.3, reg_lambda=5, silent=True,
              subsample=1.0, subsample_for_bin=200000, subsample_freq=0)
2021-04-21 06:40:58,947:INFO:finalize_model() succesfully completed......................................
2021-04-21 06:40:59,051:INFO:Initializing predict_model()
2021-04-21 06:40:59,052:INFO:predict_model(estimator=LGBMRegressor(bagging_fraction=0.9, bagging_freq=5, boosting_type='gbdt',
              class_weight=None, colsample_bytree=1.0, feature_fraction=0.5,
              importance_type='split', learning_rate=0.05, max_depth=-1,
              min_child_samples=61, min_child_weight=0.001, min_split_gain=0,
              n_estimators=240, n_jobs=-1, num_leaves=90, objective=None,
              random_state=5343, reg_alpha=0.3, reg_lambda=5, silent=True,
              subsample=1.0, subsample_for_bin=200000, subsample_freq=0), probability_threshold=None, encoded_labels=True, raw_score=False, round=4, verbose=True, ml_usecase=MLUsecase.REGRESSION, display=None)
2021-04-21 06:40:59,052:INFO:Checking exceptions
2021-04-21 06:40:59,052:INFO:Preloading libraries
2021-04-21 06:40:59,052:INFO:Preparing display monitor
