2021-04-21 07:23:41,741:INFO:PyCaret Supervised Module
2021-04-21 07:23:41,741:INFO:ML Usecase: regression
2021-04-21 07:23:41,741:INFO:version 2.3.0
2021-04-21 07:23:41,741:INFO:Initializing setup()
2021-04-21 07:23:41,741:INFO:setup(target=pIC50, ml_usecase=regression, available_plots={'parameter': 'Hyperparameters', 'residuals': 'Residuals', 'error': 'Prediction Error', 'cooks': 'Cooks Distance', 'rfe': 'Feature Selection', 'learning': 'Learning Curve', 'manifold': 'Manifold Learning', 'vc': 'Validation Curve', 'feature': 'Feature Importance', 'feature_all': 'Feature Importance (All)', 'tree': 'Decision Tree', 'residuals_interactive': 'Interactive Residuals'}, train_size=0.8, test_data=None, preprocess=True, imputation_type=simple, iterative_imputation_iters=5, categorical_features=None, categorical_imputation=constant, categorical_iterative_imputer=lightgbm, ordinal_features=None, high_cardinality_features=None, high_cardinality_method=frequency, numeric_features=None, numeric_imputation=mean, numeric_iterative_imputer=lightgbm, date_features=None, ignore_features=None, normalize=False, normalize_method=zscore, transformation=False, transformation_method=yeo-johnson, handle_unknown_categorical=True, unknown_categorical_method=least_frequent, pca=False, pca_method=linear, pca_components=None, ignore_low_variance=False, combine_rare_levels=False, rare_level_threshold=0.1, bin_numeric_features=None, remove_outliers=False, outliers_threshold=0.05, remove_multicollinearity=False, multicollinearity_threshold=0.9, remove_perfect_collinearity=True, create_clusters=False, cluster_iter=20, polynomial_features=False, polynomial_degree=2, trigonometry_features=False, polynomial_threshold=0.1, group_features=None, group_names=None, feature_selection=False, feature_selection_threshold=0.8, feature_selection_method=classic, feature_interaction=False, feature_ratio=False, interaction_threshold=0.01, fix_imbalance=False, fix_imbalance_method=None, transform_target=False, transform_target_method=box-cox, data_split_shuffle=True, data_split_stratify=False, fold_strategy=kfold, fold=10, fold_shuffle=False, fold_groups=None, n_jobs=-1, use_gpu=False, custom_pipeline=None, html=True, session_id=None, log_experiment=False, experiment_name=None, log_plots=False, log_profile=False, log_data=False, silent=True, verbose=True, profile=False, profile_kwargs=None, display=None)
2021-04-21 07:23:41,742:INFO:Checking environment
2021-04-21 07:23:41,742:INFO:python_version: 3.9.2
2021-04-21 07:23:41,742:INFO:python_build: ('tags/v3.9.2:1a79785', 'Feb 19 2021 13:44:55')
2021-04-21 07:23:41,742:INFO:machine: AMD64
2021-04-21 07:23:41,743:INFO:platform: Windows-10-10.0.19041-SP0
2021-04-21 07:23:41,743:WARNING:cannot find psutil installation. memory not traceable. Install psutil using pip to enable memory logging.
2021-04-21 07:23:41,744:INFO:Checking libraries
2021-04-21 07:23:41,744:INFO:pd==1.2.4
2021-04-21 07:23:41,744:INFO:numpy==1.19.5
2021-04-21 07:23:41,744:INFO:sklearn==0.23.2
2021-04-21 07:23:41,744:INFO:lightgbm==3.2.1.99
2021-04-21 07:23:41,745:WARNING:catboost not found
2021-04-21 07:23:41,745:WARNING:xgboost not found
2021-04-21 07:23:42,143:INFO:mlflow==1.15.0
2021-04-21 07:23:42,144:INFO:Checking Exceptions
2021-04-21 07:23:42,144:INFO:Declaring global variables
2021-04-21 07:23:42,144:INFO:USI: 9aca
2021-04-21 07:23:42,144:INFO:pycaret_globals: {'fold_param', 'transform_target_method_param', 'fold_groups_param', 'target_param', 'fix_imbalance_param', '_available_plots', 'n_jobs_param', 'X', 'USI', '_gpu_n_jobs_param', '_ml_usecase', 'exp_name_log', 'y_train', '_all_models', 'experiment__', '_internal_pipeline', 'prep_pipe', 'y', 'X_train', 'fold_generator', '_all_models_internal', 'data_before_preprocess', 'fold_shuffle_param', 'stratify_param', 'pycaret_globals', 'html_param', 'imputation_regressor', 'master_model_container', 'seed', 'create_model_container', 'logging_param', 'imputation_classifier', 'y_test', 'fix_imbalance_method_param', 'iterative_imputation_iters_param', 'transform_target_param', 'X_test', 'display_container', '_all_metrics', 'gpu_param', 'log_plots_param'}
2021-04-21 07:23:42,144:INFO:Preparing display monitor
2021-04-21 07:23:42,144:INFO:Preparing display monitor
2021-04-21 07:23:42,157:INFO:Importing libraries
2021-04-21 07:23:42,158:INFO:Copying data for preprocessing
2021-04-21 07:23:42,166:INFO:Declaring preprocessing parameters
2021-04-21 07:23:42,168:INFO:Creating preprocessing pipeline
2021-04-21 07:23:42,198:INFO:Preprocessing pipeline created successfully
2021-04-21 07:23:42,199:ERROR:(Process Exit): setup has been interupted with user command 'quit'. setup must rerun.
2021-04-21 07:23:42,199:INFO:Creating global containers
2021-04-21 07:23:42,200:INFO:Internal pipeline: Pipeline(memory=None, steps=[('empty_step', 'passthrough')], verbose=False)
2021-04-21 07:23:42,787:WARNING:Couldn't import xgboost.XGBRegressor
2021-04-21 07:23:42,788:WARNING:Couldn't import catboost.CatBoostRegressor
2021-04-21 07:23:42,882:WARNING:Couldn't import xgboost.XGBRegressor
2021-04-21 07:23:42,882:WARNING:Couldn't import catboost.CatBoostRegressor
2021-04-21 07:23:42,883:INFO:Creating grid variables
2021-04-21 07:23:42,899:INFO:create_model_container: 0
2021-04-21 07:23:42,900:INFO:master_model_container: 0
2021-04-21 07:23:42,900:INFO:display_container: 1
2021-04-21 07:23:42,903:INFO:Pipeline(memory=None,
         steps=[('dtypes',
                 DataTypes_Auto_infer(categorical_features=[],
                                      display_types=False, features_todrop=[],
                                      id_columns=['Unnamed: 0'],
                                      ml_usecase='regression',
                                      numerical_features=[], target='pIC50',
                                      time_features=[])),
                ('imputer',
                 Simple_Imputer(categorical_strategy='not_available',
                                fill_value_categorical=None,
                                fill_value_numerical=None,
                                numeri...
                ('scaling', 'passthrough'), ('P_transform', 'passthrough'),
                ('binn', 'passthrough'), ('rem_outliers', 'passthrough'),
                ('cluster_all', 'passthrough'),
                ('dummy', Dummify(target='pIC50')),
                ('fix_perfect', Remove_100(target='pIC50')),
                ('clean_names', Clean_Colum_Names()),
                ('feature_select', 'passthrough'), ('fix_multi', 'passthrough'),
                ('dfs', 'passthrough'), ('pca', 'passthrough')],
         verbose=False)
2021-04-21 07:23:42,904:INFO:setup() succesfully completed......................................
2021-04-21 07:23:42,978:INFO:Initializing compare_models()
2021-04-21 07:23:42,978:INFO:compare_models(include=None, fold=None, round=4, cross_validation=True, sort=R2, n_select=1, budget_time=None, turbo=True, errors=ignore, fit_kwargs=None, groups=None, verbose=True, display=None, exclude=None)
2021-04-21 07:23:42,978:INFO:Checking exceptions
2021-04-21 07:23:42,978:INFO:Preparing display monitor
2021-04-21 07:23:42,978:INFO:Preparing display monitor
2021-04-21 07:23:43,017:INFO:Initializing Linear Regression
2021-04-21 07:23:43,017:INFO:Total runtime is 0.0 minutes
2021-04-21 07:23:43,030:INFO:SubProcess create_model() called ==================================
2021-04-21 07:23:43,030:INFO:Initializing create_model()
2021-04-21 07:23:43,030:INFO:create_model(estimator=lr, fold=KFold(n_splits=10, random_state=None, shuffle=False), round=4, cross_validation=True, predict=True, fit_kwargs={}, groups=None, refit=False, verbose=False, system=False, metrics=None, display=<pycaret.internal.Display.Display object at 0x000001FF9D7254F0>, kwargs={})
2021-04-21 07:23:43,030:INFO:Checking exceptions
2021-04-21 07:23:43,030:INFO:Importing libraries
2021-04-21 07:23:43,030:INFO:Copying training dataset
2021-04-21 07:23:43,031:INFO:Defining folds
2021-04-21 07:23:43,032:INFO:Declaring metric variables
2021-04-21 07:23:43,043:INFO:Importing untrained model
2021-04-21 07:23:43,057:INFO:Linear Regression Imported succesfully
2021-04-21 07:23:43,079:INFO:Starting cross validation
2021-04-21 07:23:43,085:INFO:Cross validating with KFold(n_splits=10, random_state=None, shuffle=False), n_jobs=-1
2021-04-21 07:23:47,178:INFO:Calculating mean and std
2021-04-21 07:23:47,180:INFO:Creating metrics dataframe
2021-04-21 07:23:47,184:INFO:Uploading results into container
2021-04-21 07:23:47,184:INFO:Uploading model into container now
2021-04-21 07:23:47,184:INFO:create_model_container: 1
2021-04-21 07:23:47,185:INFO:master_model_container: 1
2021-04-21 07:23:47,185:INFO:display_container: 2
2021-04-21 07:23:47,185:INFO:LinearRegression(copy_X=True, fit_intercept=True, n_jobs=-1, normalize=False)
2021-04-21 07:23:47,185:INFO:create_model() succesfully completed......................................
2021-04-21 07:23:47,273:INFO:SubProcess create_model() end ==================================
2021-04-21 07:23:47,273:INFO:Creating metrics dataframe
2021-04-21 07:23:47,291:INFO:Initializing Lasso Regression
2021-04-21 07:23:47,291:INFO:Total runtime is 0.07123440504074097 minutes
2021-04-21 07:23:47,302:INFO:SubProcess create_model() called ==================================
2021-04-21 07:23:47,303:INFO:Initializing create_model()
2021-04-21 07:23:47,303:INFO:create_model(estimator=lasso, fold=KFold(n_splits=10, random_state=None, shuffle=False), round=4, cross_validation=True, predict=True, fit_kwargs={}, groups=None, refit=False, verbose=False, system=False, metrics=None, display=<pycaret.internal.Display.Display object at 0x000001FF9D7254F0>, kwargs={})
2021-04-21 07:23:47,303:INFO:Checking exceptions
2021-04-21 07:23:47,303:INFO:Importing libraries
2021-04-21 07:23:47,303:INFO:Copying training dataset
2021-04-21 07:23:47,304:INFO:Defining folds
2021-04-21 07:23:47,304:INFO:Declaring metric variables
2021-04-21 07:23:47,315:INFO:Importing untrained model
2021-04-21 07:23:47,326:INFO:Lasso Regression Imported succesfully
2021-04-21 07:23:47,352:INFO:Starting cross validation
2021-04-21 07:23:47,353:INFO:Cross validating with KFold(n_splits=10, random_state=None, shuffle=False), n_jobs=-1
2021-04-21 07:23:47,430:INFO:Calculating mean and std
2021-04-21 07:23:47,431:INFO:Creating metrics dataframe
2021-04-21 07:23:47,435:INFO:Uploading results into container
2021-04-21 07:23:47,435:INFO:Uploading model into container now
2021-04-21 07:23:47,435:INFO:create_model_container: 2
2021-04-21 07:23:47,435:INFO:master_model_container: 2
2021-04-21 07:23:47,435:INFO:display_container: 2
2021-04-21 07:23:47,436:INFO:Lasso(alpha=1.0, copy_X=True, fit_intercept=True, max_iter=1000,
      normalize=False, positive=False, precompute=False, random_state=6369,
      selection='cyclic', tol=0.0001, warm_start=False)
2021-04-21 07:23:47,436:INFO:create_model() succesfully completed......................................
2021-04-21 07:23:47,518:INFO:SubProcess create_model() end ==================================
2021-04-21 07:23:47,518:INFO:Creating metrics dataframe
2021-04-21 07:23:47,536:INFO:Initializing Ridge Regression
2021-04-21 07:23:47,536:INFO:Total runtime is 0.07531777620315552 minutes
2021-04-21 07:23:47,546:INFO:SubProcess create_model() called ==================================
2021-04-21 07:23:47,547:INFO:Initializing create_model()
2021-04-21 07:23:47,547:INFO:create_model(estimator=ridge, fold=KFold(n_splits=10, random_state=None, shuffle=False), round=4, cross_validation=True, predict=True, fit_kwargs={}, groups=None, refit=False, verbose=False, system=False, metrics=None, display=<pycaret.internal.Display.Display object at 0x000001FF9D7254F0>, kwargs={})
2021-04-21 07:23:47,547:INFO:Checking exceptions
2021-04-21 07:23:47,548:INFO:Importing libraries
2021-04-21 07:23:47,548:INFO:Copying training dataset
2021-04-21 07:23:47,549:INFO:Defining folds
2021-04-21 07:23:47,549:INFO:Declaring metric variables
2021-04-21 07:23:47,560:INFO:Importing untrained model
2021-04-21 07:23:47,571:INFO:Ridge Regression Imported succesfully
2021-04-21 07:23:47,595:INFO:Starting cross validation
2021-04-21 07:23:47,596:INFO:Cross validating with KFold(n_splits=10, random_state=None, shuffle=False), n_jobs=-1
2021-04-21 07:23:47,653:INFO:Calculating mean and std
2021-04-21 07:23:47,653:INFO:Creating metrics dataframe
2021-04-21 07:23:47,657:INFO:Uploading results into container
2021-04-21 07:23:47,657:INFO:Uploading model into container now
2021-04-21 07:23:47,658:INFO:create_model_container: 3
2021-04-21 07:23:47,658:INFO:master_model_container: 3
2021-04-21 07:23:47,658:INFO:display_container: 2
2021-04-21 07:23:47,658:INFO:Ridge(alpha=1.0, copy_X=True, fit_intercept=True, max_iter=None,
      normalize=False, random_state=6369, solver='auto', tol=0.001)
2021-04-21 07:23:47,658:INFO:create_model() succesfully completed......................................
2021-04-21 07:23:47,719:INFO:SubProcess create_model() end ==================================
2021-04-21 07:23:47,719:INFO:Creating metrics dataframe
2021-04-21 07:23:47,734:INFO:Initializing Elastic Net
2021-04-21 07:23:47,734:INFO:Total runtime is 0.07861773570378622 minutes
2021-04-21 07:23:47,742:INFO:SubProcess create_model() called ==================================
2021-04-21 07:23:47,742:INFO:Initializing create_model()
2021-04-21 07:23:47,742:INFO:create_model(estimator=en, fold=KFold(n_splits=10, random_state=None, shuffle=False), round=4, cross_validation=True, predict=True, fit_kwargs={}, groups=None, refit=False, verbose=False, system=False, metrics=None, display=<pycaret.internal.Display.Display object at 0x000001FF9D7254F0>, kwargs={})
2021-04-21 07:23:47,742:INFO:Checking exceptions
2021-04-21 07:23:47,742:INFO:Importing libraries
2021-04-21 07:23:47,742:INFO:Copying training dataset
2021-04-21 07:23:47,743:INFO:Defining folds
2021-04-21 07:23:47,743:INFO:Declaring metric variables
2021-04-21 07:23:47,753:INFO:Importing untrained model
2021-04-21 07:23:47,761:INFO:Elastic Net Imported succesfully
2021-04-21 07:23:47,781:INFO:Starting cross validation
2021-04-21 07:23:47,782:INFO:Cross validating with KFold(n_splits=10, random_state=None, shuffle=False), n_jobs=-1
2021-04-21 07:23:47,849:INFO:Calculating mean and std
2021-04-21 07:23:47,850:INFO:Creating metrics dataframe
2021-04-21 07:23:47,855:INFO:Uploading results into container
2021-04-21 07:23:47,855:INFO:Uploading model into container now
2021-04-21 07:23:47,855:INFO:create_model_container: 4
2021-04-21 07:23:47,856:INFO:master_model_container: 4
2021-04-21 07:23:47,856:INFO:display_container: 2
2021-04-21 07:23:47,856:INFO:ElasticNet(alpha=1.0, copy_X=True, fit_intercept=True, l1_ratio=0.5,
           max_iter=1000, normalize=False, positive=False, precompute=False,
           random_state=6369, selection='cyclic', tol=0.0001, warm_start=False)
2021-04-21 07:23:47,856:INFO:create_model() succesfully completed......................................
2021-04-21 07:23:47,930:INFO:SubProcess create_model() end ==================================
2021-04-21 07:23:47,930:INFO:Creating metrics dataframe
2021-04-21 07:23:47,956:INFO:Initializing Least Angle Regression
2021-04-21 07:23:47,956:INFO:Total runtime is 0.08231773376464845 minutes
2021-04-21 07:23:47,970:INFO:SubProcess create_model() called ==================================
2021-04-21 07:23:47,971:INFO:Initializing create_model()
2021-04-21 07:23:47,971:INFO:create_model(estimator=lar, fold=KFold(n_splits=10, random_state=None, shuffle=False), round=4, cross_validation=True, predict=True, fit_kwargs={}, groups=None, refit=False, verbose=False, system=False, metrics=None, display=<pycaret.internal.Display.Display object at 0x000001FF9D7254F0>, kwargs={})
2021-04-21 07:23:47,971:INFO:Checking exceptions
2021-04-21 07:23:47,972:INFO:Importing libraries
2021-04-21 07:23:47,972:INFO:Copying training dataset
2021-04-21 07:23:47,973:INFO:Defining folds
2021-04-21 07:23:47,973:INFO:Declaring metric variables
2021-04-21 07:23:47,985:INFO:Importing untrained model
2021-04-21 07:23:47,999:INFO:Least Angle Regression Imported succesfully
2021-04-21 07:23:48,024:INFO:Starting cross validation
2021-04-21 07:23:48,025:INFO:Cross validating with KFold(n_splits=10, random_state=None, shuffle=False), n_jobs=-1
2021-04-21 07:23:48,118:INFO:Calculating mean and std
2021-04-21 07:23:48,119:INFO:Creating metrics dataframe
2021-04-21 07:23:48,126:INFO:Uploading results into container
2021-04-21 07:23:48,126:INFO:Uploading model into container now
2021-04-21 07:23:48,126:INFO:create_model_container: 5
2021-04-21 07:23:48,126:INFO:master_model_container: 5
2021-04-21 07:23:48,127:INFO:display_container: 2
2021-04-21 07:23:48,127:INFO:Lars(copy_X=True, eps=2.220446049250313e-16, fit_intercept=True, fit_path=True,
     jitter=None, n_nonzero_coefs=500, normalize=True, precompute='auto',
     random_state=6369, verbose=False)
2021-04-21 07:23:48,127:INFO:create_model() succesfully completed......................................
2021-04-21 07:23:48,194:INFO:SubProcess create_model() end ==================================
2021-04-21 07:23:48,194:INFO:Creating metrics dataframe
2021-04-21 07:23:48,210:INFO:Initializing Lasso Least Angle Regression
2021-04-21 07:23:48,211:INFO:Total runtime is 0.08657633066177368 minutes
2021-04-21 07:23:48,219:INFO:SubProcess create_model() called ==================================
2021-04-21 07:23:48,219:INFO:Initializing create_model()
2021-04-21 07:23:48,219:INFO:create_model(estimator=llar, fold=KFold(n_splits=10, random_state=None, shuffle=False), round=4, cross_validation=True, predict=True, fit_kwargs={}, groups=None, refit=False, verbose=False, system=False, metrics=None, display=<pycaret.internal.Display.Display object at 0x000001FF9D7254F0>, kwargs={})
2021-04-21 07:23:48,220:INFO:Checking exceptions
2021-04-21 07:23:48,220:INFO:Importing libraries
2021-04-21 07:23:48,220:INFO:Copying training dataset
2021-04-21 07:23:48,221:INFO:Defining folds
2021-04-21 07:23:48,221:INFO:Declaring metric variables
2021-04-21 07:23:48,231:INFO:Importing untrained model
2021-04-21 07:23:48,241:INFO:Lasso Least Angle Regression Imported succesfully
2021-04-21 07:23:48,262:INFO:Starting cross validation
2021-04-21 07:23:48,263:INFO:Cross validating with KFold(n_splits=10, random_state=None, shuffle=False), n_jobs=-1
2021-04-21 07:23:48,337:INFO:Calculating mean and std
2021-04-21 07:23:48,338:INFO:Creating metrics dataframe
2021-04-21 07:23:48,344:INFO:Uploading results into container
2021-04-21 07:23:48,345:INFO:Uploading model into container now
2021-04-21 07:23:48,345:INFO:create_model_container: 6
2021-04-21 07:23:48,345:INFO:master_model_container: 6
2021-04-21 07:23:48,345:INFO:display_container: 2
2021-04-21 07:23:48,346:INFO:LassoLars(alpha=1.0, copy_X=True, eps=2.220446049250313e-16, fit_intercept=True,
          fit_path=True, jitter=None, max_iter=500, normalize=True,
          positive=False, precompute='auto', random_state=6369, verbose=False)
2021-04-21 07:23:48,346:INFO:create_model() succesfully completed......................................
2021-04-21 07:23:48,414:INFO:SubProcess create_model() end ==================================
2021-04-21 07:23:48,414:INFO:Creating metrics dataframe
2021-04-21 07:23:48,429:INFO:Initializing Orthogonal Matching Pursuit
2021-04-21 07:23:48,429:INFO:Total runtime is 0.09020965894063314 minutes
2021-04-21 07:23:48,439:INFO:SubProcess create_model() called ==================================
2021-04-21 07:23:48,439:INFO:Initializing create_model()
2021-04-21 07:23:48,439:INFO:create_model(estimator=omp, fold=KFold(n_splits=10, random_state=None, shuffle=False), round=4, cross_validation=True, predict=True, fit_kwargs={}, groups=None, refit=False, verbose=False, system=False, metrics=None, display=<pycaret.internal.Display.Display object at 0x000001FF9D7254F0>, kwargs={})
2021-04-21 07:23:48,439:INFO:Checking exceptions
2021-04-21 07:23:48,439:INFO:Importing libraries
2021-04-21 07:23:48,440:INFO:Copying training dataset
2021-04-21 07:23:48,441:INFO:Defining folds
2021-04-21 07:23:48,441:INFO:Declaring metric variables
2021-04-21 07:23:48,451:INFO:Importing untrained model
2021-04-21 07:23:48,463:INFO:Orthogonal Matching Pursuit Imported succesfully
2021-04-21 07:23:48,486:INFO:Starting cross validation
2021-04-21 07:23:48,487:INFO:Cross validating with KFold(n_splits=10, random_state=None, shuffle=False), n_jobs=-1
2021-04-21 07:23:48,542:INFO:Calculating mean and std
2021-04-21 07:23:48,543:INFO:Creating metrics dataframe
2021-04-21 07:23:48,546:INFO:Uploading results into container
2021-04-21 07:23:48,546:INFO:Uploading model into container now
2021-04-21 07:23:48,546:INFO:create_model_container: 7
2021-04-21 07:23:48,547:INFO:master_model_container: 7
2021-04-21 07:23:48,547:INFO:display_container: 2
2021-04-21 07:23:48,547:INFO:OrthogonalMatchingPursuit(fit_intercept=True, n_nonzero_coefs=None,
                          normalize=True, precompute='auto', tol=None)
2021-04-21 07:23:48,547:INFO:create_model() succesfully completed......................................
2021-04-21 07:23:48,605:INFO:SubProcess create_model() end ==================================
2021-04-21 07:23:48,606:INFO:Creating metrics dataframe
2021-04-21 07:23:48,623:INFO:Initializing Bayesian Ridge
2021-04-21 07:23:48,623:INFO:Total runtime is 0.09343502918879192 minutes
2021-04-21 07:23:48,632:INFO:SubProcess create_model() called ==================================
2021-04-21 07:23:48,633:INFO:Initializing create_model()
2021-04-21 07:23:48,633:INFO:create_model(estimator=br, fold=KFold(n_splits=10, random_state=None, shuffle=False), round=4, cross_validation=True, predict=True, fit_kwargs={}, groups=None, refit=False, verbose=False, system=False, metrics=None, display=<pycaret.internal.Display.Display object at 0x000001FF9D7254F0>, kwargs={})
2021-04-21 07:23:48,633:INFO:Checking exceptions
2021-04-21 07:23:48,633:INFO:Importing libraries
2021-04-21 07:23:48,633:INFO:Copying training dataset
2021-04-21 07:23:48,634:INFO:Defining folds
2021-04-21 07:23:48,635:INFO:Declaring metric variables
2021-04-21 07:23:48,644:INFO:Importing untrained model
2021-04-21 07:23:48,652:INFO:Bayesian Ridge Imported succesfully
2021-04-21 07:23:48,675:INFO:Starting cross validation
2021-04-21 07:23:48,675:INFO:Cross validating with KFold(n_splits=10, random_state=None, shuffle=False), n_jobs=-1
2021-04-21 07:23:48,744:INFO:Calculating mean and std
2021-04-21 07:23:48,744:INFO:Creating metrics dataframe
2021-04-21 07:23:48,748:INFO:Uploading results into container
2021-04-21 07:23:48,748:INFO:Uploading model into container now
2021-04-21 07:23:48,749:INFO:create_model_container: 8
2021-04-21 07:23:48,749:INFO:master_model_container: 8
2021-04-21 07:23:48,749:INFO:display_container: 2
2021-04-21 07:23:48,749:INFO:BayesianRidge(alpha_1=1e-06, alpha_2=1e-06, alpha_init=None,
              compute_score=False, copy_X=True, fit_intercept=True,
              lambda_1=1e-06, lambda_2=1e-06, lambda_init=None, n_iter=300,
              normalize=False, tol=0.001, verbose=False)
2021-04-21 07:23:48,749:INFO:create_model() succesfully completed......................................
2021-04-21 07:23:48,807:INFO:SubProcess create_model() end ==================================
2021-04-21 07:23:48,807:INFO:Creating metrics dataframe
2021-04-21 07:23:48,823:INFO:Initializing Passive Aggressive Regressor
2021-04-21 07:23:48,823:INFO:Total runtime is 0.09676838318506877 minutes
2021-04-21 07:23:48,830:INFO:SubProcess create_model() called ==================================
2021-04-21 07:23:48,831:INFO:Initializing create_model()
2021-04-21 07:23:48,831:INFO:create_model(estimator=par, fold=KFold(n_splits=10, random_state=None, shuffle=False), round=4, cross_validation=True, predict=True, fit_kwargs={}, groups=None, refit=False, verbose=False, system=False, metrics=None, display=<pycaret.internal.Display.Display object at 0x000001FF9D7254F0>, kwargs={})
2021-04-21 07:23:48,831:INFO:Checking exceptions
2021-04-21 07:23:48,831:INFO:Importing libraries
2021-04-21 07:23:48,832:INFO:Copying training dataset
2021-04-21 07:23:48,832:INFO:Defining folds
2021-04-21 07:23:48,833:INFO:Declaring metric variables
2021-04-21 07:23:48,840:INFO:Importing untrained model
2021-04-21 07:23:48,849:INFO:Passive Aggressive Regressor Imported succesfully
2021-04-21 07:23:48,870:INFO:Starting cross validation
2021-04-21 07:23:48,871:INFO:Cross validating with KFold(n_splits=10, random_state=None, shuffle=False), n_jobs=-1
2021-04-21 07:23:48,937:INFO:Calculating mean and std
2021-04-21 07:23:48,938:INFO:Creating metrics dataframe
2021-04-21 07:23:48,941:INFO:Uploading results into container
2021-04-21 07:23:48,941:INFO:Uploading model into container now
2021-04-21 07:23:48,941:INFO:create_model_container: 9
2021-04-21 07:23:48,941:INFO:master_model_container: 9
2021-04-21 07:23:48,942:INFO:display_container: 2
2021-04-21 07:23:48,942:INFO:PassiveAggressiveRegressor(C=1.0, average=False, early_stopping=False,
                           epsilon=0.1, fit_intercept=True,
                           loss='epsilon_insensitive', max_iter=1000,
                           n_iter_no_change=5, random_state=6369, shuffle=True,
                           tol=0.001, validation_fraction=0.1, verbose=0,
                           warm_start=False)
2021-04-21 07:23:48,942:INFO:create_model() succesfully completed......................................
2021-04-21 07:23:49,002:INFO:SubProcess create_model() end ==================================
2021-04-21 07:23:49,002:INFO:Creating metrics dataframe
2021-04-21 07:23:49,021:INFO:Initializing Huber Regressor
2021-04-21 07:23:49,021:INFO:Total runtime is 0.10006835460662841 minutes
2021-04-21 07:23:49,030:INFO:SubProcess create_model() called ==================================
2021-04-21 07:23:49,030:INFO:Initializing create_model()
2021-04-21 07:23:49,031:INFO:create_model(estimator=huber, fold=KFold(n_splits=10, random_state=None, shuffle=False), round=4, cross_validation=True, predict=True, fit_kwargs={}, groups=None, refit=False, verbose=False, system=False, metrics=None, display=<pycaret.internal.Display.Display object at 0x000001FF9D7254F0>, kwargs={})
2021-04-21 07:23:49,031:INFO:Checking exceptions
2021-04-21 07:23:49,031:INFO:Importing libraries
2021-04-21 07:23:49,031:INFO:Copying training dataset
2021-04-21 07:23:49,032:INFO:Defining folds
2021-04-21 07:23:49,032:INFO:Declaring metric variables
2021-04-21 07:23:49,043:INFO:Importing untrained model
2021-04-21 07:23:49,052:INFO:Huber Regressor Imported succesfully
2021-04-21 07:23:49,077:INFO:Starting cross validation
2021-04-21 07:23:49,078:INFO:Cross validating with KFold(n_splits=10, random_state=None, shuffle=False), n_jobs=-1
2021-04-21 07:23:49,251:INFO:Calculating mean and std
2021-04-21 07:23:49,253:INFO:Creating metrics dataframe
2021-04-21 07:23:49,258:INFO:Uploading results into container
2021-04-21 07:23:49,258:INFO:Uploading model into container now
2021-04-21 07:23:49,259:INFO:create_model_container: 10
2021-04-21 07:23:49,259:INFO:master_model_container: 10
2021-04-21 07:23:49,259:INFO:display_container: 2
2021-04-21 07:23:49,260:INFO:HuberRegressor(alpha=0.0001, epsilon=1.35, fit_intercept=True, max_iter=100,
               tol=1e-05, warm_start=False)
2021-04-21 07:23:49,260:INFO:create_model() succesfully completed......................................
2021-04-21 07:23:49,339:INFO:SubProcess create_model() end ==================================
2021-04-21 07:23:49,339:INFO:Creating metrics dataframe
2021-04-21 07:23:49,357:INFO:Initializing K Neighbors Regressor
2021-04-21 07:23:49,357:INFO:Total runtime is 0.10566835403442382 minutes
2021-04-21 07:23:49,365:INFO:SubProcess create_model() called ==================================
2021-04-21 07:23:49,366:INFO:Initializing create_model()
2021-04-21 07:23:49,366:INFO:create_model(estimator=knn, fold=KFold(n_splits=10, random_state=None, shuffle=False), round=4, cross_validation=True, predict=True, fit_kwargs={}, groups=None, refit=False, verbose=False, system=False, metrics=None, display=<pycaret.internal.Display.Display object at 0x000001FF9D7254F0>, kwargs={})
2021-04-21 07:23:49,366:INFO:Checking exceptions
2021-04-21 07:23:49,366:INFO:Importing libraries
2021-04-21 07:23:49,366:INFO:Copying training dataset
2021-04-21 07:23:49,367:INFO:Defining folds
2021-04-21 07:23:49,367:INFO:Declaring metric variables
2021-04-21 07:23:49,377:INFO:Importing untrained model
2021-04-21 07:23:49,388:INFO:K Neighbors Regressor Imported succesfully
2021-04-21 07:23:49,412:INFO:Starting cross validation
2021-04-21 07:23:49,413:INFO:Cross validating with KFold(n_splits=10, random_state=None, shuffle=False), n_jobs=-1
2021-04-21 07:23:49,577:INFO:Calculating mean and std
2021-04-21 07:23:49,579:INFO:Creating metrics dataframe
2021-04-21 07:23:49,584:INFO:Uploading results into container
2021-04-21 07:23:49,585:INFO:Uploading model into container now
2021-04-21 07:23:49,585:INFO:create_model_container: 11
2021-04-21 07:23:49,585:INFO:master_model_container: 11
2021-04-21 07:23:49,585:INFO:display_container: 2
2021-04-21 07:23:49,586:INFO:KNeighborsRegressor(algorithm='auto', leaf_size=30, metric='minkowski',
                    metric_params=None, n_jobs=-1, n_neighbors=5, p=2,
                    weights='uniform')
2021-04-21 07:23:49,586:INFO:create_model() succesfully completed......................................
2021-04-21 07:23:49,651:INFO:SubProcess create_model() end ==================================
2021-04-21 07:23:49,651:INFO:Creating metrics dataframe
2021-04-21 07:23:49,682:INFO:Initializing Decision Tree Regressor
2021-04-21 07:23:49,682:INFO:Total runtime is 0.11108502944310505 minutes
2021-04-21 07:23:49,693:INFO:SubProcess create_model() called ==================================
2021-04-21 07:23:49,693:INFO:Initializing create_model()
2021-04-21 07:23:49,694:INFO:create_model(estimator=dt, fold=KFold(n_splits=10, random_state=None, shuffle=False), round=4, cross_validation=True, predict=True, fit_kwargs={}, groups=None, refit=False, verbose=False, system=False, metrics=None, display=<pycaret.internal.Display.Display object at 0x000001FF9D7254F0>, kwargs={})
2021-04-21 07:23:49,694:INFO:Checking exceptions
2021-04-21 07:23:49,694:INFO:Importing libraries
2021-04-21 07:23:49,694:INFO:Copying training dataset
2021-04-21 07:23:49,695:INFO:Defining folds
2021-04-21 07:23:49,696:INFO:Declaring metric variables
2021-04-21 07:23:49,712:INFO:Importing untrained model
2021-04-21 07:23:49,724:INFO:Decision Tree Regressor Imported succesfully
2021-04-21 07:23:49,740:INFO:Starting cross validation
2021-04-21 07:23:49,741:INFO:Cross validating with KFold(n_splits=10, random_state=None, shuffle=False), n_jobs=-1
2021-04-21 07:23:49,798:INFO:Calculating mean and std
2021-04-21 07:23:49,800:INFO:Creating metrics dataframe
2021-04-21 07:23:49,805:INFO:Uploading results into container
2021-04-21 07:23:49,805:INFO:Uploading model into container now
2021-04-21 07:23:49,806:INFO:create_model_container: 12
2021-04-21 07:23:49,806:INFO:master_model_container: 12
2021-04-21 07:23:49,806:INFO:display_container: 2
2021-04-21 07:23:49,806:INFO:DecisionTreeRegressor(ccp_alpha=0.0, criterion='mse', max_depth=None,
                      max_features=None, max_leaf_nodes=None,
                      min_impurity_decrease=0.0, min_impurity_split=None,
                      min_samples_leaf=1, min_samples_split=2,
                      min_weight_fraction_leaf=0.0, presort='deprecated',
                      random_state=6369, splitter='best')
2021-04-21 07:23:49,806:INFO:create_model() succesfully completed......................................
2021-04-21 07:23:49,870:INFO:SubProcess create_model() end ==================================
2021-04-21 07:23:49,870:INFO:Creating metrics dataframe
2021-04-21 07:23:49,888:INFO:Initializing Random Forest Regressor
2021-04-21 07:23:49,888:INFO:Total runtime is 0.11451838016510009 minutes
2021-04-21 07:23:49,896:INFO:SubProcess create_model() called ==================================
2021-04-21 07:23:49,897:INFO:Initializing create_model()
2021-04-21 07:23:49,897:INFO:create_model(estimator=rf, fold=KFold(n_splits=10, random_state=None, shuffle=False), round=4, cross_validation=True, predict=True, fit_kwargs={}, groups=None, refit=False, verbose=False, system=False, metrics=None, display=<pycaret.internal.Display.Display object at 0x000001FF9D7254F0>, kwargs={})
2021-04-21 07:23:49,897:INFO:Checking exceptions
2021-04-21 07:23:49,897:INFO:Importing libraries
2021-04-21 07:23:49,897:INFO:Copying training dataset
2021-04-21 07:23:49,898:INFO:Defining folds
2021-04-21 07:23:49,898:INFO:Declaring metric variables
2021-04-21 07:23:49,906:INFO:Importing untrained model
2021-04-21 07:23:49,916:INFO:Random Forest Regressor Imported succesfully
2021-04-21 07:23:49,939:INFO:Starting cross validation
2021-04-21 07:23:49,940:INFO:Cross validating with KFold(n_splits=10, random_state=None, shuffle=False), n_jobs=-1
2021-04-21 07:23:51,168:INFO:Calculating mean and std
2021-04-21 07:23:51,170:INFO:Creating metrics dataframe
2021-04-21 07:23:51,174:INFO:Uploading results into container
2021-04-21 07:23:51,175:INFO:Uploading model into container now
2021-04-21 07:23:51,175:INFO:create_model_container: 13
2021-04-21 07:23:51,175:INFO:master_model_container: 13
2021-04-21 07:23:51,175:INFO:display_container: 2
2021-04-21 07:23:51,176:INFO:RandomForestRegressor(bootstrap=True, ccp_alpha=0.0, criterion='mse',
                      max_depth=None, max_features='auto', max_leaf_nodes=None,
                      max_samples=None, min_impurity_decrease=0.0,
                      min_impurity_split=None, min_samples_leaf=1,
                      min_samples_split=2, min_weight_fraction_leaf=0.0,
                      n_estimators=100, n_jobs=-1, oob_score=False,
                      random_state=6369, verbose=0, warm_start=False)
2021-04-21 07:23:51,176:INFO:create_model() succesfully completed......................................
2021-04-21 07:23:51,248:INFO:SubProcess create_model() end ==================================
2021-04-21 07:23:51,248:INFO:Creating metrics dataframe
2021-04-21 07:23:51,272:INFO:Initializing Extra Trees Regressor
2021-04-21 07:23:51,273:INFO:Total runtime is 0.13760169744491577 minutes
2021-04-21 07:23:51,284:INFO:SubProcess create_model() called ==================================
2021-04-21 07:23:51,285:INFO:Initializing create_model()
2021-04-21 07:23:51,285:INFO:create_model(estimator=et, fold=KFold(n_splits=10, random_state=None, shuffle=False), round=4, cross_validation=True, predict=True, fit_kwargs={}, groups=None, refit=False, verbose=False, system=False, metrics=None, display=<pycaret.internal.Display.Display object at 0x000001FF9D7254F0>, kwargs={})
2021-04-21 07:23:51,285:INFO:Checking exceptions
2021-04-21 07:23:51,285:INFO:Importing libraries
2021-04-21 07:23:51,285:INFO:Copying training dataset
2021-04-21 07:23:51,286:INFO:Defining folds
2021-04-21 07:23:51,286:INFO:Declaring metric variables
2021-04-21 07:23:51,296:INFO:Importing untrained model
2021-04-21 07:23:51,307:INFO:Extra Trees Regressor Imported succesfully
2021-04-21 07:23:51,330:INFO:Starting cross validation
2021-04-21 07:23:51,331:INFO:Cross validating with KFold(n_splits=10, random_state=None, shuffle=False), n_jobs=-1
2021-04-21 07:23:52,678:INFO:Calculating mean and std
2021-04-21 07:23:52,679:INFO:Creating metrics dataframe
2021-04-21 07:23:52,684:INFO:Uploading results into container
2021-04-21 07:23:52,684:INFO:Uploading model into container now
2021-04-21 07:23:52,684:INFO:create_model_container: 14
2021-04-21 07:23:52,685:INFO:master_model_container: 14
2021-04-21 07:23:52,685:INFO:display_container: 2
2021-04-21 07:23:52,685:INFO:ExtraTreesRegressor(bootstrap=False, ccp_alpha=0.0, criterion='mse',
                    max_depth=None, max_features='auto', max_leaf_nodes=None,
                    max_samples=None, min_impurity_decrease=0.0,
                    min_impurity_split=None, min_samples_leaf=1,
                    min_samples_split=2, min_weight_fraction_leaf=0.0,
                    n_estimators=100, n_jobs=-1, oob_score=False,
                    random_state=6369, verbose=0, warm_start=False)
2021-04-21 07:23:52,685:INFO:create_model() succesfully completed......................................
2021-04-21 07:23:52,758:INFO:SubProcess create_model() end ==================================
2021-04-21 07:23:52,758:INFO:Creating metrics dataframe
2021-04-21 07:23:52,784:INFO:Initializing AdaBoost Regressor
2021-04-21 07:23:52,784:INFO:Total runtime is 0.16278504133224486 minutes
2021-04-21 07:23:52,794:INFO:SubProcess create_model() called ==================================
2021-04-21 07:23:52,794:INFO:Initializing create_model()
2021-04-21 07:23:52,795:INFO:create_model(estimator=ada, fold=KFold(n_splits=10, random_state=None, shuffle=False), round=4, cross_validation=True, predict=True, fit_kwargs={}, groups=None, refit=False, verbose=False, system=False, metrics=None, display=<pycaret.internal.Display.Display object at 0x000001FF9D7254F0>, kwargs={})
2021-04-21 07:23:52,795:INFO:Checking exceptions
2021-04-21 07:23:52,795:INFO:Importing libraries
2021-04-21 07:23:52,795:INFO:Copying training dataset
2021-04-21 07:23:52,796:INFO:Defining folds
2021-04-21 07:23:52,796:INFO:Declaring metric variables
2021-04-21 07:23:52,804:INFO:Importing untrained model
2021-04-21 07:23:52,811:INFO:AdaBoost Regressor Imported succesfully
2021-04-21 07:23:52,826:INFO:Starting cross validation
2021-04-21 07:23:52,826:INFO:Cross validating with KFold(n_splits=10, random_state=None, shuffle=False), n_jobs=-1
2021-04-21 07:23:53,062:INFO:Calculating mean and std
2021-04-21 07:23:53,064:INFO:Creating metrics dataframe
2021-04-21 07:23:53,072:INFO:Uploading results into container
2021-04-21 07:23:53,072:INFO:Uploading model into container now
2021-04-21 07:23:53,072:INFO:create_model_container: 15
2021-04-21 07:23:53,072:INFO:master_model_container: 15
2021-04-21 07:23:53,072:INFO:display_container: 2
2021-04-21 07:23:53,073:INFO:AdaBoostRegressor(base_estimator=None, learning_rate=1.0, loss='linear',
                  n_estimators=50, random_state=6369)
2021-04-21 07:23:53,073:INFO:create_model() succesfully completed......................................
2021-04-21 07:23:53,145:INFO:SubProcess create_model() end ==================================
2021-04-21 07:23:53,145:INFO:Creating metrics dataframe
2021-04-21 07:23:53,165:INFO:Initializing Gradient Boosting Regressor
2021-04-21 07:23:53,165:INFO:Total runtime is 0.1691350221633911 minutes
2021-04-21 07:23:53,174:INFO:SubProcess create_model() called ==================================
2021-04-21 07:23:53,175:INFO:Initializing create_model()
2021-04-21 07:23:53,175:INFO:create_model(estimator=gbr, fold=KFold(n_splits=10, random_state=None, shuffle=False), round=4, cross_validation=True, predict=True, fit_kwargs={}, groups=None, refit=False, verbose=False, system=False, metrics=None, display=<pycaret.internal.Display.Display object at 0x000001FF9D7254F0>, kwargs={})
2021-04-21 07:23:53,175:INFO:Checking exceptions
2021-04-21 07:23:53,175:INFO:Importing libraries
2021-04-21 07:23:53,175:INFO:Copying training dataset
2021-04-21 07:23:53,176:INFO:Defining folds
2021-04-21 07:23:53,176:INFO:Declaring metric variables
2021-04-21 07:23:53,184:INFO:Importing untrained model
2021-04-21 07:23:53,193:INFO:Gradient Boosting Regressor Imported succesfully
2021-04-21 07:23:53,216:INFO:Starting cross validation
2021-04-21 07:23:53,217:INFO:Cross validating with KFold(n_splits=10, random_state=None, shuffle=False), n_jobs=-1
2021-04-21 07:23:53,800:INFO:Calculating mean and std
2021-04-21 07:23:53,800:INFO:Creating metrics dataframe
2021-04-21 07:23:53,804:INFO:Uploading results into container
2021-04-21 07:23:53,804:INFO:Uploading model into container now
2021-04-21 07:23:53,804:INFO:create_model_container: 16
2021-04-21 07:23:53,805:INFO:master_model_container: 16
2021-04-21 07:23:53,805:INFO:display_container: 2
2021-04-21 07:23:53,805:INFO:GradientBoostingRegressor(alpha=0.9, ccp_alpha=0.0, criterion='friedman_mse',
                          init=None, learning_rate=0.1, loss='ls', max_depth=3,
                          max_features=None, max_leaf_nodes=None,
                          min_impurity_decrease=0.0, min_impurity_split=None,
                          min_samples_leaf=1, min_samples_split=2,
                          min_weight_fraction_leaf=0.0, n_estimators=100,
                          n_iter_no_change=None, presort='deprecated',
                          random_state=6369, subsample=1.0, tol=0.0001,
                          validation_fraction=0.1, verbose=0, warm_start=False)
2021-04-21 07:23:53,805:INFO:create_model() succesfully completed......................................
2021-04-21 07:23:53,875:INFO:SubProcess create_model() end ==================================
2021-04-21 07:23:53,875:INFO:Creating metrics dataframe
2021-04-21 07:23:53,899:INFO:Initializing Light Gradient Boosting Machine
2021-04-21 07:23:53,899:INFO:Total runtime is 0.18136842648188273 minutes
2021-04-21 07:23:53,908:INFO:SubProcess create_model() called ==================================
2021-04-21 07:23:53,908:INFO:Initializing create_model()
2021-04-21 07:23:53,909:INFO:create_model(estimator=lightgbm, fold=KFold(n_splits=10, random_state=None, shuffle=False), round=4, cross_validation=True, predict=True, fit_kwargs={}, groups=None, refit=False, verbose=False, system=False, metrics=None, display=<pycaret.internal.Display.Display object at 0x000001FF9D7254F0>, kwargs={})
2021-04-21 07:23:53,909:INFO:Checking exceptions
2021-04-21 07:23:53,909:INFO:Importing libraries
2021-04-21 07:23:53,909:INFO:Copying training dataset
2021-04-21 07:23:53,910:INFO:Defining folds
2021-04-21 07:23:53,910:INFO:Declaring metric variables
2021-04-21 07:23:53,920:INFO:Importing untrained model
2021-04-21 07:23:53,932:INFO:Light Gradient Boosting Machine Imported succesfully
2021-04-21 07:23:53,952:INFO:Starting cross validation
2021-04-21 07:23:53,952:INFO:Cross validating with KFold(n_splits=10, random_state=None, shuffle=False), n_jobs=-1
2021-04-21 07:23:54,290:INFO:Calculating mean and std
2021-04-21 07:23:54,291:INFO:Creating metrics dataframe
2021-04-21 07:23:54,298:INFO:Uploading results into container
2021-04-21 07:23:54,298:INFO:Uploading model into container now
2021-04-21 07:23:54,298:INFO:create_model_container: 17
2021-04-21 07:23:54,298:INFO:master_model_container: 17
2021-04-21 07:23:54,298:INFO:display_container: 2
2021-04-21 07:23:54,299:INFO:LGBMRegressor(boosting_type='gbdt', class_weight=None, colsample_bytree=1.0,
              importance_type='split', learning_rate=0.1, max_depth=-1,
              min_child_samples=20, min_child_weight=0.001, min_split_gain=0.0,
              n_estimators=100, n_jobs=-1, num_leaves=31, objective=None,
              random_state=6369, reg_alpha=0.0, reg_lambda=0.0, silent=True,
              subsample=1.0, subsample_for_bin=200000, subsample_freq=0)
2021-04-21 07:23:54,299:INFO:create_model() succesfully completed......................................
2021-04-21 07:23:54,374:INFO:SubProcess create_model() end ==================================
2021-04-21 07:23:54,374:INFO:Creating metrics dataframe
2021-04-21 07:23:54,425:INFO:Initializing create_model()
2021-04-21 07:23:54,425:INFO:create_model(estimator=LGBMRegressor(boosting_type='gbdt', class_weight=None, colsample_bytree=1.0,
              importance_type='split', learning_rate=0.1, max_depth=-1,
              min_child_samples=20, min_child_weight=0.001, min_split_gain=0.0,
              n_estimators=100, n_jobs=-1, num_leaves=31, objective=None,
              random_state=6369, reg_alpha=0.0, reg_lambda=0.0, silent=True,
              subsample=1.0, subsample_for_bin=200000, subsample_freq=0), fold=KFold(n_splits=10, random_state=None, shuffle=False), round=4, cross_validation=False, predict=False, fit_kwargs={}, groups=None, refit=True, verbose=False, system=False, metrics=None, display=None, kwargs={})
2021-04-21 07:23:54,426:INFO:Checking exceptions
2021-04-21 07:23:54,426:INFO:Importing libraries
2021-04-21 07:23:54,426:INFO:Copying training dataset
2021-04-21 07:23:54,427:INFO:Defining folds
2021-04-21 07:23:54,427:INFO:Declaring metric variables
2021-04-21 07:23:54,427:INFO:Importing untrained model
2021-04-21 07:23:54,427:INFO:Declaring custom model
2021-04-21 07:23:54,428:INFO:Light Gradient Boosting Machine Imported succesfully
2021-04-21 07:23:54,429:INFO:Cross validation set to False
2021-04-21 07:23:54,429:INFO:Fitting Model
2021-04-21 07:23:54,536:INFO:LGBMRegressor(boosting_type='gbdt', class_weight=None, colsample_bytree=1.0,
              importance_type='split', learning_rate=0.1, max_depth=-1,
              min_child_samples=20, min_child_weight=0.001, min_split_gain=0.0,
              n_estimators=100, n_jobs=-1, num_leaves=31, objective=None,
              random_state=6369, reg_alpha=0.0, reg_lambda=0.0, silent=True,
              subsample=1.0, subsample_for_bin=200000, subsample_freq=0)
2021-04-21 07:23:54,536:INFO:create_models() succesfully completed......................................
2021-04-21 07:23:54,687:INFO:create_model_container: 17
2021-04-21 07:23:54,688:INFO:master_model_container: 17
2021-04-21 07:23:54,688:INFO:display_container: 2
2021-04-21 07:23:54,689:INFO:LGBMRegressor(boosting_type='gbdt', class_weight=None, colsample_bytree=1.0,
              importance_type='split', learning_rate=0.1, max_depth=-1,
              min_child_samples=20, min_child_weight=0.001, min_split_gain=0.0,
              n_estimators=100, n_jobs=-1, num_leaves=31, objective=None,
              random_state=6369, reg_alpha=0.0, reg_lambda=0.0, silent=True,
              subsample=1.0, subsample_for_bin=200000, subsample_freq=0)
2021-04-21 07:23:54,689:INFO:compare_models() succesfully completed......................................
2021-04-21 07:23:54,698:INFO:Initializing create_model()
2021-04-21 07:23:54,698:INFO:create_model(estimator=lightgbm, fold=None, round=4, cross_validation=True, predict=True, fit_kwargs=None, groups=None, refit=True, verbose=True, system=True, metrics=None, display=None, kwargs={})
2021-04-21 07:23:54,698:INFO:Checking exceptions
2021-04-21 07:23:54,698:INFO:Preparing display monitor
2021-04-21 07:23:54,730:INFO:Importing libraries
2021-04-21 07:23:54,730:INFO:Copying training dataset
2021-04-21 07:23:54,732:INFO:Defining folds
2021-04-21 07:23:54,732:INFO:Declaring metric variables
2021-04-21 07:23:54,750:INFO:Importing untrained model
2021-04-21 07:23:54,765:INFO:Light Gradient Boosting Machine Imported succesfully
2021-04-21 07:23:54,792:INFO:Starting cross validation
2021-04-21 07:23:54,793:INFO:Cross validating with KFold(n_splits=10, random_state=None, shuffle=False), n_jobs=-1
2021-04-21 07:23:55,127:INFO:Calculating mean and std
2021-04-21 07:23:55,128:INFO:Creating metrics dataframe
2021-04-21 07:23:55,149:INFO:Finalizing model
2021-04-21 07:23:55,275:INFO:Uploading results into container
2021-04-21 07:23:55,275:INFO:Uploading model into container now
2021-04-21 07:23:55,295:INFO:create_model_container: 18
2021-04-21 07:23:55,295:INFO:master_model_container: 18
2021-04-21 07:23:55,295:INFO:display_container: 3
2021-04-21 07:23:55,296:INFO:LGBMRegressor(boosting_type='gbdt', class_weight=None, colsample_bytree=1.0,
              importance_type='split', learning_rate=0.1, max_depth=-1,
              min_child_samples=20, min_child_weight=0.001, min_split_gain=0.0,
              n_estimators=100, n_jobs=-1, num_leaves=31, objective=None,
              random_state=6369, reg_alpha=0.0, reg_lambda=0.0, silent=True,
              subsample=1.0, subsample_for_bin=200000, subsample_freq=0)
2021-04-21 07:23:55,297:INFO:create_model() succesfully completed......................................
2021-04-21 07:23:55,392:INFO:Initializing tune_model()
2021-04-21 07:23:55,392:INFO:tune_model(estimator=LGBMRegressor(boosting_type='gbdt', class_weight=None, colsample_bytree=1.0,
              importance_type='split', learning_rate=0.1, max_depth=-1,
              min_child_samples=20, min_child_weight=0.001, min_split_gain=0.0,
              n_estimators=100, n_jobs=-1, num_leaves=31, objective=None,
              random_state=6369, reg_alpha=0.0, reg_lambda=0.0, silent=True,
              subsample=1.0, subsample_for_bin=200000, subsample_freq=0), fold=None, round=4, n_iter=50, custom_grid=None, optimize=mae, custom_scorer=None, search_library=scikit-learn, search_algorithm=None, early_stopping=False, early_stopping_max_iters=10, choose_better=False, fit_kwargs=None, groups=None, return_tuner=False, verbose=True, tuner_verbose=True, display=None, kwargs={})
2021-04-21 07:23:55,393:INFO:Checking exceptions
2021-04-21 07:23:55,393:INFO:Preparing display monitor
2021-04-21 07:23:55,412:INFO:Copying training dataset
2021-04-21 07:23:55,413:INFO:Checking base model
2021-04-21 07:23:55,414:INFO:Base model : Light Gradient Boosting Machine
2021-04-21 07:23:55,427:INFO:Declaring metric variables
2021-04-21 07:23:55,437:INFO:Defining Hyperparameters
2021-04-21 07:23:55,508:INFO:Tuning with n_jobs=-1
2021-04-21 07:23:55,508:INFO:Initializing RandomizedSearchCV
2021-04-21 07:24:02,549:INFO:best_params: {'actual_estimator__reg_lambda': 1e-07, 'actual_estimator__reg_alpha': 0.5, 'actual_estimator__num_leaves': 20, 'actual_estimator__n_estimators': 270, 'actual_estimator__min_split_gain': 0, 'actual_estimator__min_child_samples': 46, 'actual_estimator__learning_rate': 0.3, 'actual_estimator__feature_fraction': 0.8, 'actual_estimator__bagging_freq': 1, 'actual_estimator__bagging_fraction': 0.5}
2021-04-21 07:24:02,550:INFO:Hyperparameter search completed
2021-04-21 07:24:02,550:INFO:SubProcess create_model() called ==================================
2021-04-21 07:24:02,551:INFO:Initializing create_model()
2021-04-21 07:24:02,551:INFO:create_model(estimator=LGBMRegressor(boosting_type='gbdt', class_weight=None, colsample_bytree=1.0,
              importance_type='split', learning_rate=0.1, max_depth=-1,
              min_child_samples=20, min_child_weight=0.001, min_split_gain=0.0,
              n_estimators=100, n_jobs=-1, num_leaves=31, objective=None,
              random_state=6369, reg_alpha=0.0, reg_lambda=0.0, silent=True,
              subsample=1.0, subsample_for_bin=200000, subsample_freq=0), fold=KFold(n_splits=10, random_state=None, shuffle=False), round=4, cross_validation=True, predict=True, fit_kwargs={}, groups=None, refit=True, verbose=True, system=False, metrics=None, display=<pycaret.internal.Display.Display object at 0x000001FF9D725820>, kwargs={'reg_lambda': 1e-07, 'reg_alpha': 0.5, 'num_leaves': 20, 'n_estimators': 270, 'min_split_gain': 0, 'min_child_samples': 46, 'learning_rate': 0.3, 'feature_fraction': 0.8, 'bagging_freq': 1, 'bagging_fraction': 0.5})
2021-04-21 07:24:02,552:INFO:Checking exceptions
2021-04-21 07:24:02,552:INFO:Importing libraries
2021-04-21 07:24:02,552:INFO:Copying training dataset
2021-04-21 07:24:02,553:INFO:Defining folds
2021-04-21 07:24:02,553:INFO:Declaring metric variables
2021-04-21 07:24:02,564:INFO:Importing untrained model
2021-04-21 07:24:02,564:INFO:Declaring custom model
2021-04-21 07:24:02,575:INFO:Light Gradient Boosting Machine Imported succesfully
2021-04-21 07:24:02,598:INFO:Starting cross validation
2021-04-21 07:24:02,599:INFO:Cross validating with KFold(n_splits=10, random_state=None, shuffle=False), n_jobs=-1
2021-04-21 07:24:02,983:INFO:Calculating mean and std
2021-04-21 07:24:02,983:INFO:Creating metrics dataframe
2021-04-21 07:24:02,994:INFO:Finalizing model
2021-04-21 07:24:03,126:INFO:Uploading results into container
2021-04-21 07:24:03,127:INFO:Uploading model into container now
2021-04-21 07:24:03,127:INFO:create_model_container: 19
2021-04-21 07:24:03,127:INFO:master_model_container: 19
2021-04-21 07:24:03,128:INFO:display_container: 4
2021-04-21 07:24:03,129:INFO:LGBMRegressor(bagging_fraction=0.5, bagging_freq=1, boosting_type='gbdt',
              class_weight=None, colsample_bytree=1.0, feature_fraction=0.8,
              importance_type='split', learning_rate=0.3, max_depth=-1,
              min_child_samples=46, min_child_weight=0.001, min_split_gain=0,
              n_estimators=270, n_jobs=-1, num_leaves=20, objective=None,
              random_state=6369, reg_alpha=0.5, reg_lambda=1e-07, silent=True,
              subsample=1.0, subsample_for_bin=200000, subsample_freq=0)
2021-04-21 07:24:03,129:INFO:create_model() succesfully completed......................................
2021-04-21 07:24:03,215:INFO:SubProcess create_model() end ==================================
2021-04-21 07:24:03,235:INFO:create_model_container: 19
2021-04-21 07:24:03,235:INFO:master_model_container: 19
2021-04-21 07:24:03,235:INFO:display_container: 4
2021-04-21 07:24:03,236:INFO:LGBMRegressor(bagging_fraction=0.5, bagging_freq=1, boosting_type='gbdt',
              class_weight=None, colsample_bytree=1.0, feature_fraction=0.8,
              importance_type='split', learning_rate=0.3, max_depth=-1,
              min_child_samples=46, min_child_weight=0.001, min_split_gain=0,
              n_estimators=270, n_jobs=-1, num_leaves=20, objective=None,
              random_state=6369, reg_alpha=0.5, reg_lambda=1e-07, silent=True,
              subsample=1.0, subsample_for_bin=200000, subsample_freq=0)
2021-04-21 07:24:03,236:INFO:tune_model() succesfully completed......................................
2021-04-21 07:24:03,337:INFO:Initializing plot_model()
2021-04-21 07:24:03,338:INFO:plot_model(plot=parameter, fold=None, use_train_data=False, verbose=True, is_in_evaluate=False, display=None, display_format=None, estimator=LGBMRegressor(boosting_type='gbdt', class_weight=None, colsample_bytree=1.0,
              importance_type='split', learning_rate=0.1, max_depth=-1,
              min_child_samples=20, min_child_weight=0.001, min_split_gain=0.0,
              n_estimators=100, n_jobs=-1, num_leaves=31, objective=None,
              random_state=6369, reg_alpha=0.0, reg_lambda=0.0, silent=True,
              subsample=1.0, subsample_for_bin=200000, subsample_freq=0), feature_name=None, fit_kwargs=None, groups=None, label=False, save=False, scale=1, system=True)
2021-04-21 07:24:03,338:INFO:Checking exceptions
2021-04-21 07:24:03,338:INFO:Preparing display monitor
2021-04-21 07:24:03,347:INFO:Preloading libraries
2021-04-21 07:24:03,370:INFO:Copying training dataset
2021-04-21 07:24:03,370:INFO:Copying test dataset
2021-04-21 07:24:03,371:INFO:Plot type: parameter
2021-04-21 07:24:03,435:INFO:Visual Rendered Successfully
2021-04-21 07:24:03,500:INFO:plot_model() succesfully completed......................................
2021-04-21 07:24:03,510:INFO:Initializing plot_model()
2021-04-21 07:24:03,510:INFO:plot_model(plot=parameter, fold=None, use_train_data=False, verbose=True, is_in_evaluate=False, display=None, display_format=None, estimator=LGBMRegressor(bagging_fraction=0.5, bagging_freq=1, boosting_type='gbdt',
              class_weight=None, colsample_bytree=1.0, feature_fraction=0.8,
              importance_type='split', learning_rate=0.3, max_depth=-1,
              min_child_samples=46, min_child_weight=0.001, min_split_gain=0,
              n_estimators=270, n_jobs=-1, num_leaves=20, objective=None,
              random_state=6369, reg_alpha=0.5, reg_lambda=1e-07, silent=True,
              subsample=1.0, subsample_for_bin=200000, subsample_freq=0), feature_name=None, fit_kwargs=None, groups=None, label=False, save=False, scale=1, system=True)
2021-04-21 07:24:03,510:INFO:Checking exceptions
2021-04-21 07:24:03,511:INFO:Preparing display monitor
2021-04-21 07:24:03,521:INFO:Preloading libraries
2021-04-21 07:24:03,535:INFO:Copying training dataset
2021-04-21 07:24:03,536:INFO:Copying test dataset
2021-04-21 07:24:03,537:INFO:Plot type: parameter
2021-04-21 07:24:03,549:INFO:Visual Rendered Successfully
2021-04-21 07:24:03,627:INFO:plot_model() succesfully completed......................................
2021-04-21 07:24:03,637:INFO:Initializing plot_model()
2021-04-21 07:24:03,637:INFO:plot_model(plot=residuals, fold=None, use_train_data=False, verbose=True, is_in_evaluate=False, display=None, display_format=None, estimator=LGBMRegressor(bagging_fraction=0.5, bagging_freq=1, boosting_type='gbdt',
              class_weight=None, colsample_bytree=1.0, feature_fraction=0.8,
              importance_type='split', learning_rate=0.3, max_depth=-1,
              min_child_samples=46, min_child_weight=0.001, min_split_gain=0,
              n_estimators=270, n_jobs=-1, num_leaves=20, objective=None,
              random_state=6369, reg_alpha=0.5, reg_lambda=1e-07, silent=True,
              subsample=1.0, subsample_for_bin=200000, subsample_freq=0), feature_name=None, fit_kwargs=None, groups=None, label=False, save=True, scale=1, system=True)
2021-04-21 07:24:03,637:INFO:Checking exceptions
2021-04-21 07:24:03,637:INFO:Preparing display monitor
2021-04-21 07:24:03,646:INFO:Preloading libraries
2021-04-21 07:24:03,660:INFO:Copying training dataset
2021-04-21 07:24:03,661:INFO:Copying test dataset
2021-04-21 07:24:03,663:INFO:Plot type: residuals
2021-04-21 07:24:03,714:INFO:Fitting Model
2021-04-21 07:24:03,771:INFO:Scoring test/hold-out set
2021-04-21 07:24:03,815:INFO:Saving 'Residuals.png' in current active directory
2021-04-21 07:24:04,355:INFO:Visual Rendered Successfully
2021-04-21 07:24:04,414:INFO:plot_model() succesfully completed......................................
2021-04-21 07:24:04,428:INFO:Initializing plot_model()
2021-04-21 07:24:04,429:INFO:plot_model(plot=error, fold=None, use_train_data=False, verbose=True, is_in_evaluate=False, display=None, display_format=None, estimator=LGBMRegressor(bagging_fraction=0.5, bagging_freq=1, boosting_type='gbdt',
              class_weight=None, colsample_bytree=1.0, feature_fraction=0.8,
              importance_type='split', learning_rate=0.3, max_depth=-1,
              min_child_samples=46, min_child_weight=0.001, min_split_gain=0,
              n_estimators=270, n_jobs=-1, num_leaves=20, objective=None,
              random_state=6369, reg_alpha=0.5, reg_lambda=1e-07, silent=True,
              subsample=1.0, subsample_for_bin=200000, subsample_freq=0), feature_name=None, fit_kwargs=None, groups=None, label=False, save=True, scale=1, system=True)
2021-04-21 07:24:04,429:INFO:Checking exceptions
2021-04-21 07:24:04,429:INFO:Preparing display monitor
2021-04-21 07:24:04,439:INFO:Preloading libraries
2021-04-21 07:24:04,454:INFO:Copying training dataset
2021-04-21 07:24:04,455:INFO:Copying test dataset
2021-04-21 07:24:04,456:INFO:Plot type: error
2021-04-21 07:24:04,460:INFO:Fitting Model
2021-04-21 07:24:04,461:INFO:Scoring test/hold-out set
2021-04-21 07:24:04,497:INFO:Saving 'Prediction Error.png' in current active directory
2021-04-21 07:24:04,658:INFO:Visual Rendered Successfully
2021-04-21 07:24:04,714:INFO:plot_model() succesfully completed......................................
2021-04-21 07:24:04,743:INFO:Initializing plot_model()
2021-04-21 07:24:04,744:INFO:plot_model(plot=learning, fold=None, use_train_data=False, verbose=True, is_in_evaluate=False, display=None, display_format=None, estimator=LGBMRegressor(bagging_fraction=0.5, bagging_freq=1, boosting_type='gbdt',
              class_weight=None, colsample_bytree=1.0, feature_fraction=0.8,
              importance_type='split', learning_rate=0.3, max_depth=-1,
              min_child_samples=46, min_child_weight=0.001, min_split_gain=0,
              n_estimators=270, n_jobs=-1, num_leaves=20, objective=None,
              random_state=6369, reg_alpha=0.5, reg_lambda=1e-07, silent=True,
              subsample=1.0, subsample_for_bin=200000, subsample_freq=0), feature_name=None, fit_kwargs=None, groups=None, label=False, save=True, scale=1, system=True)
2021-04-21 07:24:04,744:INFO:Checking exceptions
2021-04-21 07:24:04,744:INFO:Preparing display monitor
2021-04-21 07:24:04,750:INFO:Preloading libraries
2021-04-21 07:24:04,767:INFO:Copying training dataset
2021-04-21 07:24:04,768:INFO:Copying test dataset
2021-04-21 07:24:04,769:INFO:Plot type: learning
2021-04-21 07:24:04,779:INFO:Fitting Model
2021-04-21 07:24:07,332:INFO:Saving 'Learning Curve.png' in current active directory
2021-04-21 07:24:07,446:INFO:Visual Rendered Successfully
2021-04-21 07:24:07,501:INFO:plot_model() succesfully completed......................................
2021-04-21 07:24:07,515:INFO:Initializing plot_model()
2021-04-21 07:24:07,515:INFO:plot_model(plot=vc, fold=None, use_train_data=False, verbose=True, is_in_evaluate=False, display=None, display_format=None, estimator=LGBMRegressor(bagging_fraction=0.5, bagging_freq=1, boosting_type='gbdt',
              class_weight=None, colsample_bytree=1.0, feature_fraction=0.8,
              importance_type='split', learning_rate=0.3, max_depth=-1,
              min_child_samples=46, min_child_weight=0.001, min_split_gain=0,
              n_estimators=270, n_jobs=-1, num_leaves=20, objective=None,
              random_state=6369, reg_alpha=0.5, reg_lambda=1e-07, silent=True,
              subsample=1.0, subsample_for_bin=200000, subsample_freq=0), feature_name=None, fit_kwargs=None, groups=None, label=False, save=True, scale=1, system=True)
2021-04-21 07:24:07,515:INFO:Checking exceptions
2021-04-21 07:24:07,515:INFO:Preparing display monitor
2021-04-21 07:24:07,523:INFO:Preloading libraries
2021-04-21 07:24:07,540:INFO:Copying training dataset
2021-04-21 07:24:07,540:INFO:Copying test dataset
2021-04-21 07:24:07,541:INFO:Plot type: vc
2021-04-21 07:24:07,543:INFO:Determining param_name
2021-04-21 07:24:07,544:INFO:param_name: actual_estimator__max_depth
2021-04-21 07:24:07,546:INFO:Fitting Model
2021-04-21 07:24:11,164:INFO:Saving 'Validation Curve.png' in current active directory
2021-04-21 07:24:11,302:INFO:Visual Rendered Successfully
2021-04-21 07:24:11,358:INFO:plot_model() succesfully completed......................................
2021-04-21 07:24:11,380:INFO:Initializing interpret_model()
2021-04-21 07:24:11,381:INFO:interpret_model(estimator=LGBMRegressor(bagging_fraction=0.5, bagging_freq=1, boosting_type='gbdt',
              class_weight=None, colsample_bytree=1.0, feature_fraction=0.8,
              importance_type='split', learning_rate=0.3, max_depth=-1,
              min_child_samples=46, min_child_weight=0.001, min_split_gain=0,
              n_estimators=270, n_jobs=-1, num_leaves=20, objective=None,
              random_state=6369, reg_alpha=0.5, reg_lambda=1e-07, silent=True,
              subsample=1.0, subsample_for_bin=200000, subsample_freq=0), use_train_data=False, feature=None, kwargs={}, observation=None, plot=summary, save=True)
2021-04-21 07:24:11,381:INFO:Checking exceptions
2021-04-21 07:24:11,493:INFO:plot type: summary
2021-04-21 07:24:11,493:INFO:Creating TreeExplainer
2021-04-21 07:24:11,558:INFO:Compiling shap values
2021-04-21 07:24:12,248:INFO:Visual Rendered Successfully
2021-04-21 07:24:12,248:INFO:interpret_model() succesfully completed......................................
2021-04-21 07:24:12,647:INFO:Initializing interpret_model()
2021-04-21 07:24:12,648:INFO:interpret_model(estimator=LGBMRegressor(bagging_fraction=0.5, bagging_freq=1, boosting_type='gbdt',
              class_weight=None, colsample_bytree=1.0, feature_fraction=0.8,
              importance_type='split', learning_rate=0.3, max_depth=-1,
              min_child_samples=46, min_child_weight=0.001, min_split_gain=0,
              n_estimators=270, n_jobs=-1, num_leaves=20, objective=None,
              random_state=6369, reg_alpha=0.5, reg_lambda=1e-07, silent=True,
              subsample=1.0, subsample_for_bin=200000, subsample_freq=0), use_train_data=False, feature=None, kwargs={}, observation=10, plot=reason, save=True)
2021-04-21 07:24:12,648:INFO:Checking exceptions
2021-04-21 07:24:12,648:INFO:plot type: reason
2021-04-21 07:24:12,648:INFO:model type detected: type 2
2021-04-21 07:24:12,648:INFO:Creating TreeExplainer
2021-04-21 07:24:12,731:INFO:Compiling shap values
2021-04-21 07:24:12,819:INFO:Visual Rendered Successfully
2021-04-21 07:24:12,819:INFO:interpret_model() succesfully completed......................................
2021-04-21 07:24:12,914:INFO:Initializing predict_model()
2021-04-21 07:24:12,914:INFO:predict_model(estimator=LGBMRegressor(bagging_fraction=0.5, bagging_freq=1, boosting_type='gbdt',
              class_weight=None, colsample_bytree=1.0, feature_fraction=0.8,
              importance_type='split', learning_rate=0.3, max_depth=-1,
              min_child_samples=46, min_child_weight=0.001, min_split_gain=0,
              n_estimators=270, n_jobs=-1, num_leaves=20, objective=None,
              random_state=6369, reg_alpha=0.5, reg_lambda=1e-07, silent=True,
              subsample=1.0, subsample_for_bin=200000, subsample_freq=0), probability_threshold=None, encoded_labels=True, raw_score=False, round=4, verbose=True, ml_usecase=MLUsecase.REGRESSION, display=None)
2021-04-21 07:24:12,915:INFO:Checking exceptions
2021-04-21 07:24:12,915:INFO:Preloading libraries
2021-04-21 07:24:12,915:INFO:Preparing display monitor
2021-04-21 07:24:13,056:INFO:Initializing finalize_model()
2021-04-21 07:24:13,057:INFO:finalize_model(estimator=LGBMRegressor(bagging_fraction=0.5, bagging_freq=1, boosting_type='gbdt',
              class_weight=None, colsample_bytree=1.0, feature_fraction=0.8,
              importance_type='split', learning_rate=0.3, max_depth=-1,
              min_child_samples=46, min_child_weight=0.001, min_split_gain=0,
              n_estimators=270, n_jobs=-1, num_leaves=20, objective=None,
              random_state=6369, reg_alpha=0.5, reg_lambda=1e-07, silent=True,
              subsample=1.0, subsample_for_bin=200000, subsample_freq=0), fit_kwargs=None, groups=None, model_only=True, display=None)
2021-04-21 07:24:13,057:INFO:Finalizing LGBMRegressor(bagging_fraction=0.5, bagging_freq=1, boosting_type='gbdt',
              class_weight=None, colsample_bytree=1.0, feature_fraction=0.8,
              importance_type='split', learning_rate=0.3, max_depth=-1,
              min_child_samples=46, min_child_weight=0.001, min_split_gain=0,
              n_estimators=270, n_jobs=-1, num_leaves=20, objective=None,
              random_state=6369, reg_alpha=0.5, reg_lambda=1e-07, silent=True,
              subsample=1.0, subsample_for_bin=200000, subsample_freq=0)
2021-04-21 07:24:13,058:INFO:Initializing create_model()
2021-04-21 07:24:13,058:INFO:create_model(estimator=LGBMRegressor(bagging_fraction=0.5, bagging_freq=1, boosting_type='gbdt',
              class_weight=None, colsample_bytree=1.0, feature_fraction=0.8,
              importance_type='split', learning_rate=0.3, max_depth=-1,
              min_child_samples=46, min_child_weight=0.001, min_split_gain=0,
              n_estimators=270, n_jobs=-1, num_leaves=20, objective=None,
              random_state=6369, reg_alpha=0.5, reg_lambda=1e-07, silent=True,
              subsample=1.0, subsample_for_bin=200000, subsample_freq=0), fold=None, round=4, cross_validation=True, predict=True, fit_kwargs={}, groups=None, refit=True, verbose=False, system=False, metrics=None, display=None, kwargs={})
2021-04-21 07:24:13,058:INFO:Checking exceptions
2021-04-21 07:24:13,058:INFO:Importing libraries
2021-04-21 07:24:13,058:INFO:Copying training dataset
2021-04-21 07:24:13,059:INFO:Defining folds
2021-04-21 07:24:13,059:INFO:Declaring metric variables
2021-04-21 07:24:13,059:INFO:Importing untrained model
2021-04-21 07:24:13,059:INFO:Declaring custom model
2021-04-21 07:24:13,060:INFO:Light Gradient Boosting Machine Imported succesfully
2021-04-21 07:24:13,060:INFO:Starting cross validation
2021-04-21 07:24:13,061:INFO:Cross validating with KFold(n_splits=10, random_state=None, shuffle=False), n_jobs=-1
2021-04-21 07:24:13,482:INFO:Calculating mean and std
2021-04-21 07:24:13,482:INFO:Creating metrics dataframe
2021-04-21 07:24:13,485:INFO:Finalizing model
2021-04-21 07:24:13,613:INFO:Uploading results into container
2021-04-21 07:24:13,613:INFO:Uploading model into container now
2021-04-21 07:24:13,613:INFO:create_model_container: 20
2021-04-21 07:24:13,613:INFO:master_model_container: 20
2021-04-21 07:24:13,613:INFO:display_container: 6
2021-04-21 07:24:13,614:INFO:LGBMRegressor(bagging_fraction=0.5, bagging_freq=1, boosting_type='gbdt',
              class_weight=None, colsample_bytree=1.0, feature_fraction=0.8,
              importance_type='split', learning_rate=0.3, max_depth=-1,
              min_child_samples=46, min_child_weight=0.001, min_split_gain=0,
              n_estimators=270, n_jobs=-1, num_leaves=20, objective=None,
              random_state=6369, reg_alpha=0.5, reg_lambda=1e-07, silent=True,
              subsample=1.0, subsample_for_bin=200000, subsample_freq=0)
2021-04-21 07:24:13,614:INFO:create_model() succesfully completed......................................
2021-04-21 07:24:13,680:INFO:create_model_container: 20
2021-04-21 07:24:13,680:INFO:master_model_container: 20
2021-04-21 07:24:13,680:INFO:display_container: 5
2021-04-21 07:24:13,681:INFO:LGBMRegressor(bagging_fraction=0.5, bagging_freq=1, boosting_type='gbdt',
              class_weight=None, colsample_bytree=1.0, feature_fraction=0.8,
              importance_type='split', learning_rate=0.3, max_depth=-1,
              min_child_samples=46, min_child_weight=0.001, min_split_gain=0,
              n_estimators=270, n_jobs=-1, num_leaves=20, objective=None,
              random_state=6369, reg_alpha=0.5, reg_lambda=1e-07, silent=True,
              subsample=1.0, subsample_for_bin=200000, subsample_freq=0)
2021-04-21 07:24:13,681:INFO:finalize_model() succesfully completed......................................
2021-04-21 07:24:13,764:INFO:Initializing predict_model()
2021-04-21 07:24:13,765:INFO:predict_model(estimator=LGBMRegressor(bagging_fraction=0.5, bagging_freq=1, boosting_type='gbdt',
              class_weight=None, colsample_bytree=1.0, feature_fraction=0.8,
              importance_type='split', learning_rate=0.3, max_depth=-1,
              min_child_samples=46, min_child_weight=0.001, min_split_gain=0,
              n_estimators=270, n_jobs=-1, num_leaves=20, objective=None,
              random_state=6369, reg_alpha=0.5, reg_lambda=1e-07, silent=True,
              subsample=1.0, subsample_for_bin=200000, subsample_freq=0), probability_threshold=None, encoded_labels=True, raw_score=False, round=4, verbose=True, ml_usecase=MLUsecase.REGRESSION, display=None)
2021-04-21 07:24:13,765:INFO:Checking exceptions
2021-04-21 07:24:13,765:INFO:Preloading libraries
2021-04-21 07:24:13,765:INFO:Preparing display monitor
