2021-04-21 07:18:50,162:INFO:PyCaret Supervised Module
2021-04-21 07:18:50,162:INFO:ML Usecase: regression
2021-04-21 07:18:50,162:INFO:version 2.3.0
2021-04-21 07:18:50,162:INFO:Initializing setup()
2021-04-21 07:18:50,163:INFO:setup(target=pIC50, ml_usecase=regression, available_plots={'parameter': 'Hyperparameters', 'residuals': 'Residuals', 'error': 'Prediction Error', 'cooks': 'Cooks Distance', 'rfe': 'Feature Selection', 'learning': 'Learning Curve', 'manifold': 'Manifold Learning', 'vc': 'Validation Curve', 'feature': 'Feature Importance', 'feature_all': 'Feature Importance (All)', 'tree': 'Decision Tree', 'residuals_interactive': 'Interactive Residuals'}, train_size=0.8, test_data=None, preprocess=True, imputation_type=simple, iterative_imputation_iters=5, categorical_features=None, categorical_imputation=constant, categorical_iterative_imputer=lightgbm, ordinal_features=None, high_cardinality_features=None, high_cardinality_method=frequency, numeric_features=None, numeric_imputation=mean, numeric_iterative_imputer=lightgbm, date_features=None, ignore_features=None, normalize=False, normalize_method=zscore, transformation=False, transformation_method=yeo-johnson, handle_unknown_categorical=True, unknown_categorical_method=least_frequent, pca=False, pca_method=linear, pca_components=None, ignore_low_variance=False, combine_rare_levels=False, rare_level_threshold=0.1, bin_numeric_features=None, remove_outliers=False, outliers_threshold=0.05, remove_multicollinearity=False, multicollinearity_threshold=0.9, remove_perfect_collinearity=True, create_clusters=False, cluster_iter=20, polynomial_features=False, polynomial_degree=2, trigonometry_features=False, polynomial_threshold=0.1, group_features=None, group_names=None, feature_selection=False, feature_selection_threshold=0.8, feature_selection_method=classic, feature_interaction=False, feature_ratio=False, interaction_threshold=0.01, fix_imbalance=False, fix_imbalance_method=None, transform_target=False, transform_target_method=box-cox, data_split_shuffle=True, data_split_stratify=False, fold_strategy=kfold, fold=10, fold_shuffle=False, fold_groups=None, n_jobs=-1, use_gpu=False, custom_pipeline=None, html=True, session_id=None, log_experiment=False, experiment_name=None, log_plots=False, log_profile=False, log_data=False, silent=True, verbose=True, profile=False, profile_kwargs=None, display=None)
2021-04-21 07:18:50,163:INFO:Checking environment
2021-04-21 07:18:50,163:INFO:python_version: 3.9.2
2021-04-21 07:18:50,164:INFO:python_build: ('tags/v3.9.2:1a79785', 'Feb 19 2021 13:44:55')
2021-04-21 07:18:50,164:INFO:machine: AMD64
2021-04-21 07:18:50,164:INFO:platform: Windows-10-10.0.19041-SP0
2021-04-21 07:18:50,165:WARNING:cannot find psutil installation. memory not traceable. Install psutil using pip to enable memory logging.
2021-04-21 07:18:50,165:INFO:Checking libraries
2021-04-21 07:18:50,165:INFO:pd==1.2.4
2021-04-21 07:18:50,165:INFO:numpy==1.19.5
2021-04-21 07:18:50,165:INFO:sklearn==0.23.2
2021-04-21 07:18:50,165:INFO:lightgbm==3.2.1.99
2021-04-21 07:18:50,166:WARNING:catboost not found
2021-04-21 07:18:50,166:WARNING:xgboost not found
2021-04-21 07:18:50,575:INFO:mlflow==1.15.0
2021-04-21 07:18:50,575:INFO:Checking Exceptions
2021-04-21 07:18:50,575:INFO:Declaring global variables
2021-04-21 07:18:50,575:INFO:USI: df62
2021-04-21 07:18:50,575:INFO:pycaret_globals: {'prep_pipe', 'transform_target_method_param', 'fix_imbalance_param', 'y_test', '_available_plots', 'pycaret_globals', 'create_model_container', 'gpu_param', 'imputation_regressor', 'log_plots_param', 'master_model_container', 'html_param', 'X_test', '_all_metrics', '_ml_usecase', 'iterative_imputation_iters_param', 'logging_param', 'fold_shuffle_param', '_gpu_n_jobs_param', 'fix_imbalance_method_param', '_all_models_internal', 'fold_groups_param', 'stratify_param', '_all_models', 'fold_generator', 'n_jobs_param', 'USI', 'imputation_classifier', 'fold_param', 'display_container', 'y', 'transform_target_param', 'experiment__', 'seed', 'target_param', 'y_train', 'X_train', 'exp_name_log', 'X', 'data_before_preprocess', '_internal_pipeline'}
2021-04-21 07:18:50,575:INFO:Preparing display monitor
2021-04-21 07:18:50,575:INFO:Preparing display monitor
2021-04-21 07:18:50,588:INFO:Importing libraries
2021-04-21 07:18:50,588:INFO:Copying data for preprocessing
2021-04-21 07:18:50,596:INFO:Declaring preprocessing parameters
2021-04-21 07:18:50,598:INFO:Creating preprocessing pipeline
2021-04-21 07:18:50,676:INFO:Preprocessing pipeline created successfully
2021-04-21 07:18:50,677:ERROR:(Process Exit): setup has been interupted with user command 'quit'. setup must rerun.
2021-04-21 07:18:50,677:INFO:Creating global containers
2021-04-21 07:18:50,678:INFO:Internal pipeline: Pipeline(memory=None, steps=[('empty_step', 'passthrough')], verbose=False)
2021-04-21 07:18:52,441:WARNING:Couldn't import xgboost.XGBRegressor
2021-04-21 07:18:52,442:WARNING:Couldn't import catboost.CatBoostRegressor
2021-04-21 07:18:52,540:WARNING:Couldn't import xgboost.XGBRegressor
2021-04-21 07:18:52,541:WARNING:Couldn't import catboost.CatBoostRegressor
2021-04-21 07:18:52,541:INFO:Creating grid variables
2021-04-21 07:18:52,559:INFO:create_model_container: 0
2021-04-21 07:18:52,559:INFO:master_model_container: 0
2021-04-21 07:18:52,559:INFO:display_container: 1
2021-04-21 07:18:52,563:INFO:Pipeline(memory=None,
         steps=[('dtypes',
                 DataTypes_Auto_infer(categorical_features=[],
                                      display_types=False, features_todrop=[],
                                      id_columns=['Unnamed: 0'],
                                      ml_usecase='regression',
                                      numerical_features=[], target='pIC50',
                                      time_features=[])),
                ('imputer',
                 Simple_Imputer(categorical_strategy='not_available',
                                fill_value_categorical=None,
                                fill_value_numerical=None,
                                numeri...
                ('scaling', 'passthrough'), ('P_transform', 'passthrough'),
                ('binn', 'passthrough'), ('rem_outliers', 'passthrough'),
                ('cluster_all', 'passthrough'),
                ('dummy', Dummify(target='pIC50')),
                ('fix_perfect', Remove_100(target='pIC50')),
                ('clean_names', Clean_Colum_Names()),
                ('feature_select', 'passthrough'), ('fix_multi', 'passthrough'),
                ('dfs', 'passthrough'), ('pca', 'passthrough')],
         verbose=False)
2021-04-21 07:18:52,563:INFO:setup() succesfully completed......................................
2021-04-21 07:18:52,634:INFO:Initializing compare_models()
2021-04-21 07:18:52,634:INFO:compare_models(include=None, fold=None, round=4, cross_validation=True, sort=R2, n_select=1, budget_time=None, turbo=True, errors=ignore, fit_kwargs=None, groups=None, verbose=True, display=None, exclude=None)
2021-04-21 07:18:52,634:INFO:Checking exceptions
2021-04-21 07:18:52,634:INFO:Preparing display monitor
2021-04-21 07:18:52,634:INFO:Preparing display monitor
2021-04-21 07:18:52,677:INFO:Initializing Linear Regression
2021-04-21 07:18:52,677:INFO:Total runtime is 1.6661485036214194e-05 minutes
2021-04-21 07:18:52,690:INFO:SubProcess create_model() called ==================================
2021-04-21 07:18:52,690:INFO:Initializing create_model()
2021-04-21 07:18:52,690:INFO:create_model(estimator=lr, fold=KFold(n_splits=10, random_state=None, shuffle=False), round=4, cross_validation=True, predict=True, fit_kwargs={}, groups=None, refit=False, verbose=False, system=False, metrics=None, display=<pycaret.internal.Display.Display object at 0x000001D990F10700>, kwargs={})
2021-04-21 07:18:52,690:INFO:Checking exceptions
2021-04-21 07:18:52,691:INFO:Importing libraries
2021-04-21 07:18:52,691:INFO:Copying training dataset
2021-04-21 07:18:52,692:INFO:Defining folds
2021-04-21 07:18:52,692:INFO:Declaring metric variables
2021-04-21 07:18:52,699:INFO:Importing untrained model
2021-04-21 07:18:52,712:INFO:Linear Regression Imported succesfully
2021-04-21 07:18:52,733:INFO:Starting cross validation
2021-04-21 07:18:52,741:INFO:Cross validating with KFold(n_splits=10, random_state=None, shuffle=False), n_jobs=-1
2021-04-21 07:18:56,824:INFO:Calculating mean and std
2021-04-21 07:18:56,825:INFO:Creating metrics dataframe
2021-04-21 07:18:56,830:INFO:Uploading results into container
2021-04-21 07:18:56,830:INFO:Uploading model into container now
2021-04-21 07:18:56,830:INFO:create_model_container: 1
2021-04-21 07:18:56,831:INFO:master_model_container: 1
2021-04-21 07:18:56,831:INFO:display_container: 2
2021-04-21 07:18:56,831:INFO:LinearRegression(copy_X=True, fit_intercept=True, n_jobs=-1, normalize=False)
2021-04-21 07:18:56,831:INFO:create_model() succesfully completed......................................
2021-04-21 07:18:56,901:INFO:SubProcess create_model() end ==================================
2021-04-21 07:18:56,901:INFO:Creating metrics dataframe
2021-04-21 07:18:56,915:INFO:Initializing Lasso Regression
2021-04-21 07:18:56,915:INFO:Total runtime is 0.07064259449640911 minutes
2021-04-21 07:18:56,926:INFO:SubProcess create_model() called ==================================
2021-04-21 07:18:56,926:INFO:Initializing create_model()
2021-04-21 07:18:56,926:INFO:create_model(estimator=lasso, fold=KFold(n_splits=10, random_state=None, shuffle=False), round=4, cross_validation=True, predict=True, fit_kwargs={}, groups=None, refit=False, verbose=False, system=False, metrics=None, display=<pycaret.internal.Display.Display object at 0x000001D990F10700>, kwargs={})
2021-04-21 07:18:56,926:INFO:Checking exceptions
2021-04-21 07:18:56,927:INFO:Importing libraries
2021-04-21 07:18:56,927:INFO:Copying training dataset
2021-04-21 07:18:56,928:INFO:Defining folds
2021-04-21 07:18:56,928:INFO:Declaring metric variables
2021-04-21 07:18:56,938:INFO:Importing untrained model
2021-04-21 07:18:56,947:INFO:Lasso Regression Imported succesfully
2021-04-21 07:18:56,972:INFO:Starting cross validation
2021-04-21 07:18:56,973:INFO:Cross validating with KFold(n_splits=10, random_state=None, shuffle=False), n_jobs=-1
2021-04-21 07:18:57,052:INFO:Calculating mean and std
2021-04-21 07:18:57,053:INFO:Creating metrics dataframe
2021-04-21 07:18:57,056:INFO:Uploading results into container
2021-04-21 07:18:57,056:INFO:Uploading model into container now
2021-04-21 07:18:57,056:INFO:create_model_container: 2
2021-04-21 07:18:57,057:INFO:master_model_container: 2
2021-04-21 07:18:57,057:INFO:display_container: 2
2021-04-21 07:18:57,057:INFO:Lasso(alpha=1.0, copy_X=True, fit_intercept=True, max_iter=1000,
      normalize=False, positive=False, precompute=False, random_state=2335,
      selection='cyclic', tol=0.0001, warm_start=False)
2021-04-21 07:18:57,057:INFO:create_model() succesfully completed......................................
2021-04-21 07:18:57,119:INFO:SubProcess create_model() end ==================================
2021-04-21 07:18:57,120:INFO:Creating metrics dataframe
2021-04-21 07:18:57,133:INFO:Initializing Ridge Regression
2021-04-21 07:18:57,133:INFO:Total runtime is 0.07428454955418906 minutes
2021-04-21 07:18:57,141:INFO:SubProcess create_model() called ==================================
2021-04-21 07:18:57,141:INFO:Initializing create_model()
2021-04-21 07:18:57,142:INFO:create_model(estimator=ridge, fold=KFold(n_splits=10, random_state=None, shuffle=False), round=4, cross_validation=True, predict=True, fit_kwargs={}, groups=None, refit=False, verbose=False, system=False, metrics=None, display=<pycaret.internal.Display.Display object at 0x000001D990F10700>, kwargs={})
2021-04-21 07:18:57,142:INFO:Checking exceptions
2021-04-21 07:18:57,142:INFO:Importing libraries
2021-04-21 07:18:57,142:INFO:Copying training dataset
2021-04-21 07:18:57,142:INFO:Defining folds
2021-04-21 07:18:57,143:INFO:Declaring metric variables
2021-04-21 07:18:57,151:INFO:Importing untrained model
2021-04-21 07:18:57,161:INFO:Ridge Regression Imported succesfully
2021-04-21 07:18:57,184:INFO:Starting cross validation
2021-04-21 07:18:57,185:INFO:Cross validating with KFold(n_splits=10, random_state=None, shuffle=False), n_jobs=-1
2021-04-21 07:18:57,268:INFO:Calculating mean and std
2021-04-21 07:18:57,269:INFO:Creating metrics dataframe
2021-04-21 07:18:57,274:INFO:Uploading results into container
2021-04-21 07:18:57,274:INFO:Uploading model into container now
2021-04-21 07:18:57,274:INFO:create_model_container: 3
2021-04-21 07:18:57,274:INFO:master_model_container: 3
2021-04-21 07:18:57,274:INFO:display_container: 2
2021-04-21 07:18:57,275:INFO:Ridge(alpha=1.0, copy_X=True, fit_intercept=True, max_iter=None,
      normalize=False, random_state=2335, solver='auto', tol=0.001)
2021-04-21 07:18:57,275:INFO:create_model() succesfully completed......................................
2021-04-21 07:18:57,333:INFO:SubProcess create_model() end ==================================
2021-04-21 07:18:57,333:INFO:Creating metrics dataframe
2021-04-21 07:18:57,350:INFO:Initializing Elastic Net
2021-04-21 07:18:57,350:INFO:Total runtime is 0.07790118455886842 minutes
2021-04-21 07:18:57,361:INFO:SubProcess create_model() called ==================================
2021-04-21 07:18:57,361:INFO:Initializing create_model()
2021-04-21 07:18:57,361:INFO:create_model(estimator=en, fold=KFold(n_splits=10, random_state=None, shuffle=False), round=4, cross_validation=True, predict=True, fit_kwargs={}, groups=None, refit=False, verbose=False, system=False, metrics=None, display=<pycaret.internal.Display.Display object at 0x000001D990F10700>, kwargs={})
2021-04-21 07:18:57,361:INFO:Checking exceptions
2021-04-21 07:18:57,361:INFO:Importing libraries
2021-04-21 07:18:57,361:INFO:Copying training dataset
2021-04-21 07:18:57,362:INFO:Defining folds
2021-04-21 07:18:57,362:INFO:Declaring metric variables
2021-04-21 07:18:57,372:INFO:Importing untrained model
2021-04-21 07:18:57,382:INFO:Elastic Net Imported succesfully
2021-04-21 07:18:57,406:INFO:Starting cross validation
2021-04-21 07:18:57,407:INFO:Cross validating with KFold(n_splits=10, random_state=None, shuffle=False), n_jobs=-1
2021-04-21 07:18:57,474:INFO:Calculating mean and std
2021-04-21 07:18:57,475:INFO:Creating metrics dataframe
2021-04-21 07:18:57,478:INFO:Uploading results into container
2021-04-21 07:18:57,479:INFO:Uploading model into container now
2021-04-21 07:18:57,479:INFO:create_model_container: 4
2021-04-21 07:18:57,479:INFO:master_model_container: 4
2021-04-21 07:18:57,479:INFO:display_container: 2
2021-04-21 07:18:57,479:INFO:ElasticNet(alpha=1.0, copy_X=True, fit_intercept=True, l1_ratio=0.5,
           max_iter=1000, normalize=False, positive=False, precompute=False,
           random_state=2335, selection='cyclic', tol=0.0001, warm_start=False)
2021-04-21 07:18:57,479:INFO:create_model() succesfully completed......................................
2021-04-21 07:18:57,533:INFO:SubProcess create_model() end ==================================
2021-04-21 07:18:57,533:INFO:Creating metrics dataframe
2021-04-21 07:18:57,548:INFO:Initializing Least Angle Regression
2021-04-21 07:18:57,548:INFO:Total runtime is 0.08120116392771404 minutes
2021-04-21 07:18:57,557:INFO:SubProcess create_model() called ==================================
2021-04-21 07:18:57,557:INFO:Initializing create_model()
2021-04-21 07:18:57,557:INFO:create_model(estimator=lar, fold=KFold(n_splits=10, random_state=None, shuffle=False), round=4, cross_validation=True, predict=True, fit_kwargs={}, groups=None, refit=False, verbose=False, system=False, metrics=None, display=<pycaret.internal.Display.Display object at 0x000001D990F10700>, kwargs={})
2021-04-21 07:18:57,558:INFO:Checking exceptions
2021-04-21 07:18:57,558:INFO:Importing libraries
2021-04-21 07:18:57,558:INFO:Copying training dataset
2021-04-21 07:18:57,559:INFO:Defining folds
2021-04-21 07:18:57,560:INFO:Declaring metric variables
2021-04-21 07:18:57,568:INFO:Importing untrained model
2021-04-21 07:18:57,577:INFO:Least Angle Regression Imported succesfully
2021-04-21 07:18:57,597:INFO:Starting cross validation
2021-04-21 07:18:57,598:INFO:Cross validating with KFold(n_splits=10, random_state=None, shuffle=False), n_jobs=-1
2021-04-21 07:18:57,831:INFO:Calculating mean and std
2021-04-21 07:18:57,833:INFO:Creating metrics dataframe
2021-04-21 07:18:57,840:INFO:Uploading results into container
2021-04-21 07:18:57,840:INFO:Uploading model into container now
2021-04-21 07:18:57,840:INFO:create_model_container: 5
2021-04-21 07:18:57,840:INFO:master_model_container: 5
2021-04-21 07:18:57,841:INFO:display_container: 2
2021-04-21 07:18:57,841:INFO:Lars(copy_X=True, eps=2.220446049250313e-16, fit_intercept=True, fit_path=True,
     jitter=None, n_nonzero_coefs=500, normalize=True, precompute='auto',
     random_state=2335, verbose=False)
2021-04-21 07:18:57,841:INFO:create_model() succesfully completed......................................
2021-04-21 07:18:57,922:INFO:SubProcess create_model() end ==================================
2021-04-21 07:18:57,923:INFO:Creating metrics dataframe
2021-04-21 07:18:57,939:INFO:Initializing Lasso Least Angle Regression
2021-04-21 07:18:57,939:INFO:Total runtime is 0.08771321773529053 minutes
2021-04-21 07:18:57,949:INFO:SubProcess create_model() called ==================================
2021-04-21 07:18:57,949:INFO:Initializing create_model()
2021-04-21 07:18:57,950:INFO:create_model(estimator=llar, fold=KFold(n_splits=10, random_state=None, shuffle=False), round=4, cross_validation=True, predict=True, fit_kwargs={}, groups=None, refit=False, verbose=False, system=False, metrics=None, display=<pycaret.internal.Display.Display object at 0x000001D990F10700>, kwargs={})
2021-04-21 07:18:57,950:INFO:Checking exceptions
2021-04-21 07:18:57,950:INFO:Importing libraries
2021-04-21 07:18:57,950:INFO:Copying training dataset
2021-04-21 07:18:57,951:INFO:Defining folds
2021-04-21 07:18:57,951:INFO:Declaring metric variables
2021-04-21 07:18:57,962:INFO:Importing untrained model
2021-04-21 07:18:57,972:INFO:Lasso Least Angle Regression Imported succesfully
2021-04-21 07:18:57,995:INFO:Starting cross validation
2021-04-21 07:18:57,995:INFO:Cross validating with KFold(n_splits=10, random_state=None, shuffle=False), n_jobs=-1
2021-04-21 07:18:58,074:INFO:Calculating mean and std
2021-04-21 07:18:58,075:INFO:Creating metrics dataframe
2021-04-21 07:18:58,080:INFO:Uploading results into container
2021-04-21 07:18:58,080:INFO:Uploading model into container now
2021-04-21 07:18:58,080:INFO:create_model_container: 6
2021-04-21 07:18:58,080:INFO:master_model_container: 6
2021-04-21 07:18:58,080:INFO:display_container: 2
2021-04-21 07:18:58,081:INFO:LassoLars(alpha=1.0, copy_X=True, eps=2.220446049250313e-16, fit_intercept=True,
          fit_path=True, jitter=None, max_iter=500, normalize=True,
          positive=False, precompute='auto', random_state=2335, verbose=False)
2021-04-21 07:18:58,081:INFO:create_model() succesfully completed......................................
2021-04-21 07:18:58,145:INFO:SubProcess create_model() end ==================================
2021-04-21 07:18:58,145:INFO:Creating metrics dataframe
2021-04-21 07:18:58,161:INFO:Initializing Orthogonal Matching Pursuit
2021-04-21 07:18:58,161:INFO:Total runtime is 0.09141326745351157 minutes
2021-04-21 07:18:58,168:INFO:SubProcess create_model() called ==================================
2021-04-21 07:18:58,169:INFO:Initializing create_model()
2021-04-21 07:18:58,169:INFO:create_model(estimator=omp, fold=KFold(n_splits=10, random_state=None, shuffle=False), round=4, cross_validation=True, predict=True, fit_kwargs={}, groups=None, refit=False, verbose=False, system=False, metrics=None, display=<pycaret.internal.Display.Display object at 0x000001D990F10700>, kwargs={})
2021-04-21 07:18:58,169:INFO:Checking exceptions
2021-04-21 07:18:58,169:INFO:Importing libraries
2021-04-21 07:18:58,169:INFO:Copying training dataset
2021-04-21 07:18:58,170:INFO:Defining folds
2021-04-21 07:18:58,171:INFO:Declaring metric variables
2021-04-21 07:18:58,179:INFO:Importing untrained model
2021-04-21 07:18:58,190:INFO:Orthogonal Matching Pursuit Imported succesfully
2021-04-21 07:18:58,210:INFO:Starting cross validation
2021-04-21 07:18:58,210:INFO:Cross validating with KFold(n_splits=10, random_state=None, shuffle=False), n_jobs=-1
2021-04-21 07:18:58,279:INFO:Calculating mean and std
2021-04-21 07:18:58,280:INFO:Creating metrics dataframe
2021-04-21 07:18:58,285:INFO:Uploading results into container
2021-04-21 07:18:58,285:INFO:Uploading model into container now
2021-04-21 07:18:58,285:INFO:create_model_container: 7
2021-04-21 07:18:58,285:INFO:master_model_container: 7
2021-04-21 07:18:58,285:INFO:display_container: 2
2021-04-21 07:18:58,285:INFO:OrthogonalMatchingPursuit(fit_intercept=True, n_nonzero_coefs=None,
                          normalize=True, precompute='auto', tol=None)
2021-04-21 07:18:58,285:INFO:create_model() succesfully completed......................................
2021-04-21 07:18:58,366:INFO:SubProcess create_model() end ==================================
2021-04-21 07:18:58,367:INFO:Creating metrics dataframe
2021-04-21 07:18:58,385:INFO:Initializing Bayesian Ridge
2021-04-21 07:18:58,385:INFO:Total runtime is 0.09514659643173219 minutes
2021-04-21 07:18:58,397:INFO:SubProcess create_model() called ==================================
2021-04-21 07:18:58,397:INFO:Initializing create_model()
2021-04-21 07:18:58,397:INFO:create_model(estimator=br, fold=KFold(n_splits=10, random_state=None, shuffle=False), round=4, cross_validation=True, predict=True, fit_kwargs={}, groups=None, refit=False, verbose=False, system=False, metrics=None, display=<pycaret.internal.Display.Display object at 0x000001D990F10700>, kwargs={})
2021-04-21 07:18:58,397:INFO:Checking exceptions
2021-04-21 07:18:58,398:INFO:Importing libraries
2021-04-21 07:18:58,398:INFO:Copying training dataset
2021-04-21 07:18:58,399:INFO:Defining folds
2021-04-21 07:18:58,399:INFO:Declaring metric variables
2021-04-21 07:18:58,407:INFO:Importing untrained model
2021-04-21 07:18:58,417:INFO:Bayesian Ridge Imported succesfully
2021-04-21 07:18:58,440:INFO:Starting cross validation
2021-04-21 07:18:58,441:INFO:Cross validating with KFold(n_splits=10, random_state=None, shuffle=False), n_jobs=-1
2021-04-21 07:18:58,561:INFO:Calculating mean and std
2021-04-21 07:18:58,562:INFO:Creating metrics dataframe
2021-04-21 07:18:58,565:INFO:Uploading results into container
2021-04-21 07:18:58,565:INFO:Uploading model into container now
2021-04-21 07:18:58,565:INFO:create_model_container: 8
2021-04-21 07:18:58,566:INFO:master_model_container: 8
2021-04-21 07:18:58,566:INFO:display_container: 2
2021-04-21 07:18:58,566:INFO:BayesianRidge(alpha_1=1e-06, alpha_2=1e-06, alpha_init=None,
              compute_score=False, copy_X=True, fit_intercept=True,
              lambda_1=1e-06, lambda_2=1e-06, lambda_init=None, n_iter=300,
              normalize=False, tol=0.001, verbose=False)
2021-04-21 07:18:58,566:INFO:create_model() succesfully completed......................................
2021-04-21 07:18:58,620:INFO:SubProcess create_model() end ==================================
2021-04-21 07:18:58,620:INFO:Creating metrics dataframe
2021-04-21 07:18:58,636:INFO:Initializing Passive Aggressive Regressor
2021-04-21 07:18:58,636:INFO:Total runtime is 0.09932993650436403 minutes
2021-04-21 07:18:58,646:INFO:SubProcess create_model() called ==================================
2021-04-21 07:18:58,646:INFO:Initializing create_model()
2021-04-21 07:18:58,646:INFO:create_model(estimator=par, fold=KFold(n_splits=10, random_state=None, shuffle=False), round=4, cross_validation=True, predict=True, fit_kwargs={}, groups=None, refit=False, verbose=False, system=False, metrics=None, display=<pycaret.internal.Display.Display object at 0x000001D990F10700>, kwargs={})
2021-04-21 07:18:58,646:INFO:Checking exceptions
2021-04-21 07:18:58,647:INFO:Importing libraries
2021-04-21 07:18:58,647:INFO:Copying training dataset
2021-04-21 07:18:58,647:INFO:Defining folds
2021-04-21 07:18:58,647:INFO:Declaring metric variables
2021-04-21 07:18:58,656:INFO:Importing untrained model
2021-04-21 07:18:58,664:INFO:Passive Aggressive Regressor Imported succesfully
2021-04-21 07:18:58,688:INFO:Starting cross validation
2021-04-21 07:18:58,689:INFO:Cross validating with KFold(n_splits=10, random_state=None, shuffle=False), n_jobs=-1
2021-04-21 07:18:58,800:INFO:Calculating mean and std
2021-04-21 07:18:58,801:INFO:Creating metrics dataframe
2021-04-21 07:18:58,805:INFO:Uploading results into container
2021-04-21 07:18:58,805:INFO:Uploading model into container now
2021-04-21 07:18:58,805:INFO:create_model_container: 9
2021-04-21 07:18:58,805:INFO:master_model_container: 9
2021-04-21 07:18:58,805:INFO:display_container: 2
2021-04-21 07:18:58,806:INFO:PassiveAggressiveRegressor(C=1.0, average=False, early_stopping=False,
                           epsilon=0.1, fit_intercept=True,
                           loss='epsilon_insensitive', max_iter=1000,
                           n_iter_no_change=5, random_state=2335, shuffle=True,
                           tol=0.001, validation_fraction=0.1, verbose=0,
                           warm_start=False)
2021-04-21 07:18:58,806:INFO:create_model() succesfully completed......................................
2021-04-21 07:18:58,870:INFO:SubProcess create_model() end ==================================
2021-04-21 07:18:58,870:INFO:Creating metrics dataframe
2021-04-21 07:18:58,887:INFO:Initializing Huber Regressor
2021-04-21 07:18:58,887:INFO:Total runtime is 0.10351326465606692 minutes
2021-04-21 07:18:58,895:INFO:SubProcess create_model() called ==================================
2021-04-21 07:18:58,895:INFO:Initializing create_model()
2021-04-21 07:18:58,895:INFO:create_model(estimator=huber, fold=KFold(n_splits=10, random_state=None, shuffle=False), round=4, cross_validation=True, predict=True, fit_kwargs={}, groups=None, refit=False, verbose=False, system=False, metrics=None, display=<pycaret.internal.Display.Display object at 0x000001D990F10700>, kwargs={})
2021-04-21 07:18:58,895:INFO:Checking exceptions
2021-04-21 07:18:58,896:INFO:Importing libraries
2021-04-21 07:18:58,896:INFO:Copying training dataset
2021-04-21 07:18:58,897:INFO:Defining folds
2021-04-21 07:18:58,897:INFO:Declaring metric variables
2021-04-21 07:18:58,907:INFO:Importing untrained model
2021-04-21 07:18:58,920:INFO:Huber Regressor Imported succesfully
2021-04-21 07:18:58,945:INFO:Starting cross validation
2021-04-21 07:18:58,946:INFO:Cross validating with KFold(n_splits=10, random_state=None, shuffle=False), n_jobs=-1
2021-04-21 07:19:00,155:INFO:Calculating mean and std
2021-04-21 07:19:00,157:INFO:Creating metrics dataframe
2021-04-21 07:19:00,161:INFO:Uploading results into container
2021-04-21 07:19:00,162:INFO:Uploading model into container now
2021-04-21 07:19:00,162:INFO:create_model_container: 10
2021-04-21 07:19:00,162:INFO:master_model_container: 10
2021-04-21 07:19:00,162:INFO:display_container: 2
2021-04-21 07:19:00,162:INFO:HuberRegressor(alpha=0.0001, epsilon=1.35, fit_intercept=True, max_iter=100,
               tol=1e-05, warm_start=False)
2021-04-21 07:19:00,162:INFO:create_model() succesfully completed......................................
2021-04-21 07:19:00,223:INFO:SubProcess create_model() end ==================================
2021-04-21 07:19:00,223:INFO:Creating metrics dataframe
2021-04-21 07:19:00,241:INFO:Initializing K Neighbors Regressor
2021-04-21 07:19:00,241:INFO:Total runtime is 0.12607183059056604 minutes
2021-04-21 07:19:00,250:INFO:SubProcess create_model() called ==================================
2021-04-21 07:19:00,250:INFO:Initializing create_model()
2021-04-21 07:19:00,250:INFO:create_model(estimator=knn, fold=KFold(n_splits=10, random_state=None, shuffle=False), round=4, cross_validation=True, predict=True, fit_kwargs={}, groups=None, refit=False, verbose=False, system=False, metrics=None, display=<pycaret.internal.Display.Display object at 0x000001D990F10700>, kwargs={})
2021-04-21 07:19:00,250:INFO:Checking exceptions
2021-04-21 07:19:00,250:INFO:Importing libraries
2021-04-21 07:19:00,251:INFO:Copying training dataset
2021-04-21 07:19:00,252:INFO:Defining folds
2021-04-21 07:19:00,252:INFO:Declaring metric variables
2021-04-21 07:19:00,263:INFO:Importing untrained model
2021-04-21 07:19:00,274:INFO:K Neighbors Regressor Imported succesfully
2021-04-21 07:19:00,294:INFO:Starting cross validation
2021-04-21 07:19:00,295:INFO:Cross validating with KFold(n_splits=10, random_state=None, shuffle=False), n_jobs=-1
2021-04-21 07:19:00,517:INFO:Calculating mean and std
2021-04-21 07:19:00,518:INFO:Creating metrics dataframe
2021-04-21 07:19:00,521:INFO:Uploading results into container
2021-04-21 07:19:00,521:INFO:Uploading model into container now
2021-04-21 07:19:00,521:INFO:create_model_container: 11
2021-04-21 07:19:00,522:INFO:master_model_container: 11
2021-04-21 07:19:00,522:INFO:display_container: 2
2021-04-21 07:19:00,522:INFO:KNeighborsRegressor(algorithm='auto', leaf_size=30, metric='minkowski',
                    metric_params=None, n_jobs=-1, n_neighbors=5, p=2,
                    weights='uniform')
2021-04-21 07:19:00,522:INFO:create_model() succesfully completed......................................
2021-04-21 07:19:00,574:INFO:SubProcess create_model() end ==================================
2021-04-21 07:19:00,574:INFO:Creating metrics dataframe
2021-04-21 07:19:00,592:INFO:Initializing Decision Tree Regressor
2021-04-21 07:19:00,592:INFO:Total runtime is 0.13193038304646815 minutes
2021-04-21 07:19:00,600:INFO:SubProcess create_model() called ==================================
2021-04-21 07:19:00,601:INFO:Initializing create_model()
2021-04-21 07:19:00,601:INFO:create_model(estimator=dt, fold=KFold(n_splits=10, random_state=None, shuffle=False), round=4, cross_validation=True, predict=True, fit_kwargs={}, groups=None, refit=False, verbose=False, system=False, metrics=None, display=<pycaret.internal.Display.Display object at 0x000001D990F10700>, kwargs={})
2021-04-21 07:19:00,601:INFO:Checking exceptions
2021-04-21 07:19:00,601:INFO:Importing libraries
2021-04-21 07:19:00,601:INFO:Copying training dataset
2021-04-21 07:19:00,602:INFO:Defining folds
2021-04-21 07:19:00,602:INFO:Declaring metric variables
2021-04-21 07:19:00,613:INFO:Importing untrained model
2021-04-21 07:19:00,622:INFO:Decision Tree Regressor Imported succesfully
2021-04-21 07:19:00,642:INFO:Starting cross validation
2021-04-21 07:19:00,643:INFO:Cross validating with KFold(n_splits=10, random_state=None, shuffle=False), n_jobs=-1
2021-04-21 07:19:00,772:INFO:Calculating mean and std
2021-04-21 07:19:00,773:INFO:Creating metrics dataframe
2021-04-21 07:19:00,779:INFO:Uploading results into container
2021-04-21 07:19:00,779:INFO:Uploading model into container now
2021-04-21 07:19:00,779:INFO:create_model_container: 12
2021-04-21 07:19:00,779:INFO:master_model_container: 12
2021-04-21 07:19:00,780:INFO:display_container: 2
2021-04-21 07:19:00,780:INFO:DecisionTreeRegressor(ccp_alpha=0.0, criterion='mse', max_depth=None,
                      max_features=None, max_leaf_nodes=None,
                      min_impurity_decrease=0.0, min_impurity_split=None,
                      min_samples_leaf=1, min_samples_split=2,
                      min_weight_fraction_leaf=0.0, presort='deprecated',
                      random_state=2335, splitter='best')
2021-04-21 07:19:00,780:INFO:create_model() succesfully completed......................................
2021-04-21 07:19:00,841:INFO:SubProcess create_model() end ==================================
2021-04-21 07:19:00,842:INFO:Creating metrics dataframe
2021-04-21 07:19:00,862:INFO:Initializing Random Forest Regressor
2021-04-21 07:19:00,863:INFO:Total runtime is 0.13644709587097173 minutes
2021-04-21 07:19:00,877:INFO:SubProcess create_model() called ==================================
2021-04-21 07:19:00,878:INFO:Initializing create_model()
2021-04-21 07:19:00,879:INFO:create_model(estimator=rf, fold=KFold(n_splits=10, random_state=None, shuffle=False), round=4, cross_validation=True, predict=True, fit_kwargs={}, groups=None, refit=False, verbose=False, system=False, metrics=None, display=<pycaret.internal.Display.Display object at 0x000001D990F10700>, kwargs={})
2021-04-21 07:19:00,879:INFO:Checking exceptions
2021-04-21 07:19:00,879:INFO:Importing libraries
2021-04-21 07:19:00,879:INFO:Copying training dataset
2021-04-21 07:19:00,880:INFO:Defining folds
2021-04-21 07:19:00,880:INFO:Declaring metric variables
2021-04-21 07:19:00,894:INFO:Importing untrained model
2021-04-21 07:19:00,905:INFO:Random Forest Regressor Imported succesfully
2021-04-21 07:19:00,926:INFO:Starting cross validation
2021-04-21 07:19:00,927:INFO:Cross validating with KFold(n_splits=10, random_state=None, shuffle=False), n_jobs=-1
2021-04-21 07:19:04,073:INFO:Calculating mean and std
2021-04-21 07:19:04,074:INFO:Creating metrics dataframe
2021-04-21 07:19:04,079:INFO:Uploading results into container
2021-04-21 07:19:04,079:INFO:Uploading model into container now
2021-04-21 07:19:04,079:INFO:create_model_container: 13
2021-04-21 07:19:04,079:INFO:master_model_container: 13
2021-04-21 07:19:04,079:INFO:display_container: 2
2021-04-21 07:19:04,080:INFO:RandomForestRegressor(bootstrap=True, ccp_alpha=0.0, criterion='mse',
                      max_depth=None, max_features='auto', max_leaf_nodes=None,
                      max_samples=None, min_impurity_decrease=0.0,
                      min_impurity_split=None, min_samples_leaf=1,
                      min_samples_split=2, min_weight_fraction_leaf=0.0,
                      n_estimators=100, n_jobs=-1, oob_score=False,
                      random_state=2335, verbose=0, warm_start=False)
2021-04-21 07:19:04,080:INFO:create_model() succesfully completed......................................
2021-04-21 07:19:04,134:INFO:SubProcess create_model() end ==================================
2021-04-21 07:19:04,134:INFO:Creating metrics dataframe
2021-04-21 07:19:04,152:INFO:Initializing Extra Trees Regressor
2021-04-21 07:19:04,152:INFO:Total runtime is 0.19126377900441494 minutes
2021-04-21 07:19:04,160:INFO:SubProcess create_model() called ==================================
2021-04-21 07:19:04,161:INFO:Initializing create_model()
2021-04-21 07:19:04,161:INFO:create_model(estimator=et, fold=KFold(n_splits=10, random_state=None, shuffle=False), round=4, cross_validation=True, predict=True, fit_kwargs={}, groups=None, refit=False, verbose=False, system=False, metrics=None, display=<pycaret.internal.Display.Display object at 0x000001D990F10700>, kwargs={})
2021-04-21 07:19:04,161:INFO:Checking exceptions
2021-04-21 07:19:04,161:INFO:Importing libraries
2021-04-21 07:19:04,161:INFO:Copying training dataset
2021-04-21 07:19:04,162:INFO:Defining folds
2021-04-21 07:19:04,162:INFO:Declaring metric variables
2021-04-21 07:19:04,173:INFO:Importing untrained model
2021-04-21 07:19:04,183:INFO:Extra Trees Regressor Imported succesfully
2021-04-21 07:19:04,206:INFO:Starting cross validation
2021-04-21 07:19:04,207:INFO:Cross validating with KFold(n_splits=10, random_state=None, shuffle=False), n_jobs=-1
2021-04-21 07:19:08,293:INFO:Calculating mean and std
2021-04-21 07:19:08,294:INFO:Creating metrics dataframe
2021-04-21 07:19:08,298:INFO:Uploading results into container
2021-04-21 07:19:08,298:INFO:Uploading model into container now
2021-04-21 07:19:08,299:INFO:create_model_container: 14
2021-04-21 07:19:08,299:INFO:master_model_container: 14
2021-04-21 07:19:08,299:INFO:display_container: 2
2021-04-21 07:19:08,299:INFO:ExtraTreesRegressor(bootstrap=False, ccp_alpha=0.0, criterion='mse',
                    max_depth=None, max_features='auto', max_leaf_nodes=None,
                    max_samples=None, min_impurity_decrease=0.0,
                    min_impurity_split=None, min_samples_leaf=1,
                    min_samples_split=2, min_weight_fraction_leaf=0.0,
                    n_estimators=100, n_jobs=-1, oob_score=False,
                    random_state=2335, verbose=0, warm_start=False)
2021-04-21 07:19:08,299:INFO:create_model() succesfully completed......................................
2021-04-21 07:19:08,359:INFO:SubProcess create_model() end ==================================
2021-04-21 07:19:08,359:INFO:Creating metrics dataframe
2021-04-21 07:19:08,384:INFO:Initializing AdaBoost Regressor
2021-04-21 07:19:08,384:INFO:Total runtime is 0.2617891033490499 minutes
2021-04-21 07:19:08,393:INFO:SubProcess create_model() called ==================================
2021-04-21 07:19:08,394:INFO:Initializing create_model()
2021-04-21 07:19:08,394:INFO:create_model(estimator=ada, fold=KFold(n_splits=10, random_state=None, shuffle=False), round=4, cross_validation=True, predict=True, fit_kwargs={}, groups=None, refit=False, verbose=False, system=False, metrics=None, display=<pycaret.internal.Display.Display object at 0x000001D990F10700>, kwargs={})
2021-04-21 07:19:08,394:INFO:Checking exceptions
2021-04-21 07:19:08,394:INFO:Importing libraries
2021-04-21 07:19:08,394:INFO:Copying training dataset
2021-04-21 07:19:08,396:INFO:Defining folds
2021-04-21 07:19:08,396:INFO:Declaring metric variables
2021-04-21 07:19:08,406:INFO:Importing untrained model
2021-04-21 07:19:08,417:INFO:AdaBoost Regressor Imported succesfully
2021-04-21 07:19:08,440:INFO:Starting cross validation
2021-04-21 07:19:08,441:INFO:Cross validating with KFold(n_splits=10, random_state=None, shuffle=False), n_jobs=-1
2021-04-21 07:19:09,494:INFO:Calculating mean and std
2021-04-21 07:19:09,495:INFO:Creating metrics dataframe
2021-04-21 07:19:09,501:INFO:Uploading results into container
2021-04-21 07:19:09,501:INFO:Uploading model into container now
2021-04-21 07:19:09,501:INFO:create_model_container: 15
2021-04-21 07:19:09,501:INFO:master_model_container: 15
2021-04-21 07:19:09,501:INFO:display_container: 2
2021-04-21 07:19:09,502:INFO:AdaBoostRegressor(base_estimator=None, learning_rate=1.0, loss='linear',
                  n_estimators=50, random_state=2335)
2021-04-21 07:19:09,502:INFO:create_model() succesfully completed......................................
2021-04-21 07:19:09,574:INFO:SubProcess create_model() end ==================================
2021-04-21 07:19:09,574:INFO:Creating metrics dataframe
2021-04-21 07:19:09,601:INFO:Initializing Gradient Boosting Regressor
2021-04-21 07:19:09,601:INFO:Total runtime is 0.28207235336303715 minutes
2021-04-21 07:19:09,613:INFO:SubProcess create_model() called ==================================
2021-04-21 07:19:09,613:INFO:Initializing create_model()
2021-04-21 07:19:09,614:INFO:create_model(estimator=gbr, fold=KFold(n_splits=10, random_state=None, shuffle=False), round=4, cross_validation=True, predict=True, fit_kwargs={}, groups=None, refit=False, verbose=False, system=False, metrics=None, display=<pycaret.internal.Display.Display object at 0x000001D990F10700>, kwargs={})
2021-04-21 07:19:09,614:INFO:Checking exceptions
2021-04-21 07:19:09,614:INFO:Importing libraries
2021-04-21 07:19:09,614:INFO:Copying training dataset
2021-04-21 07:19:09,615:INFO:Defining folds
2021-04-21 07:19:09,615:INFO:Declaring metric variables
2021-04-21 07:19:09,627:INFO:Importing untrained model
2021-04-21 07:19:09,635:INFO:Gradient Boosting Regressor Imported succesfully
2021-04-21 07:19:09,653:INFO:Starting cross validation
2021-04-21 07:19:09,654:INFO:Cross validating with KFold(n_splits=10, random_state=None, shuffle=False), n_jobs=-1
2021-04-21 07:19:10,948:INFO:Calculating mean and std
2021-04-21 07:19:10,949:INFO:Creating metrics dataframe
2021-04-21 07:19:10,954:INFO:Uploading results into container
2021-04-21 07:19:10,954:INFO:Uploading model into container now
2021-04-21 07:19:10,954:INFO:create_model_container: 16
2021-04-21 07:19:10,954:INFO:master_model_container: 16
2021-04-21 07:19:10,954:INFO:display_container: 2
2021-04-21 07:19:10,955:INFO:GradientBoostingRegressor(alpha=0.9, ccp_alpha=0.0, criterion='friedman_mse',
                          init=None, learning_rate=0.1, loss='ls', max_depth=3,
                          max_features=None, max_leaf_nodes=None,
                          min_impurity_decrease=0.0, min_impurity_split=None,
                          min_samples_leaf=1, min_samples_split=2,
                          min_weight_fraction_leaf=0.0, n_estimators=100,
                          n_iter_no_change=None, presort='deprecated',
                          random_state=2335, subsample=1.0, tol=0.0001,
                          validation_fraction=0.1, verbose=0, warm_start=False)
2021-04-21 07:19:10,955:INFO:create_model() succesfully completed......................................
2021-04-21 07:19:11,020:INFO:SubProcess create_model() end ==================================
2021-04-21 07:19:11,020:INFO:Creating metrics dataframe
2021-04-21 07:19:11,043:INFO:Initializing Light Gradient Boosting Machine
2021-04-21 07:19:11,043:INFO:Total runtime is 0.3061142484347026 minutes
2021-04-21 07:19:11,052:INFO:SubProcess create_model() called ==================================
2021-04-21 07:19:11,052:INFO:Initializing create_model()
2021-04-21 07:19:11,053:INFO:create_model(estimator=lightgbm, fold=KFold(n_splits=10, random_state=None, shuffle=False), round=4, cross_validation=True, predict=True, fit_kwargs={}, groups=None, refit=False, verbose=False, system=False, metrics=None, display=<pycaret.internal.Display.Display object at 0x000001D990F10700>, kwargs={})
2021-04-21 07:19:11,053:INFO:Checking exceptions
2021-04-21 07:19:11,053:INFO:Importing libraries
2021-04-21 07:19:11,053:INFO:Copying training dataset
2021-04-21 07:19:11,054:INFO:Defining folds
2021-04-21 07:19:11,055:INFO:Declaring metric variables
2021-04-21 07:19:11,062:INFO:Importing untrained model
2021-04-21 07:19:11,072:INFO:Light Gradient Boosting Machine Imported succesfully
2021-04-21 07:19:11,095:INFO:Starting cross validation
2021-04-21 07:19:11,096:INFO:Cross validating with KFold(n_splits=10, random_state=None, shuffle=False), n_jobs=-1
2021-04-21 07:19:11,449:INFO:Calculating mean and std
2021-04-21 07:19:11,450:INFO:Creating metrics dataframe
2021-04-21 07:19:11,454:INFO:Uploading results into container
2021-04-21 07:19:11,454:INFO:Uploading model into container now
2021-04-21 07:19:11,454:INFO:create_model_container: 17
2021-04-21 07:19:11,455:INFO:master_model_container: 17
2021-04-21 07:19:11,455:INFO:display_container: 2
2021-04-21 07:19:11,455:INFO:LGBMRegressor(boosting_type='gbdt', class_weight=None, colsample_bytree=1.0,
              importance_type='split', learning_rate=0.1, max_depth=-1,
              min_child_samples=20, min_child_weight=0.001, min_split_gain=0.0,
              n_estimators=100, n_jobs=-1, num_leaves=31, objective=None,
              random_state=2335, reg_alpha=0.0, reg_lambda=0.0, silent=True,
              subsample=1.0, subsample_for_bin=200000, subsample_freq=0)
2021-04-21 07:19:11,455:INFO:create_model() succesfully completed......................................
2021-04-21 07:19:11,509:INFO:SubProcess create_model() end ==================================
2021-04-21 07:19:11,510:INFO:Creating metrics dataframe
2021-04-21 07:19:11,551:INFO:Initializing create_model()
2021-04-21 07:19:11,552:INFO:create_model(estimator=LGBMRegressor(boosting_type='gbdt', class_weight=None, colsample_bytree=1.0,
              importance_type='split', learning_rate=0.1, max_depth=-1,
              min_child_samples=20, min_child_weight=0.001, min_split_gain=0.0,
              n_estimators=100, n_jobs=-1, num_leaves=31, objective=None,
              random_state=2335, reg_alpha=0.0, reg_lambda=0.0, silent=True,
              subsample=1.0, subsample_for_bin=200000, subsample_freq=0), fold=KFold(n_splits=10, random_state=None, shuffle=False), round=4, cross_validation=False, predict=False, fit_kwargs={}, groups=None, refit=True, verbose=False, system=False, metrics=None, display=None, kwargs={})
2021-04-21 07:19:11,552:INFO:Checking exceptions
2021-04-21 07:19:11,552:INFO:Importing libraries
2021-04-21 07:19:11,552:INFO:Copying training dataset
2021-04-21 07:19:11,552:INFO:Defining folds
2021-04-21 07:19:11,552:INFO:Declaring metric variables
2021-04-21 07:19:11,552:INFO:Importing untrained model
2021-04-21 07:19:11,553:INFO:Declaring custom model
2021-04-21 07:19:11,553:INFO:Light Gradient Boosting Machine Imported succesfully
2021-04-21 07:19:11,553:INFO:Cross validation set to False
2021-04-21 07:19:11,553:INFO:Fitting Model
2021-04-21 07:19:11,660:INFO:LGBMRegressor(boosting_type='gbdt', class_weight=None, colsample_bytree=1.0,
              importance_type='split', learning_rate=0.1, max_depth=-1,
              min_child_samples=20, min_child_weight=0.001, min_split_gain=0.0,
              n_estimators=100, n_jobs=-1, num_leaves=31, objective=None,
              random_state=2335, reg_alpha=0.0, reg_lambda=0.0, silent=True,
              subsample=1.0, subsample_for_bin=200000, subsample_freq=0)
2021-04-21 07:19:11,661:INFO:create_models() succesfully completed......................................
2021-04-21 07:19:11,786:INFO:create_model_container: 17
2021-04-21 07:19:11,786:INFO:master_model_container: 17
2021-04-21 07:19:11,787:INFO:display_container: 2
2021-04-21 07:19:11,787:INFO:LGBMRegressor(boosting_type='gbdt', class_weight=None, colsample_bytree=1.0,
              importance_type='split', learning_rate=0.1, max_depth=-1,
              min_child_samples=20, min_child_weight=0.001, min_split_gain=0.0,
              n_estimators=100, n_jobs=-1, num_leaves=31, objective=None,
              random_state=2335, reg_alpha=0.0, reg_lambda=0.0, silent=True,
              subsample=1.0, subsample_for_bin=200000, subsample_freq=0)
2021-04-21 07:19:11,787:INFO:compare_models() succesfully completed......................................
2021-04-21 07:19:11,809:INFO:Initializing create_model()
2021-04-21 07:19:11,809:INFO:create_model(estimator=lightgbm, fold=None, round=4, cross_validation=True, predict=True, fit_kwargs=None, groups=None, refit=True, verbose=True, system=True, metrics=None, display=None, kwargs={})
2021-04-21 07:19:11,809:INFO:Checking exceptions
2021-04-21 07:19:11,809:INFO:Preparing display monitor
2021-04-21 07:19:11,832:INFO:Importing libraries
2021-04-21 07:19:11,832:INFO:Copying training dataset
2021-04-21 07:19:11,833:INFO:Defining folds
2021-04-21 07:19:11,834:INFO:Declaring metric variables
2021-04-21 07:19:11,844:INFO:Importing untrained model
2021-04-21 07:19:11,855:INFO:Light Gradient Boosting Machine Imported succesfully
2021-04-21 07:19:11,875:INFO:Starting cross validation
2021-04-21 07:19:11,877:INFO:Cross validating with KFold(n_splits=10, random_state=None, shuffle=False), n_jobs=-1
2021-04-21 07:19:12,251:INFO:Calculating mean and std
2021-04-21 07:19:12,252:INFO:Creating metrics dataframe
2021-04-21 07:19:12,262:INFO:Finalizing model
2021-04-21 07:19:12,358:INFO:Uploading results into container
2021-04-21 07:19:12,359:INFO:Uploading model into container now
2021-04-21 07:19:12,375:INFO:create_model_container: 18
2021-04-21 07:19:12,375:INFO:master_model_container: 18
2021-04-21 07:19:12,375:INFO:display_container: 3
2021-04-21 07:19:12,376:INFO:LGBMRegressor(boosting_type='gbdt', class_weight=None, colsample_bytree=1.0,
              importance_type='split', learning_rate=0.1, max_depth=-1,
              min_child_samples=20, min_child_weight=0.001, min_split_gain=0.0,
              n_estimators=100, n_jobs=-1, num_leaves=31, objective=None,
              random_state=2335, reg_alpha=0.0, reg_lambda=0.0, silent=True,
              subsample=1.0, subsample_for_bin=200000, subsample_freq=0)
2021-04-21 07:19:12,376:INFO:create_model() succesfully completed......................................
2021-04-21 07:19:12,462:INFO:Initializing tune_model()
2021-04-21 07:19:12,462:INFO:tune_model(estimator=LGBMRegressor(boosting_type='gbdt', class_weight=None, colsample_bytree=1.0,
              importance_type='split', learning_rate=0.1, max_depth=-1,
              min_child_samples=20, min_child_weight=0.001, min_split_gain=0.0,
              n_estimators=100, n_jobs=-1, num_leaves=31, objective=None,
              random_state=2335, reg_alpha=0.0, reg_lambda=0.0, silent=True,
              subsample=1.0, subsample_for_bin=200000, subsample_freq=0), fold=None, round=4, n_iter=50, custom_grid=None, optimize=mae, custom_scorer=None, search_library=scikit-learn, search_algorithm=None, early_stopping=False, early_stopping_max_iters=10, choose_better=False, fit_kwargs=None, groups=None, return_tuner=False, verbose=True, tuner_verbose=True, display=None, kwargs={})
2021-04-21 07:19:12,462:INFO:Checking exceptions
2021-04-21 07:19:12,462:INFO:Preparing display monitor
2021-04-21 07:19:12,482:INFO:Copying training dataset
2021-04-21 07:19:12,484:INFO:Checking base model
2021-04-21 07:19:12,484:INFO:Base model : Light Gradient Boosting Machine
2021-04-21 07:19:12,494:INFO:Declaring metric variables
2021-04-21 07:19:12,506:INFO:Defining Hyperparameters
2021-04-21 07:19:12,574:INFO:Tuning with n_jobs=-1
2021-04-21 07:19:12,574:INFO:Initializing RandomizedSearchCV
2021-04-21 07:19:24,230:INFO:best_params: {'actual_estimator__reg_lambda': 3, 'actual_estimator__reg_alpha': 5, 'actual_estimator__num_leaves': 50, 'actual_estimator__n_estimators': 230, 'actual_estimator__min_split_gain': 0, 'actual_estimator__min_child_samples': 81, 'actual_estimator__learning_rate': 0.3, 'actual_estimator__feature_fraction': 0.8, 'actual_estimator__bagging_freq': 7, 'actual_estimator__bagging_fraction': 0.9}
2021-04-21 07:19:24,231:INFO:Hyperparameter search completed
2021-04-21 07:19:24,231:INFO:SubProcess create_model() called ==================================
2021-04-21 07:19:24,232:INFO:Initializing create_model()
2021-04-21 07:19:24,232:INFO:create_model(estimator=LGBMRegressor(boosting_type='gbdt', class_weight=None, colsample_bytree=1.0,
              importance_type='split', learning_rate=0.1, max_depth=-1,
              min_child_samples=20, min_child_weight=0.001, min_split_gain=0.0,
              n_estimators=100, n_jobs=-1, num_leaves=31, objective=None,
              random_state=2335, reg_alpha=0.0, reg_lambda=0.0, silent=True,
              subsample=1.0, subsample_for_bin=200000, subsample_freq=0), fold=KFold(n_splits=10, random_state=None, shuffle=False), round=4, cross_validation=True, predict=True, fit_kwargs={}, groups=None, refit=True, verbose=True, system=False, metrics=None, display=<pycaret.internal.Display.Display object at 0x000001D9E82235E0>, kwargs={'reg_lambda': 3, 'reg_alpha': 5, 'num_leaves': 50, 'n_estimators': 230, 'min_split_gain': 0, 'min_child_samples': 81, 'learning_rate': 0.3, 'feature_fraction': 0.8, 'bagging_freq': 7, 'bagging_fraction': 0.9})
2021-04-21 07:19:24,232:INFO:Checking exceptions
2021-04-21 07:19:24,233:INFO:Importing libraries
2021-04-21 07:19:24,233:INFO:Copying training dataset
2021-04-21 07:19:24,234:INFO:Defining folds
2021-04-21 07:19:24,234:INFO:Declaring metric variables
2021-04-21 07:19:24,243:INFO:Importing untrained model
2021-04-21 07:19:24,243:INFO:Declaring custom model
2021-04-21 07:19:24,257:INFO:Light Gradient Boosting Machine Imported succesfully
2021-04-21 07:19:24,282:INFO:Starting cross validation
2021-04-21 07:19:24,284:INFO:Cross validating with KFold(n_splits=10, random_state=None, shuffle=False), n_jobs=-1
2021-04-21 07:19:24,660:INFO:Calculating mean and std
2021-04-21 07:19:24,661:INFO:Creating metrics dataframe
2021-04-21 07:19:24,672:INFO:Finalizing model
2021-04-21 07:19:24,777:INFO:Uploading results into container
2021-04-21 07:19:24,778:INFO:Uploading model into container now
2021-04-21 07:19:24,778:INFO:create_model_container: 19
2021-04-21 07:19:24,778:INFO:master_model_container: 19
2021-04-21 07:19:24,778:INFO:display_container: 4
2021-04-21 07:19:24,779:INFO:LGBMRegressor(bagging_fraction=0.9, bagging_freq=7, boosting_type='gbdt',
              class_weight=None, colsample_bytree=1.0, feature_fraction=0.8,
              importance_type='split', learning_rate=0.3, max_depth=-1,
              min_child_samples=81, min_child_weight=0.001, min_split_gain=0,
              n_estimators=230, n_jobs=-1, num_leaves=50, objective=None,
              random_state=2335, reg_alpha=5, reg_lambda=3, silent=True,
              subsample=1.0, subsample_for_bin=200000, subsample_freq=0)
2021-04-21 07:19:24,779:INFO:create_model() succesfully completed......................................
2021-04-21 07:19:24,844:INFO:SubProcess create_model() end ==================================
2021-04-21 07:19:24,862:INFO:create_model_container: 19
2021-04-21 07:19:24,862:INFO:master_model_container: 19
2021-04-21 07:19:24,863:INFO:display_container: 4
2021-04-21 07:19:24,864:INFO:LGBMRegressor(bagging_fraction=0.9, bagging_freq=7, boosting_type='gbdt',
              class_weight=None, colsample_bytree=1.0, feature_fraction=0.8,
              importance_type='split', learning_rate=0.3, max_depth=-1,
              min_child_samples=81, min_child_weight=0.001, min_split_gain=0,
              n_estimators=230, n_jobs=-1, num_leaves=50, objective=None,
              random_state=2335, reg_alpha=5, reg_lambda=3, silent=True,
              subsample=1.0, subsample_for_bin=200000, subsample_freq=0)
2021-04-21 07:19:24,864:INFO:tune_model() succesfully completed......................................
2021-04-21 07:19:24,979:INFO:Initializing plot_model()
2021-04-21 07:19:24,979:INFO:plot_model(plot=parameter, fold=None, use_train_data=False, verbose=True, is_in_evaluate=False, display=None, display_format=None, estimator=LGBMRegressor(boosting_type='gbdt', class_weight=None, colsample_bytree=1.0,
              importance_type='split', learning_rate=0.1, max_depth=-1,
              min_child_samples=20, min_child_weight=0.001, min_split_gain=0.0,
              n_estimators=100, n_jobs=-1, num_leaves=31, objective=None,
              random_state=2335, reg_alpha=0.0, reg_lambda=0.0, silent=True,
              subsample=1.0, subsample_for_bin=200000, subsample_freq=0), feature_name=None, fit_kwargs=None, groups=None, label=False, save=False, scale=1, system=True)
2021-04-21 07:19:24,979:INFO:Checking exceptions
2021-04-21 07:19:24,980:INFO:Preparing display monitor
2021-04-21 07:19:24,988:INFO:Preloading libraries
2021-04-21 07:19:25,002:INFO:Copying training dataset
2021-04-21 07:19:25,003:INFO:Copying test dataset
2021-04-21 07:19:25,003:INFO:Plot type: parameter
2021-04-21 07:19:25,068:INFO:Visual Rendered Successfully
2021-04-21 07:19:25,140:INFO:plot_model() succesfully completed......................................
2021-04-21 07:19:25,153:INFO:Initializing plot_model()
2021-04-21 07:19:25,153:INFO:plot_model(plot=parameter, fold=None, use_train_data=False, verbose=True, is_in_evaluate=False, display=None, display_format=None, estimator=LGBMRegressor(bagging_fraction=0.9, bagging_freq=7, boosting_type='gbdt',
              class_weight=None, colsample_bytree=1.0, feature_fraction=0.8,
              importance_type='split', learning_rate=0.3, max_depth=-1,
              min_child_samples=81, min_child_weight=0.001, min_split_gain=0,
              n_estimators=230, n_jobs=-1, num_leaves=50, objective=None,
              random_state=2335, reg_alpha=5, reg_lambda=3, silent=True,
              subsample=1.0, subsample_for_bin=200000, subsample_freq=0), feature_name=None, fit_kwargs=None, groups=None, label=False, save=False, scale=1, system=True)
2021-04-21 07:19:25,153:INFO:Checking exceptions
2021-04-21 07:19:25,153:INFO:Preparing display monitor
2021-04-21 07:19:25,164:INFO:Preloading libraries
2021-04-21 07:19:25,179:INFO:Copying training dataset
2021-04-21 07:19:25,181:INFO:Copying test dataset
2021-04-21 07:19:25,181:INFO:Plot type: parameter
2021-04-21 07:19:25,194:INFO:Visual Rendered Successfully
2021-04-21 07:19:25,267:INFO:plot_model() succesfully completed......................................
2021-04-21 07:19:25,277:INFO:Initializing plot_model()
2021-04-21 07:19:25,277:INFO:plot_model(plot=residuals, fold=None, use_train_data=False, verbose=True, is_in_evaluate=False, display=None, display_format=None, estimator=LGBMRegressor(bagging_fraction=0.9, bagging_freq=7, boosting_type='gbdt',
              class_weight=None, colsample_bytree=1.0, feature_fraction=0.8,
              importance_type='split', learning_rate=0.3, max_depth=-1,
              min_child_samples=81, min_child_weight=0.001, min_split_gain=0,
              n_estimators=230, n_jobs=-1, num_leaves=50, objective=None,
              random_state=2335, reg_alpha=5, reg_lambda=3, silent=True,
              subsample=1.0, subsample_for_bin=200000, subsample_freq=0), feature_name=None, fit_kwargs=None, groups=None, label=False, save=True, scale=1, system=True)
2021-04-21 07:19:25,277:INFO:Checking exceptions
2021-04-21 07:19:25,278:INFO:Preparing display monitor
2021-04-21 07:19:25,284:INFO:Preloading libraries
2021-04-21 07:19:25,296:INFO:Copying training dataset
2021-04-21 07:19:25,297:INFO:Copying test dataset
2021-04-21 07:19:25,297:INFO:Plot type: residuals
2021-04-21 07:19:25,351:INFO:Fitting Model
2021-04-21 07:19:25,412:INFO:Scoring test/hold-out set
2021-04-21 07:19:25,456:INFO:Saving 'Residuals.png' in current active directory
2021-04-21 07:19:25,907:INFO:Visual Rendered Successfully
2021-04-21 07:19:25,964:INFO:plot_model() succesfully completed......................................
2021-04-21 07:19:25,976:INFO:Initializing plot_model()
2021-04-21 07:19:25,976:INFO:plot_model(plot=error, fold=None, use_train_data=False, verbose=True, is_in_evaluate=False, display=None, display_format=None, estimator=LGBMRegressor(bagging_fraction=0.9, bagging_freq=7, boosting_type='gbdt',
              class_weight=None, colsample_bytree=1.0, feature_fraction=0.8,
              importance_type='split', learning_rate=0.3, max_depth=-1,
              min_child_samples=81, min_child_weight=0.001, min_split_gain=0,
              n_estimators=230, n_jobs=-1, num_leaves=50, objective=None,
              random_state=2335, reg_alpha=5, reg_lambda=3, silent=True,
              subsample=1.0, subsample_for_bin=200000, subsample_freq=0), feature_name=None, fit_kwargs=None, groups=None, label=False, save=True, scale=1, system=True)
2021-04-21 07:19:25,976:INFO:Checking exceptions
2021-04-21 07:19:25,977:INFO:Preparing display monitor
2021-04-21 07:19:25,983:INFO:Preloading libraries
2021-04-21 07:19:25,996:INFO:Copying training dataset
2021-04-21 07:19:25,997:INFO:Copying test dataset
2021-04-21 07:19:25,997:INFO:Plot type: error
2021-04-21 07:19:26,002:INFO:Fitting Model
2021-04-21 07:19:26,003:INFO:Scoring test/hold-out set
2021-04-21 07:19:26,036:INFO:Saving 'Prediction Error.png' in current active directory
2021-04-21 07:19:26,188:INFO:Visual Rendered Successfully
2021-04-21 07:19:26,243:INFO:plot_model() succesfully completed......................................
2021-04-21 07:19:26,277:INFO:Initializing plot_model()
2021-04-21 07:19:26,278:INFO:plot_model(plot=learning, fold=None, use_train_data=False, verbose=True, is_in_evaluate=False, display=None, display_format=None, estimator=LGBMRegressor(bagging_fraction=0.9, bagging_freq=7, boosting_type='gbdt',
              class_weight=None, colsample_bytree=1.0, feature_fraction=0.8,
              importance_type='split', learning_rate=0.3, max_depth=-1,
              min_child_samples=81, min_child_weight=0.001, min_split_gain=0,
              n_estimators=230, n_jobs=-1, num_leaves=50, objective=None,
              random_state=2335, reg_alpha=5, reg_lambda=3, silent=True,
              subsample=1.0, subsample_for_bin=200000, subsample_freq=0), feature_name=None, fit_kwargs=None, groups=None, label=False, save=True, scale=1, system=True)
2021-04-21 07:19:26,278:INFO:Checking exceptions
2021-04-21 07:19:26,278:INFO:Preparing display monitor
2021-04-21 07:19:26,285:INFO:Preloading libraries
2021-04-21 07:19:26,298:INFO:Copying training dataset
2021-04-21 07:19:26,298:INFO:Copying test dataset
2021-04-21 07:19:26,299:INFO:Plot type: learning
2021-04-21 07:19:26,309:INFO:Fitting Model
2021-04-21 07:19:28,851:INFO:Saving 'Learning Curve.png' in current active directory
2021-04-21 07:19:29,001:INFO:Visual Rendered Successfully
2021-04-21 07:19:29,089:INFO:plot_model() succesfully completed......................................
2021-04-21 07:19:29,101:INFO:Initializing plot_model()
2021-04-21 07:19:29,101:INFO:plot_model(plot=vc, fold=None, use_train_data=False, verbose=True, is_in_evaluate=False, display=None, display_format=None, estimator=LGBMRegressor(bagging_fraction=0.9, bagging_freq=7, boosting_type='gbdt',
              class_weight=None, colsample_bytree=1.0, feature_fraction=0.8,
              importance_type='split', learning_rate=0.3, max_depth=-1,
              min_child_samples=81, min_child_weight=0.001, min_split_gain=0,
              n_estimators=230, n_jobs=-1, num_leaves=50, objective=None,
              random_state=2335, reg_alpha=5, reg_lambda=3, silent=True,
              subsample=1.0, subsample_for_bin=200000, subsample_freq=0), feature_name=None, fit_kwargs=None, groups=None, label=False, save=True, scale=1, system=True)
2021-04-21 07:19:29,101:INFO:Checking exceptions
2021-04-21 07:19:29,102:INFO:Preparing display monitor
2021-04-21 07:19:29,113:INFO:Preloading libraries
2021-04-21 07:19:29,127:INFO:Copying training dataset
2021-04-21 07:19:29,129:INFO:Copying test dataset
2021-04-21 07:19:29,129:INFO:Plot type: vc
2021-04-21 07:19:29,132:INFO:Determining param_name
2021-04-21 07:19:29,132:INFO:param_name: actual_estimator__max_depth
2021-04-21 07:19:29,135:INFO:Fitting Model
2021-04-21 07:19:32,858:INFO:Saving 'Validation Curve.png' in current active directory
2021-04-21 07:19:32,958:INFO:Visual Rendered Successfully
2021-04-21 07:19:33,013:INFO:plot_model() succesfully completed......................................
2021-04-21 07:19:33,027:INFO:Initializing interpret_model()
2021-04-21 07:19:33,028:INFO:interpret_model(estimator=LGBMRegressor(bagging_fraction=0.9, bagging_freq=7, boosting_type='gbdt',
              class_weight=None, colsample_bytree=1.0, feature_fraction=0.8,
              importance_type='split', learning_rate=0.3, max_depth=-1,
              min_child_samples=81, min_child_weight=0.001, min_split_gain=0,
              n_estimators=230, n_jobs=-1, num_leaves=50, objective=None,
              random_state=2335, reg_alpha=5, reg_lambda=3, silent=True,
              subsample=1.0, subsample_for_bin=200000, subsample_freq=0), use_train_data=False, feature=None, kwargs={}, observation=None, plot=summary, save=True)
2021-04-21 07:19:33,028:INFO:Checking exceptions
2021-04-21 07:19:33,143:INFO:plot type: summary
2021-04-21 07:19:33,143:INFO:Creating TreeExplainer
2021-04-21 07:19:33,199:INFO:Compiling shap values
2021-04-21 07:19:33,967:INFO:Visual Rendered Successfully
2021-04-21 07:19:33,967:INFO:interpret_model() succesfully completed......................................
2021-04-21 07:19:34,340:INFO:Initializing interpret_model()
2021-04-21 07:19:34,340:INFO:interpret_model(estimator=LGBMRegressor(bagging_fraction=0.9, bagging_freq=7, boosting_type='gbdt',
              class_weight=None, colsample_bytree=1.0, feature_fraction=0.8,
              importance_type='split', learning_rate=0.3, max_depth=-1,
              min_child_samples=81, min_child_weight=0.001, min_split_gain=0,
              n_estimators=230, n_jobs=-1, num_leaves=50, objective=None,
              random_state=2335, reg_alpha=5, reg_lambda=3, silent=True,
              subsample=1.0, subsample_for_bin=200000, subsample_freq=0), use_train_data=False, feature=None, kwargs={}, observation=10, plot=reason, save=True)
2021-04-21 07:19:34,341:INFO:Checking exceptions
2021-04-21 07:19:34,341:INFO:plot type: reason
2021-04-21 07:19:34,341:INFO:model type detected: type 2
2021-04-21 07:19:34,341:INFO:Creating TreeExplainer
2021-04-21 07:19:34,399:INFO:Compiling shap values
2021-04-21 07:19:34,464:INFO:Visual Rendered Successfully
2021-04-21 07:19:34,464:INFO:interpret_model() succesfully completed......................................
2021-04-21 07:19:34,563:INFO:Initializing predict_model()
2021-04-21 07:19:34,563:INFO:predict_model(estimator=LGBMRegressor(bagging_fraction=0.9, bagging_freq=7, boosting_type='gbdt',
              class_weight=None, colsample_bytree=1.0, feature_fraction=0.8,
              importance_type='split', learning_rate=0.3, max_depth=-1,
              min_child_samples=81, min_child_weight=0.001, min_split_gain=0,
              n_estimators=230, n_jobs=-1, num_leaves=50, objective=None,
              random_state=2335, reg_alpha=5, reg_lambda=3, silent=True,
              subsample=1.0, subsample_for_bin=200000, subsample_freq=0), probability_threshold=None, encoded_labels=True, raw_score=False, round=4, verbose=True, ml_usecase=MLUsecase.REGRESSION, display=None)
2021-04-21 07:19:34,563:INFO:Checking exceptions
2021-04-21 07:19:34,563:INFO:Preloading libraries
2021-04-21 07:19:34,564:INFO:Preparing display monitor
2021-04-21 07:19:34,704:INFO:Initializing finalize_model()
2021-04-21 07:19:34,704:INFO:finalize_model(estimator=LGBMRegressor(bagging_fraction=0.9, bagging_freq=7, boosting_type='gbdt',
              class_weight=None, colsample_bytree=1.0, feature_fraction=0.8,
              importance_type='split', learning_rate=0.3, max_depth=-1,
              min_child_samples=81, min_child_weight=0.001, min_split_gain=0,
              n_estimators=230, n_jobs=-1, num_leaves=50, objective=None,
              random_state=2335, reg_alpha=5, reg_lambda=3, silent=True,
              subsample=1.0, subsample_for_bin=200000, subsample_freq=0), fit_kwargs=None, groups=None, model_only=True, display=None)
2021-04-21 07:19:34,705:INFO:Finalizing LGBMRegressor(bagging_fraction=0.9, bagging_freq=7, boosting_type='gbdt',
              class_weight=None, colsample_bytree=1.0, feature_fraction=0.8,
              importance_type='split', learning_rate=0.3, max_depth=-1,
              min_child_samples=81, min_child_weight=0.001, min_split_gain=0,
              n_estimators=230, n_jobs=-1, num_leaves=50, objective=None,
              random_state=2335, reg_alpha=5, reg_lambda=3, silent=True,
              subsample=1.0, subsample_for_bin=200000, subsample_freq=0)
2021-04-21 07:19:34,705:INFO:Initializing create_model()
2021-04-21 07:19:34,706:INFO:create_model(estimator=LGBMRegressor(bagging_fraction=0.9, bagging_freq=7, boosting_type='gbdt',
              class_weight=None, colsample_bytree=1.0, feature_fraction=0.8,
              importance_type='split', learning_rate=0.3, max_depth=-1,
              min_child_samples=81, min_child_weight=0.001, min_split_gain=0,
              n_estimators=230, n_jobs=-1, num_leaves=50, objective=None,
              random_state=2335, reg_alpha=5, reg_lambda=3, silent=True,
              subsample=1.0, subsample_for_bin=200000, subsample_freq=0), fold=None, round=4, cross_validation=True, predict=True, fit_kwargs={}, groups=None, refit=True, verbose=False, system=False, metrics=None, display=None, kwargs={})
2021-04-21 07:19:34,706:INFO:Checking exceptions
2021-04-21 07:19:34,706:INFO:Importing libraries
2021-04-21 07:19:34,706:INFO:Copying training dataset
2021-04-21 07:19:34,707:INFO:Defining folds
2021-04-21 07:19:34,707:INFO:Declaring metric variables
2021-04-21 07:19:34,707:INFO:Importing untrained model
2021-04-21 07:19:34,707:INFO:Declaring custom model
2021-04-21 07:19:34,708:INFO:Light Gradient Boosting Machine Imported succesfully
2021-04-21 07:19:34,708:INFO:Starting cross validation
2021-04-21 07:19:34,709:INFO:Cross validating with KFold(n_splits=10, random_state=None, shuffle=False), n_jobs=-1
2021-04-21 07:19:35,262:INFO:Calculating mean and std
2021-04-21 07:19:35,262:INFO:Creating metrics dataframe
2021-04-21 07:19:35,265:INFO:Finalizing model
2021-04-21 07:19:35,425:INFO:Uploading results into container
2021-04-21 07:19:35,425:INFO:Uploading model into container now
2021-04-21 07:19:35,425:INFO:create_model_container: 20
2021-04-21 07:19:35,425:INFO:master_model_container: 20
2021-04-21 07:19:35,425:INFO:display_container: 6
2021-04-21 07:19:35,426:INFO:LGBMRegressor(bagging_fraction=0.9, bagging_freq=7, boosting_type='gbdt',
              class_weight=None, colsample_bytree=1.0, feature_fraction=0.8,
              importance_type='split', learning_rate=0.3, max_depth=-1,
              min_child_samples=81, min_child_weight=0.001, min_split_gain=0,
              n_estimators=230, n_jobs=-1, num_leaves=50, objective=None,
              random_state=2335, reg_alpha=5, reg_lambda=3, silent=True,
              subsample=1.0, subsample_for_bin=200000, subsample_freq=0)
2021-04-21 07:19:35,426:INFO:create_model() succesfully completed......................................
2021-04-21 07:19:35,493:INFO:create_model_container: 20
2021-04-21 07:19:35,493:INFO:master_model_container: 20
2021-04-21 07:19:35,493:INFO:display_container: 5
2021-04-21 07:19:35,493:INFO:LGBMRegressor(bagging_fraction=0.9, bagging_freq=7, boosting_type='gbdt',
              class_weight=None, colsample_bytree=1.0, feature_fraction=0.8,
              importance_type='split', learning_rate=0.3, max_depth=-1,
              min_child_samples=81, min_child_weight=0.001, min_split_gain=0,
              n_estimators=230, n_jobs=-1, num_leaves=50, objective=None,
              random_state=2335, reg_alpha=5, reg_lambda=3, silent=True,
              subsample=1.0, subsample_for_bin=200000, subsample_freq=0)
2021-04-21 07:19:35,493:INFO:finalize_model() succesfully completed......................................
2021-04-21 07:19:35,594:INFO:Initializing predict_model()
2021-04-21 07:19:35,594:INFO:predict_model(estimator=LGBMRegressor(bagging_fraction=0.9, bagging_freq=7, boosting_type='gbdt',
              class_weight=None, colsample_bytree=1.0, feature_fraction=0.8,
              importance_type='split', learning_rate=0.3, max_depth=-1,
              min_child_samples=81, min_child_weight=0.001, min_split_gain=0,
              n_estimators=230, n_jobs=-1, num_leaves=50, objective=None,
              random_state=2335, reg_alpha=5, reg_lambda=3, silent=True,
              subsample=1.0, subsample_for_bin=200000, subsample_freq=0), probability_threshold=None, encoded_labels=True, raw_score=False, round=4, verbose=True, ml_usecase=MLUsecase.REGRESSION, display=None)
2021-04-21 07:19:35,594:INFO:Checking exceptions
2021-04-21 07:19:35,595:INFO:Preloading libraries
2021-04-21 07:19:35,595:INFO:Preparing display monitor
